[ 2014-07-08T18:53:21+08:00 ] 127.0.0.1 /php_demo/shizhan/10/10wish/
INFO: [ app_begin ] --START--
INFO: ReadHtmlCache Behavior ::run [ RunTime:0.011000s ]
INFO: [ app_begin ] --END-- [ RunTime:0.022002s ]
INFO: [ view_parse ] --START--
INFO: ParseTemplate Behavior ::run [ RunTime:0.075004s ]
INFO: [ view_parse ] --END-- [ RunTime:0.081004s ]
INFO: [ view_filter ] --START--
NOTIC: [8] Use of undefined constant APP_TMPL_PATH - assumed 'APP_TMPL_PATH' D:\Dropbox-List\Net\Dropbox\WebDev\xampp\htdocs\php_demo\shizhan\10\10wish\ThinkPHP\Lib\Behavior\ContentReplaceBehavior.class.php 第 40 行.
NOTIC: [8] Use of undefined constant APP_TMPL_PATH - assumed 'APP_TMPL_PATH' D:\Dropbox-List\Net\Dropbox\WebDev\xampp\htdocs\php_demo\shizhan\10\10wish\ThinkPHP\Lib\Behavior\ContentReplaceBehavior.class.php 第 47 行.
INFO: ContentReplace Behavior ::run [ RunTime:0.010000s ]
INFO: TokenBuild Behavior ::run [ RunTime:0.011001s ]
INFO: WriteHtmlCache Behavior ::run [ RunTime:0.004000s ]
INFO: ShowRuntime Behavior ::run [ RunTime:0.010001s ]
INFO: [ view_filter ] --END-- [ RunTime:0.048003s ]
INFO: [ view_end ] --START--
INFO: ShowPageTrace Behavior ::run [ RunTime:0.008000s ]
INFO: [ view_end ] --END-- [ RunTime:0.013000s ]

[ 2014-07-08T18:55:47+08:00 ] 127.0.0.1 /php_demo/shizhan/10/10wish/
INFO: [ app_begin ] --START--
INFO: ReadHtmlCache Behavior ::run [ RunTime:0.008000s ]
INFO: [ app_begin ] --END-- [ RunTime:0.013001s ]
INFO: [ view_parse ] --START--
INFO: ParseTemplate Behavior ::run [ RunTime:0.066004s ]
INFO: [ view_parse ] --END-- [ RunTime:0.075004s ]
INFO: [ view_filter ] --START--
NOTIC: [8] Use of undefined constant APP_TMPL_PATH - assumed 'APP_TMPL_PATH' D:\Dropbox-List\Net\Dropbox\WebDev\xampp\htdocs\php_demo\shizhan\10\10wish\ThinkPHP\Lib\Behavior\ContentReplaceBehavior.class.php 第 40 行.
NOTIC: [8] Use of undefined constant APP_TMPL_PATH - assumed 'APP_TMPL_PATH' D:\Dropbox-List\Net\Dropbox\WebDev\xampp\htdocs\php_demo\shizhan\10\10wish\ThinkPHP\Lib\Behavior\ContentReplaceBehavior.class.php 第 47 行.
INFO: ContentReplace Behavior ::run [ RunTime:0.012001s ]
INFO: TokenBuild Behavior ::run [ RunTime:0.013001s ]
INFO: WriteHtmlCache Behavior ::run [ RunTime:0.007001s ]
INFO: ShowRuntime Behavior ::run [ RunTime:0.011000s ]
INFO: [ view_filter ] --END-- [ RunTime:0.058004s ]
INFO: [ view_end ] --START--
INFO: ShowPageTrace Behavior ::run [ RunTime:0.008000s ]
INFO: [ view_end ] --END-- [ RunTime:0.013001s ]

[ 2014-07-08T18:56:08+08:00 ] 127.0.0.1 /php_demo/shizhan/10/10wish/
INFO: [ app_begin ] --START--
INFO: ReadHtmlCache Behavior ::run [ RunTime:0.009000s ]
INFO: [ app_begin ] --END-- [ RunTime:0.013001s ]
INFO: [ view_parse ] --START--
INFO: ParseTemplate Behavior ::run [ RunTime:0.026001s ]
INFO: [ view_parse ] --END-- [ RunTime:0.030002s ]
INFO: [ view_filter ] --START--
NOTIC: [8] Use of undefined constant APP_TMPL_PATH - assumed 'APP_TMPL_PATH' D:\Dropbox-List\Net\Dropbox\WebDev\xampp\htdocs\php_demo\shizhan\10\10wish\ThinkPHP\Lib\Behavior\ContentReplaceBehavior.class.php 第 40 行.
NOTIC: [8] Use of undefined constant APP_TMPL_PATH - assumed 'APP_TMPL_PATH' D:\Dropbox-List\Net\Dropbox\WebDev\xampp\htdocs\php_demo\shizhan\10\10wish\ThinkPHP\Lib\Behavior\ContentReplaceBehavior.class.php 第 47 行.
INFO: ContentReplace Behavior ::run [ RunTime:0.010000s ]
INFO: TokenBuild Behavior ::run [ RunTime:0.008000s ]
INFO: WriteHtmlCache Behavior ::run [ RunTime:0.004000s ]
INFO: ShowRuntime Behavior ::run [ RunTime:0.011000s ]
INFO: [ view_filter ] --END-- [ RunTime:0.046002s ]
INFO: [ view_end ] --START--
INFO: ShowPageTrace Behavior ::run [ RunTime:0.008000s ]
INFO: [ view_end ] --END-- [ RunTime:0.013000s ]

[ 2014-07-08T19:01:51+08:00 ] 127.0.0.1 /php_demo/shizhan/10/10wish/
INFO: [ app_begin ] --START--
INFO: ReadHtmlCache Behavior ::run [ RunTime:0.008000s ]
INFO: [ app_begin ] --END-- [ RunTime:0.013001s ]
INFO: [ view_parse ] --START--
INFO: ParseTemplate Behavior ::run [ RunTime:0.025002s ]
INFO: [ view_parse ] --END-- [ RunTime:0.030002s ]
INFO: [ view_filter ] --START--
NOTIC: [8] Use of undefined constant APP_TMPL_PATH - assumed 'APP_TMPL_PATH' D:\Dropbox-List\Net\Dropbox\WebDev\xampp\htdocs\php_demo\shizhan\10\10wish\ThinkPHP\Lib\Behavior\ContentReplaceBehavior.class.php 第 40 行.
NOTIC: [8] Use of undefined constant APP_TMPL_PATH - assumed 'APP_TMPL_PATH' D:\Dropbox-List\Net\Dropbox\WebDev\xampp\htdocs\php_demo\shizhan\10\10wish\ThinkPHP\Lib\Behavior\ContentReplaceBehavior.class.php 第 47 行.
INFO: ContentReplace Behavior ::run [ RunTime:0.011001s ]
INFO: TokenBuild Behavior ::run [ RunTime:0.008000s ]
INFO: WriteHtmlCache Behavior ::run [ RunTime:0.003001s ]
INFO: ShowRuntime Behavior ::run [ RunTime:0.011000s ]
INFO: [ view_filter ] --END-- [ RunTime:0.045003s ]
INFO: [ view_end ] --START--
INFO: ShowPageTrace Behavior ::run [ RunTime:0.008000s ]
INFO: [ view_end ] --END-- [ RunTime:0.012000s ]

[ 2014-07-08T19:04:14+08:00 ] 127.0.0.1 /php_demo/shizhan/10/10wish/index.php/Admin
INFO: [ route_check ] --START--
INFO: CheckRoute Behavior ::run [ RunTime:0.007001s ]
INFO: [ route_check ] --END-- [ RunTime:0.011001s ]
INFO: [ app_begin ] --START--
INFO: ReadHtmlCache Behavior ::run [ RunTime:0.008000s ]
INFO: [ app_begin ] --END-- [ RunTime:0.012000s ]

[ 2014-07-08T19:04:28+08:00 ] 127.0.0.1 /php_demo/shizhan/10/10wish/index.php/Home
INFO: [ route_check ] --START--
INFO: CheckRoute Behavior ::run [ RunTime:0.007000s ]
INFO: [ route_check ] --END-- [ RunTime:0.011000s ]
INFO: [ app_begin ] --START--
INFO: ReadHtmlCache Behavior ::run [ RunTime:0.008000s ]
INFO: [ app_begin ] --END-- [ RunTime:0.013001s ]
INFO: [ view_parse ] --START--
INFO: ParseTemplate Behavior ::run [ RunTime:0.026002s ]
INFO: [ view_parse ] --END-- [ RunTime:0.031002s ]
INFO: [ view_filter ] --START--
NOTIC: [8] Use of undefined constant APP_TMPL_PATH - assumed 'APP_TMPL_PATH' D:\Dropbox-List\Net\Dropbox\WebDev\xampp\htdocs\php_demo\shizhan\10\10wish\ThinkPHP\Lib\Behavior\ContentReplaceBehavior.class.php 第 40 行.
NOTIC: [8] Use of undefined constant APP_TMPL_PATH - assumed 'APP_TMPL_PATH' D:\Dropbox-List\Net\Dropbox\WebDev\xampp\htdocs\php_demo\shizhan\10\10wish\ThinkPHP\Lib\Behavior\ContentReplaceBehavior.class.php 第 47 行.
INFO: ContentReplace Behavior ::run [ RunTime:0.010001s ]
INFO: TokenBuild Behavior ::run [ RunTime:0.009000s ]
INFO: WriteHtmlCache Behavior ::run [ RunTime:0.004001s ]
INFO: ShowRuntime Behavior ::run [ RunTime:0.011000s ]
INFO: [ view_filter ] --END-- [ RunTime:0.046003s ]
INFO: [ view_end ] --START--
INFO: ShowPageTrace Behavior ::run [ RunTime:0.007000s ]
INFO: [ view_end ] --END-- [ RunTime:0.012001s ]

[ 2014-07-08T19:05:17+08:00 ] 127.0.0.1 /php_demo/shizhan/10/10wish/index.php/
INFO: [ route_check ] --START--
INFO: CheckRoute Behavior ::run [ RunTime:0.006000s ]
INFO: [ route_check ] --END-- [ RunTime:0.011001s ]
INFO: [ app_begin ] --START--
INFO: ReadHtmlCache Behavior ::run [ RunTime:0.009000s ]
INFO: [ app_begin ] --END-- [ RunTime:0.014001s ]
INFO: [ view_parse ] --START--
INFO: ParseTemplate Behavior ::run [ RunTime:0.027002s ]
INFO: [ view_parse ] --END-- [ RunTime:0.031002s ]
INFO: [ view_filter ] --START--
NOTIC: [8] Use of undefined constant APP_TMPL_PATH - assumed 'APP_TMPL_PATH' D:\Dropbox-List\Net\Dropbox\WebDev\xampp\htdocs\php_demo\shizhan\10\10wish\ThinkPHP\Lib\Behavior\ContentReplaceBehavior.class.php 第 40 行.
NOTIC: [8] Use of undefined constant APP_TMPL_PATH - assumed 'APP_TMPL_PATH' D:\Dropbox-List\Net\Dropbox\WebDev\xampp\htdocs\php_demo\shizhan\10\10wish\ThinkPHP\Lib\Behavior\ContentReplaceBehavior.class.php 第 47 行.
INFO: ContentReplace Behavior ::run [ RunTime:0.010001s ]
INFO: TokenBuild Behavior ::run [ RunTime:0.008000s ]
INFO: WriteHtmlCache Behavior ::run [ RunTime:0.004001s ]
INFO: ShowRuntime Behavior ::run [ RunTime:0.011000s ]
INFO: [ view_filter ] --END-- [ RunTime:0.045003s ]
INFO: [ view_end ] --START--
INFO: ShowPageTrace Behavior ::run [ RunTime:0.008000s ]
INFO: [ view_end ] --END-- [ RunTime:0.012001s ]

[ 2014-07-08T19:07:35+08:00 ] 127.0.0.1 /php_demo/shizhan/10/10wish/index.php/
INFO: [ route_check ] --START--
INFO: CheckRoute Behavior ::run [ RunTime:0.005001s ]
INFO: [ route_check ] --END-- [ RunTime:0.010001s ]
INFO: [ app_begin ] --START--
INFO: ReadHtmlCache Behavior ::run [ RunTime:0.008001s ]
INFO: [ app_begin ] --END-- [ RunTime:0.012001s ]
INFO: [ view_parse ] --START--
INFO: ParseTemplate Behavior ::run [ RunTime:0.026002s ]
INFO: [ view_parse ] --END-- [ RunTime:0.031002s ]
INFO: [ view_filter ] --START--
NOTIC: [8] Use of undefined constant APP_TMPL_PATH - assumed 'APP_TMPL_PATH' D:\Dropbox-List\Net\Dropbox\WebDev\xampp\htdocs\php_demo\shizhan\10\10wish\ThinkPHP\Lib\Behavior\ContentReplaceBehavior.class.php 第 40 行.
NOTIC: [8] Use of undefined constant APP_TMPL_PATH - assumed 'APP_TMPL_PATH' D:\Dropbox-List\Net\Dropbox\WebDev\xampp\htdocs\php_demo\shizhan\10\10wish\ThinkPHP\Lib\Behavior\ContentReplaceBehavior.class.php 第 47 行.
INFO: ContentReplace Behavior ::run [ RunTime:0.011001s ]
INFO: TokenBuild Behavior ::run [ RunTime:0.009001s ]
INFO: WriteHtmlCache Behavior ::run [ RunTime:0.004000s ]
INFO: ShowRuntime Behavior ::run [ RunTime:0.010001s ]
INFO: [ view_filter ] --END-- [ RunTime:0.046003s ]
INFO: [ view_end ] --START--
INFO: ShowPageTrace Behavior ::run [ RunTime:0.007001s ]
INFO: [ view_end ] --END-- [ RunTime:0.012001s ]

[ 2014-07-08T19:08:41+08:00 ] 127.0.0.1 /php_demo/shizhan/10/10wish/index.php/
INFO: [ route_check ] --START--
INFO: CheckRoute Behavior ::run [ RunTime:0.006000s ]
INFO: [ route_check ] --END-- [ RunTime:0.011000s ]
INFO: [ app_begin ] --START--
INFO: ReadHtmlCache Behavior ::run [ RunTime:0.008000s ]
INFO: [ app_begin ] --END-- [ RunTime:0.013000s ]

[ 2014-07-08T19:09:49+08:00 ] 127.0.0.1 /php_demo/shizhan/10/10wish/index.php/
INFO: [ route_check ] --START--
INFO: CheckRoute Behavior ::run [ RunTime:0.005001s ]
INFO: [ route_check ] --END-- [ RunTime:0.010001s ]
INFO: [ app_begin ] --START--
INFO: ReadHtmlCache Behavior ::run [ RunTime:0.008000s ]
INFO: [ app_begin ] --END-- [ RunTime:0.012001s ]
NOTIC: [2] Missing argument 1 for Action::show(), called in D:\Dropbox-List\Net\Dropbox\WebDev\xampp\htdocs\php_demo\shizhan\10\10wish\APP\Lib\Action\Home\IndexAction.class.php on line 7 and defined D:\Dropbox-List\Net\Dropbox\WebDev\xampp\htdocs\php_demo\shizhan\10\10wish\ThinkPHP\Lib\Core\Action.class.php 第 107 行.
NOTIC: [8] Undefined variable: content D:\Dropbox-List\Net\Dropbox\WebDev\xampp\htdocs\php_demo\shizhan\10\10wish\ThinkPHP\Lib\Core\Action.class.php 第 108 行.
ERR: 模板不存在[./APP/Tpl/Home/Index/index.html]

[ 2014-07-08T19:10:05+08:00 ] 127.0.0.1 /php_demo/shizhan/10/10wish/index.php/
INFO: [ route_check ] --START--
INFO: CheckRoute Behavior ::run [ RunTime:0.005001s ]
INFO: [ route_check ] --END-- [ RunTime:0.009001s ]
INFO: [ app_begin ] --START--
INFO: ReadHtmlCache Behavior ::run [ RunTime:0.008001s ]
INFO: [ app_begin ] --END-- [ RunTime:0.012001s ]
NOTIC: [2] Missing argument 1 for Action::show(), called in D:\Dropbox-List\Net\Dropbox\WebDev\xampp\htdocs\php_demo\shizhan\10\10wish\APP\Lib\Action\Home\IndexAction.class.php on line 7 and defined D:\Dropbox-List\Net\Dropbox\WebDev\xampp\htdocs\php_demo\shizhan\10\10wish\ThinkPHP\Lib\Core\Action.class.php 第 107 行.
NOTIC: [8] Undefined variable: content D:\Dropbox-List\Net\Dropbox\WebDev\xampp\htdocs\php_demo\shizhan\10\10wish\ThinkPHP\Lib\Core\Action.class.php 第 108 行.
INFO: [ view_parse ] --START--
INFO: ParseTemplate Behavior ::run [ RunTime:0.063003s ]
INFO: [ view_parse ] --END-- [ RunTime:0.068003s ]
INFO: [ view_filter ] --START--
INFO: ContentReplace Behavior ::run [ RunTime:0.011000s ]
INFO: TokenBuild Behavior ::run [ RunTime:0.009000s ]
INFO: WriteHtmlCache Behavior ::run [ RunTime:0.004000s ]
INFO: ShowRuntime Behavior ::run [ RunTime:0.011000s ]
INFO: [ view_filter ] --END-- [ RunTime:0.049002s ]
INFO: [ view_end ] --START--
INFO: ShowPageTrace Behavior ::run [ RunTime:0.007000s ]
INFO: [ view_end ] --END-- [ RunTime:0.012000s ]

[ 2014-07-08T19:10:06+08:00 ] 127.0.0.1 /php_demo/shizhan/10/10wish/index.php/Js/index.js
INFO: [ route_check ] --START--
INFO: CheckRoute Behavior ::run [ RunTime:0.070004s ]
INFO: [ route_check ] --END-- [ RunTime:0.085005s ]
INFO: [ app_begin ] --START--
INFO: ReadHtmlCache Behavior ::run [ RunTime:0.046003s ]
INFO: [ app_begin ] --END-- [ RunTime:0.057003s ]
ERR: 无法加载模块:Js

[ 2014-07-08T19:10:06+08:00 ] 127.0.0.1 /php_demo/shizhan/10/10wish/index.php/Js/jquery-1.7.2.min.js
INFO: [ route_check ] --START--
INFO: CheckRoute Behavior ::run [ RunTime:0.028002s ]
INFO: [ route_check ] --END-- [ RunTime:0.065004s ]
INFO: [ app_begin ] --START--
INFO: ReadHtmlCache Behavior ::run [ RunTime:0.024001s ]
INFO: [ app_begin ] --END-- [ RunTime:0.035002s ]
ERR: 无法加载模块:Js

[ 2014-07-08T19:10:59+08:00 ] 127.0.0.1 /php_demo/shizhan/10/10wish/index.php/
INFO: [ route_check ] --START--
INFO: CheckRoute Behavior ::run [ RunTime:0.005000s ]
INFO: [ route_check ] --END-- [ RunTime:0.011001s ]
INFO: [ app_begin ] --START--
INFO: ReadHtmlCache Behavior ::run [ RunTime:0.009001s ]
INFO: [ app_begin ] --END-- [ RunTime:0.013001s ]
NOTIC: [2] Missing argument 1 for Action::show(), called in D:\Dropbox-List\Net\Dropbox\WebDev\xampp\htdocs\php_demo\shizhan\10\10wish\APP\Lib\Action\Home\IndexAction.class.php on line 7 and defined D:\Dropbox-List\Net\Dropbox\WebDev\xampp\htdocs\php_demo\shizhan\10\10wish\ThinkPHP\Lib\Core\Action.class.php 第 107 行.
NOTIC: [8] Undefined variable: content D:\Dropbox-List\Net\Dropbox\WebDev\xampp\htdocs\php_demo\shizhan\10\10wish\ThinkPHP\Lib\Core\Action.class.php 第 108 行.
INFO: [ view_parse ] --START--
INFO: ParseTemplate Behavior ::run [ RunTime:0.076004s ]
INFO: [ view_parse ] --END-- [ RunTime:0.081004s ]
INFO: [ view_filter ] --START--
INFO: ContentReplace Behavior ::run [ RunTime:0.010001s ]
INFO: TokenBuild Behavior ::run [ RunTime:0.009000s ]
INFO: WriteHtmlCache Behavior ::run [ RunTime:0.004001s ]
INFO: ShowRuntime Behavior ::run [ RunTime:0.012000s ]
INFO: [ view_filter ] --END-- [ RunTime:0.050003s ]
INFO: [ view_end ] --START--
INFO: ShowPageTrace Behavior ::run [ RunTime:0.007000s ]
INFO: [ view_end ] --END-- [ RunTime:0.012001s ]

[ 2014-07-08T19:11:00+08:00 ] 127.0.0.1 /php_demo/shizhan/10/10wish/index.php/Js/jquery-1.7.2.min.js
INFO: [ route_check ] --START--
INFO: CheckRoute Behavior ::run [ RunTime:0.039002s ]
INFO: [ route_check ] --END-- [ RunTime:0.137008s ]
INFO: [ app_begin ] --START--
INFO: ReadHtmlCache Behavior ::run [ RunTime:0.037002s ]
INFO: [ app_begin ] --END-- [ RunTime:0.048003s ]
ERR: 无法加载模块:Js

[ 2014-07-08T19:11:00+08:00 ] 127.0.0.1 /php_demo/shizhan/10/10wish/index.php/Js/index.js
INFO: [ route_check ] --START--
INFO: CheckRoute Behavior ::run [ RunTime:0.039002s ]
INFO: [ route_check ] --END-- [ RunTime:0.118007s ]
INFO: [ app_begin ] --START--
INFO: ReadHtmlCache Behavior ::run [ RunTime:0.016001s ]
INFO: [ app_begin ] --END-- [ RunTime:0.023002s ]
ERR: 无法加载模块:Js

[ 2014-07-08T19:12:44+08:00 ] 127.0.0.1 /php_demo/shizhan/10/10wish/index.php/
INFO: [ route_check ] --START--
INFO: CheckRoute Behavior ::run [ RunTime:0.006000s ]
INFO: [ route_check ] --END-- [ RunTime:0.010000s ]
INFO: [ app_begin ] --START--
INFO: ReadHtmlCache Behavior ::run [ RunTime:0.008001s ]
INFO: [ app_begin ] --END-- [ RunTime:0.013001s ]
NOTIC: [2] Missing argument 1 for Action::show(), called in D:\Dropbox-List\Net\Dropbox\WebDev\xampp\htdocs\php_demo\shizhan\10\10wish\APP\Lib\Action\Home\IndexAction.class.php on line 7 and defined D:\Dropbox-List\Net\Dropbox\WebDev\xampp\htdocs\php_demo\shizhan\10\10wish\ThinkPHP\Lib\Core\Action.class.php 第 107 行.
NOTIC: [8] Undefined variable: content D:\Dropbox-List\Net\Dropbox\WebDev\xampp\htdocs\php_demo\shizhan\10\10wish\ThinkPHP\Lib\Core\Action.class.php 第 108 行.
INFO: [ view_parse ] --START--
INFO: ParseTemplate Behavior ::run [ RunTime:0.079004s ]
INFO: [ view_parse ] --END-- [ RunTime:0.085005s ]
INFO: [ view_filter ] --START--
INFO: ContentReplace Behavior ::run [ RunTime:0.007000s ]
INFO: TokenBuild Behavior ::run [ RunTime:0.007001s ]
INFO: WriteHtmlCache Behavior ::run [ RunTime:0.004000s ]
INFO: ShowRuntime Behavior ::run [ RunTime:0.011001s ]
INFO: [ view_filter ] --END-- [ RunTime:0.041002s ]
INFO: [ view_end ] --START--
INFO: ShowPageTrace Behavior ::run [ RunTime:0.008000s ]
INFO: [ view_end ] --END-- [ RunTime:0.012001s ]

[ 2014-07-08T19:19:04+08:00 ] 127.0.0.1 /php_demo/shizhan/10/10wish/index.php/
INFO: [ route_check ] --START--
INFO: CheckRoute Behavior ::run [ RunTime:0.006000s ]
INFO: [ route_check ] --END-- [ RunTime:0.010001s ]
INFO: [ app_begin ] --START--
INFO: ReadHtmlCache Behavior ::run [ RunTime:0.009001s ]
INFO: [ app_begin ] --END-- [ RunTime:0.013001s ]
NOTIC: [2] Missing argument 1 for Action::show(), called in D:\Dropbox-List\Net\Dropbox\WebDev\xampp\htdocs\php_demo\shizhan\10\10wish\APP\Lib\Action\Home\IndexAction.class.php on line 7 and defined D:\Dropbox-List\Net\Dropbox\WebDev\xampp\htdocs\php_demo\shizhan\10\10wish\ThinkPHP\Lib\Core\Action.class.php 第 107 行.
NOTIC: [8] Undefined variable: content D:\Dropbox-List\Net\Dropbox\WebDev\xampp\htdocs\php_demo\shizhan\10\10wish\ThinkPHP\Lib\Core\Action.class.php 第 108 行.
INFO: [ view_parse ] --START--
INFO: ParseTemplate Behavior ::run [ RunTime:0.480027s ]
INFO: [ view_parse ] --END-- [ RunTime:0.485027s ]
INFO: [ view_filter ] --START--
INFO: ContentReplace Behavior ::run [ RunTime:0.089005s ]
INFO: TokenBuild Behavior ::run [ RunTime:0.017001s ]
INFO: WriteHtmlCache Behavior ::run [ RunTime:0.006001s ]
INFO: ShowRuntime Behavior ::run [ RunTime:0.014001s ]
INFO: [ view_filter ] --END-- [ RunTime:0.145008s ]
INFO: [ view_end ] --START--
INFO: ShowPageTrace Behavior ::run [ RunTime:0.007001s ]
INFO: [ view_end ] --END-- [ RunTime:0.012001s ]

