[ 2014-08-15T10:03:29+08:00 ] 127.0.0.1 /php_demo/shizhan/10/10wish/index.php/Admin/Login
INFO: [ route_check ] --START--
INFO: CheckRoute Behavior ::run [ RunTime:0.011001s ]
INFO: [ route_check ] --END-- [ RunTime:0.018001s ]
INFO: [ app_begin ] --START--
INFO: ReadHtmlCache Behavior ::run [ RunTime:0.012001s ]
INFO: [ app_begin ] --END-- [ RunTime:0.018001s ]
NOTIC: [8] A session had already been started - ignoring session_start() D:\Dropbox-List\Net\Dropbox\WebDev\xampp\htdocs\php_demo\shizhan\10\10wish\APP\Lib\Action\Admin\LoginAction.class.php 第 5 行.
INFO: [ view_parse ] --START--
INFO: ParseTemplate Behavior ::run [ RunTime:0.189011s ]
INFO: [ view_parse ] --END-- [ RunTime:0.194011s ]
INFO: [ view_filter ] --START--
INFO: ContentReplace Behavior ::run [ RunTime:0.011000s ]
INFO: TokenBuild Behavior ::run [ RunTime:0.012001s ]
INFO: WriteHtmlCache Behavior ::run [ RunTime:0.007001s ]
INFO: ShowRuntime Behavior ::run [ RunTime:0.015001s ]
INFO: [ view_filter ] --END-- [ RunTime:0.060004s ]
INFO: [ view_end ] --START--
INFO: ShowPageTrace Behavior ::run [ RunTime:0.011001s ]
INFO: [ view_end ] --END-- [ RunTime:0.016001s ]

[ 2014-08-15T10:03:31+08:00 ] 127.0.0.1 /php_demo/shizhan/10/10wish/index.php/Admin/Login/vertify.html
INFO: [ route_check ] --START--
INFO: CheckRoute Behavior ::run [ RunTime:0.011000s ]
INFO: [ route_check ] --END-- [ RunTime:0.017001s ]
INFO: [ app_begin ] --START--
INFO: ReadHtmlCache Behavior ::run [ RunTime:0.015001s ]
INFO: [ app_begin ] --END-- [ RunTime:0.020001s ]
NOTIC: [8] A session had already been started - ignoring session_start() D:\Dropbox-List\Net\Dropbox\WebDev\xampp\htdocs\php_demo\shizhan\10\10wish\APP\Lib\Action\Admin\LoginAction.class.php 第 5 行.

[ 2014-08-15T10:03:36+08:00 ] 127.0.0.1 /php_demo/shizhan/10/10wish/index.php/Njb
INFO: [ route_check ] --START--
INFO: CheckRoute Behavior ::run [ RunTime:0.013001s ]
INFO: [ route_check ] --END-- [ RunTime:0.021001s ]
INFO: [ app_begin ] --START--
INFO: ReadHtmlCache Behavior ::run [ RunTime:0.012000s ]
INFO: [ app_begin ] --END-- [ RunTime:0.017000s ]
INFO: [ view_parse ] --START--
INFO: ParseTemplate Behavior ::run [ RunTime:0.109006s ]
INFO: [ view_parse ] --END-- [ RunTime:0.114006s ]
INFO: [ view_filter ] --START--
INFO: ContentReplace Behavior ::run [ RunTime:0.010001s ]
INFO: TokenBuild Behavior ::run [ RunTime:0.012001s ]
INFO: WriteHtmlCache Behavior ::run [ RunTime:0.006000s ]
INFO: ShowRuntime Behavior ::run [ RunTime:0.013000s ]
INFO: [ view_filter ] --END-- [ RunTime:0.057004s ]
INFO: [ view_end ] --START--
INFO: ShowPageTrace Behavior ::run [ RunTime:0.010001s ]
INFO: [ view_end ] --END-- [ RunTime:0.015001s ]

[ 2014-08-15T10:03:47+08:00 ] 127.0.0.1 /php_demo/shizhan/10/10wish/index.php/Njb/Index/tongji?checkbox%5B%5D=24543&date_begin=&date_end=
INFO: [ route_check ] --START--
INFO: CheckRoute Behavior ::run [ RunTime:0.012000s ]
INFO: [ route_check ] --END-- [ RunTime:0.019001s ]
INFO: [ app_begin ] --START--
INFO: ReadHtmlCache Behavior ::run [ RunTime:0.013001s ]
INFO: [ app_begin ] --END-- [ RunTime:0.020001s ]
SQL: SELECT l.name,COALESCE(a.ucount,0) as yhs,COALESCE(c.ulcount,0) as dlyhs,COALESCE(c.logCount,0) as dlcs FROM location l LEFT JOIN (SELECT ud.locid locid,COUNT(ud.id) ucount FROM   (SELECT u.id,f.ancestor_id locid FROM app_user u,location_flat f WHERE u.location_id=f.location_id AND f.ancestor_id IN(24543)    UNION ALL SELECT u.id,u.location_id locid FROM app_user u WHERE u.location_id IN(24543)) ud     GROUP BY ud.locid  ) a ON l.id=a.locid  LEFT JOIN (SELECT ud.locid locid,COUNT(DISTINCT ud.id) ulcount,COUNT(ud.id) logCount FROM login_log lo,  (SELECT u.id,f.ancestor_id locid FROM app_user u,location_flat f WHERE u.location_id=f.location_id AND f.ancestor_id IN(24543)   UNION ALL SELECT u.id,u.location_id locid FROM app_user u WHERE u.location_id IN(24543)) ud  WHERE lo.user_id=ud.id   AND lo.login_time>=" 00:00:00" AND lo.login_time<" 00:00:00"   GROUP BY ud.locid) c ON l.id=c.locid WHERE l.id IN(24543) [ RunTime:0.087005s ]
SQL: SELECT l.name,COALESCE(a.noticeCount,0) noticeCount,COALESCE(a.userCount,0) userCount FROM location l LEFT JOIN  (SELECT ud.locid locid,COUNT(n.id) noticeCount,COUNT(DISTINCT ud.id) userCount FROM notice n,   (SELECT u.id,f.ancestor_id locid FROM app_user u,location_flat f WHERE u.location_id=f.location_id AND f.ancestor_id IN(24543)    UNION ALL SELECT u.id,u.location_id locid FROM app_user u WHERE u.location_id IN(24543)) ud   WHERE n.owner_id=ud.id AND n.publish_time>=" 00:00:00"    AND n.publish_time<" 00:00:00" GROUP BY ud.locid) a  ON l.id=a.locid WHERE l.id IN(24543) [ RunTime:0.004001s ]
SQL: SELECT l.name,COALESCE(a.asCount,0) a,COALESCE(b.adminCount,0) b,COALESCE(c.noAdminCount,0) c FROM location l LEFT JOIN  (SELECT ud.locid locid,COUNT(t.id) asCount FROM assignment t,  (SELECT u.id,f.ancestor_id locid FROM app_user u,location_flat f WHERE u.location_id=f.location_id AND f.ancestor_id IN(24543)   UNION ALL SELECT u.id,u.location_id locid FROM app_user u WHERE u.location_id IN(24543)) ud  WHERE t.creator_id=ud.id AND t.create_time>=" 00:00:00" AND  t.create_time<" 00:00:00"  GROUP BY ud.locid) a ON l.id=a.locid  LEFT JOIN (SELECT ud.locid locid,COUNT(DISTINCT ud.id) adminCount FROM assignment t,app_user_role r,  (SELECT u.id,f.ancestor_id locid FROM app_user u,location_flat f WHERE u.location_id=f.location_id AND f.ancestor_id IN(24543)   UNION ALL SELECT u.id,u.location_id locid FROM app_user u WHERE u.location_id IN(24543)) ud   WHERE t.creator_id=ud.id AND ud.id=r.user_id AND r.role='TechAdmin'   AND t.create_time>=" 00:00:00" AND  t.create_time<" 00:00:00"  GROUP BY ud.locid ) b ON l.id=b.locid LEFT JOIN (SELECT ud.locid locid,COUNT(DISTINCT ud.id) noAdminCount FROM assignment t,app_user_role r,  (SELECT u.id,f.ancestor_id locid FROM app_user u,location_flat f WHERE u.location_id=f.location_id AND f.ancestor_id IN(24543)   UNION ALL SELECT u.id,u.location_id locid FROM app_user u WHERE u.location_id IN(24543)) ud  WHERE t.creator_id=ud.id AND ud.id=r.user_id AND r.role='Technician'   AND t.create_time>=" 00:00:00" AND  t.create_time<" 00:00:00"  GROUP BY ud.locid ) c ON l.id=c.locid  WHERE l.id IN(24543) [ RunTime:0.014001s ]
SQL: SELECT l.name,COALESCE(a.worklogCount,0) a,COALESCE(a.uCount,0) b,COALESCE(b.docCount,0) c,COALESCE(c.phoCount,0) d,COALESCE(d.audioCount,0) e FROM location l LEFT JOIN  (SELECT ud.locid locid,COUNT(DISTINCT w.id) worklogCount,COUNT(DISTINCT w.owner_id) uCount FROM work_log w,  (SELECT u.id,f.ancestor_id locid FROM app_user u,location_flat f WHERE u.location_id=f.location_id AND f.ancestor_id IN(24543)   UNION ALL SELECT u.id,u.location_id locid FROM app_user u WHERE u.location_id IN(24543)) ud  WHERE w.owner_id=ud.id    AND w.create_time>=" 00:00:00" AND w.create_time<" 00:00:00"  GROUP BY ud.locid) a ON l.id=a.locid LEFT JOIN  (SELECT ud.locid locid,i.media_type,COUNT(i.id) docCount FROM work_log w,work_log_item i,  (SELECT u.id,f.ancestor_id locid FROM app_user u,location_flat f WHERE u.location_id=f.location_id AND f.ancestor_id IN(24543)   UNION ALL SELECT u.id,u.location_id locid FROM app_user u WHERE u.location_id IN(24543)) ud  WHERE w.owner_id=ud.id AND w.id=i.work_log_id   AND w.create_time>=" 00:00:00" AND w.create_time<" 00:00:00"  AND i.media_type=1   GROUP BY ud.locid ) b ON l.id=b.locid LEFT JOIN  (SELECT ud.locid locid,i.media_type,COUNT(i.id) phoCount FROM work_log w,work_log_item i,  (SELECT u.id,f.ancestor_id locid FROM app_user u,location_flat f WHERE u.location_id=f.location_id AND f.ancestor_id IN(24543)   UNION ALL SELECT u.id,u.location_id locid FROM app_user u WHERE u.location_id IN(24543)) ud  WHERE w.owner_id=ud.id AND w.id=i.work_log_id   AND w.create_time>=" 00:00:00" AND w.create_time<" 00:00:00"  AND i.media_type=2   GROUP BY ud.locid ) c ON l.id=c.locid LEFT JOIN  (SELECT ud.locid locid,i.media_type,COUNT(i.id) audioCount FROM work_log w,work_log_item i,  (SELECT u.id,f.ancestor_id locid FROM app_user u,location_flat f WHERE u.location_id=f.location_id AND f.ancestor_id IN(24543)   UNION ALL SELECT u.id,u.location_id locid FROM app_user u WHERE u.location_id IN(24543)) ud  WHERE w.owner_id=ud.id AND w.id=i.work_log_id   AND w.create_time>=" 00:00:00" AND w.create_time<" 00:00:00"  AND i.media_type=3   GROUP BY ud.locid ) d ON l.id=d.locid   WHERE l.id IN(24543) [ RunTime:0.016001s ]
SQL: SELECT l.name,COALESCE(a.photoCount,0) a,COALESCE(a.ucount,0) b,COALESCE(b.priseCount,0) c,COALESCE(c.comCount,0) d FROM location l LEFT JOIN (SELECT ud.locid locid,COUNT(i.id) photoCount,COUNT(DISTINCT ud.id) ucount FROM album m,album_item i,  (SELECT u.id,f.ancestor_id locid FROM app_user u,location_flat f WHERE u.location_id=f.location_id AND f.ancestor_id IN(24543)  UNION ALL SELECT u.id,u.location_id locid FROM app_user u WHERE u.location_id IN(24543)) ud  WHERE m.owner_id=ud.id AND i.album_id=m.id   AND i.create_time>=" 00:00:00" AND i.create_time<" 00:00:00"  GROUP BY ud.locid) a ON l.id=a.locid LEFT JOIN  (SELECT ud.locid locid,COUNT(uc.id) priseCount FROM user_comment uc,  (SELECT u.id,f.ancestor_id locid FROM app_user u,location_flat f WHERE u.location_id=f.location_id AND f.ancestor_id IN(24543)  UNION ALL SELECT u.id,u.location_id locid FROM app_user u WHERE u.location_id IN(24543)) ud  WHERE ud.id=uc.creator_id AND uc.obj_type='AlbumItem'   AND uc.create_time>" 00:00:00" AND uc.create_time<" 00:00:00"   GROUP BY ud.locid ) b ON l.id=b.locid LEFT JOIN (SELECT ud.locid locid,COUNT(uc.id) comCount FROM user_comment uc,  (SELECT u.id,f.ancestor_id locid FROM app_user u,location_flat f WHERE u.location_id=f.location_id AND f.ancestor_id IN(24543)  UNION ALL SELECT u.id,u.location_id locid FROM app_user u WHERE u.location_id IN(24543)) ud  WHERE ud.id=uc.creator_id AND uc.obj_type='SystemComment'   AND uc.create_time>=" 00:00:00" AND uc.create_time<" 00:00:00"  GROUP BY ud.locid) c ON l.id=c.locid  WHERE l.id IN(24543) [ RunTime:0.019001s ]
SQL: SELECT a.rname a,l.name b,d.name c,a.age d FROM (SELECT u.id uid,u.real_name rname,u.location_id locid,u.dept_id depId,(2014-(SELECT SUBSTR(u.identify_value,7,4))+0) age FROM app_user u WHERE NOT EXISTS ( SELECT lo.user_id FROM login_log lo WHERE u.id=lo.user_id  ) AND u.id IN( SELECT u.id FROM app_user u,location_flat f WHERE u.location_id=f.location_id AND f.ancestor_id IN(24543)   UNION ALL SELECT u.id FROM app_user u WHERE u.location_id IN(24543) )) a,location l,department d WHERE a.depId=d.id AND a.locid=l.id [ RunTime:3.780216s ]
SQL: SELECT u.id,u.real_name,COALESCE(a.worklogCount,0) worklogCount,COALESCE(b.logCount,0) logCount FROM app_user u LEFT JOIN (SELECT w.owner_id uid,COALESCE(COUNT(w.id)) worklogCount FROM work_log w WHERE w.owner_id IN(SELECT u.id FROM app_user u,location_flat f WHERE u.location_id=f.location_id AND f.ancestor_id =24543 UNION ALL SELECT u.id FROM app_user u WHERE u.location_id =24543 ) AND w.create_time>=" 00:00:00" AND w.create_time<" 00:00:00" GROUP BY w.owner_id) a ON u.id=a.uid LEFT JOIN (SELECT lo.user_id uid,COUNT(lo.user_id) logCount FROM login_log lo WHERE lo.user_id IN( SELECT u.id FROM app_user u,location_flat f WHERE u.location_id=f.location_id AND f.ancestor_id =24543 UNION ALL SELECT u.id FROM app_user u WHERE u.location_id =24543 ) AND lo.login_time>=" 00:00:00" AND lo.login_time<" 00:00:00" GROUP BY lo.user_id ) b ON u.id=b.uid WHERE u.id IN(SELECT u.id FROM app_user u,location_flat f WHERE u.location_id=f.location_id AND f.ancestor_id =24543 UNION ALL SELECT u.id FROM app_user u WHERE u.location_id =24561 ) ORDER BY a.worklogCount DESC,b.logCount DESC LIMIT 10 [ RunTime:0.534031s ]
SQL: SELECT u.id,u.real_name,COALESCE(a.worklogCount,0) worklogCount,COALESCE(b.logCount,0) logCount FROM app_user u LEFT JOIN (SELECT w.owner_id uid,COALESCE(COUNT(w.id)) worklogCount FROM work_log w WHERE w.owner_id IN(SELECT u.id FROM app_user u,location_flat f WHERE u.location_id=f.location_id AND f.ancestor_id =24561 UNION ALL SELECT u.id FROM app_user u WHERE u.location_id =24561 ) AND w.create_time>=" 00:00:00" AND w.create_time<" 00:00:00" GROUP BY w.owner_id) a ON u.id=a.uid LEFT JOIN (SELECT lo.user_id uid,COUNT(lo.user_id) logCount FROM login_log lo WHERE lo.user_id IN( SELECT u.id FROM app_user u,location_flat f WHERE u.location_id=f.location_id AND f.ancestor_id =24561 UNION ALL SELECT u.id FROM app_user u WHERE u.location_id =24561 ) AND lo.login_time>=" 00:00:00" AND lo.login_time<" 00:00:00" GROUP BY lo.user_id ) b ON u.id=b.uid WHERE u.id IN(SELECT u.id FROM app_user u,location_flat f WHERE u.location_id=f.location_id AND f.ancestor_id =24561 UNION ALL SELECT u.id FROM app_user u WHERE u.location_id =24561 ) ORDER BY a.worklogCount DESC,b.logCount DESC LIMIT 10 [ RunTime:0.476027s ]
SQL: SELECT u.id,u.real_name,COALESCE(a.worklogCount,0) worklogCount,COALESCE(b.logCount,0) logCount FROM app_user u LEFT JOIN (SELECT w.owner_id uid,COALESCE(COUNT(w.id)) worklogCount FROM work_log w WHERE w.owner_id IN(SELECT u.id FROM app_user u,location_flat f WHERE u.location_id=f.location_id AND f.ancestor_id =24521 UNION ALL SELECT u.id FROM app_user u WHERE u.location_id =24521 ) AND w.create_time>=" 00:00:00" AND w.create_time<" 00:00:00" GROUP BY w.owner_id) a ON u.id=a.uid LEFT JOIN (SELECT lo.user_id uid,COUNT(lo.user_id) logCount FROM login_log lo WHERE lo.user_id IN( SELECT u.id FROM app_user u,location_flat f WHERE u.location_id=f.location_id AND f.ancestor_id =24521 UNION ALL SELECT u.id FROM app_user u WHERE u.location_id =24521 ) AND lo.login_time>=" 00:00:00" AND lo.login_time<" 00:00:00" GROUP BY lo.user_id ) b ON u.id=b.uid WHERE u.id IN(SELECT u.id FROM app_user u,location_flat f WHERE u.location_id=f.location_id AND f.ancestor_id =24521 UNION ALL SELECT u.id FROM app_user u WHERE u.location_id =24521 ) ORDER BY a.worklogCount DESC,b.logCount DESC LIMIT 10 [ RunTime:0.492029s ]
SQL: SELECT u.id,u.real_name,COALESCE(a.worklogCount,0) worklogCount,COALESCE(b.logCount,0) logCount FROM app_user u LEFT JOIN (SELECT w.owner_id uid,COALESCE(COUNT(w.id)) worklogCount FROM work_log w WHERE w.owner_id IN(SELECT u.id FROM app_user u,location_flat f WHERE u.location_id=f.location_id AND f.ancestor_id =24543 UNION ALL SELECT u.id FROM app_user u WHERE u.location_id =24543 ) AND w.create_time>=" 00:00:00" AND w.create_time<" 00:00:00" GROUP BY w.owner_id) a ON u.id=a.uid LEFT JOIN (SELECT lo.user_id uid,COUNT(lo.user_id) logCount FROM login_log lo WHERE lo.user_id IN( SELECT u.id FROM app_user u,location_flat f WHERE u.location_id=f.location_id AND f.ancestor_id =24543 UNION ALL SELECT u.id FROM app_user u WHERE u.location_id =24543 ) AND lo.login_time>=" 00:00:00" AND lo.login_time<" 00:00:00" GROUP BY lo.user_id ) b ON u.id=b.uid WHERE u.id IN(SELECT u.id FROM app_user u,location_flat f WHERE u.location_id=f.location_id AND f.ancestor_id =24543 UNION ALL SELECT u.id FROM app_user u WHERE u.location_id =24543 ) ORDER BY a.worklogCount DESC,b.logCount DESC LIMIT 10 [ RunTime:0.500029s ]
SQL: SELECT u.id,u.real_name,COALESCE(a.worklogCount,0) worklogCount,COALESCE(b.logCount,0) logCount FROM app_user u LEFT JOIN (SELECT w.owner_id uid,COALESCE(COUNT(w.id)) worklogCount FROM work_log w WHERE w.owner_id IN(SELECT u.id FROM app_user u,location_flat f WHERE u.location_id=f.location_id AND f.ancestor_id =28422 UNION ALL SELECT u.id FROM app_user u WHERE u.location_id =28422 ) AND w.create_time>=" 00:00:00" AND w.create_time<" 00:00:00" GROUP BY w.owner_id) a ON u.id=a.uid LEFT JOIN (SELECT lo.user_id uid,COUNT(lo.user_id) logCount FROM login_log lo WHERE lo.user_id IN( SELECT u.id FROM app_user u,location_flat f WHERE u.location_id=f.location_id AND f.ancestor_id =28422 UNION ALL SELECT u.id FROM app_user u WHERE u.location_id =28422 ) AND lo.login_time>=" 00:00:00" AND lo.login_time<" 00:00:00" GROUP BY lo.user_id ) b ON u.id=b.uid WHERE u.id IN(SELECT u.id FROM app_user u,location_flat f WHERE u.location_id=f.location_id AND f.ancestor_id =28422 UNION ALL SELECT u.id FROM app_user u WHERE u.location_id =28422 ) ORDER BY a.worklogCount DESC,b.logCount DESC LIMIT 10 [ RunTime:0.502029s ]
SQL: SELECT l.name,COALESCE(a.ulcount,0) b FROM  location l LEFT JOIN (SELECT ud.locid locid,COUNT(DISTINCT ud.id) ulcount,COUNT(ud.id) logCount FROM login_log lo,  (SELECT u.id,f.ancestor_id locid FROM app_user u,location_flat f WHERE u.location_id=f.location_id AND f.ancestor_id IN(24543)   UNION ALL SELECT u.id,u.location_id locid FROM app_user u WHERE u.location_id IN(24543)) ud  WHERE lo.user_id=ud.id   AND lo.login_time>=" 00:00:00"   GROUP BY ud.locid) a ON a.locid=l.id WHERE l.id IN (24543) [ RunTime:0.300018s ]
SQL: 
				CALL count_worklog_all(" 00:00:00"," 00:00:00",("24543"))
				 [ RunTime:0.032002s ]
INFO: [ view_parse ] --START--
INFO: ParseTemplate Behavior ::run [ RunTime:0.847048s ]
INFO: [ view_parse ] --END-- [ RunTime:0.851048s ]
INFO: [ view_filter ] --START--
INFO: ContentReplace Behavior ::run [ RunTime:0.014001s ]
INFO: TokenBuild Behavior ::run [ RunTime:0.016001s ]
INFO: WriteHtmlCache Behavior ::run [ RunTime:0.007001s ]
INFO: ShowRuntime Behavior ::run [ RunTime:0.015001s ]
INFO: [ view_filter ] --END-- [ RunTime:0.073004s ]
INFO: [ view_end ] --START--
INFO: ShowPageTrace Behavior ::run [ RunTime:0.011001s ]
INFO: [ view_end ] --END-- [ RunTime:0.017001s ]

[ 2014-08-15T10:03:57+08:00 ] 127.0.0.1 /php_demo/shizhan/10/10wish/index.php/Njb/Index/tongji?checkbox%5B%5D=24543&date_begin=2014-08-03&date_end=2014-08-09
INFO: [ route_check ] --START--
INFO: CheckRoute Behavior ::run [ RunTime:0.013001s ]
INFO: [ route_check ] --END-- [ RunTime:0.022001s ]
INFO: [ app_begin ] --START--
INFO: ReadHtmlCache Behavior ::run [ RunTime:0.010000s ]
INFO: [ app_begin ] --END-- [ RunTime:0.015001s ]
SQL: SELECT l.name,COALESCE(a.ucount,0) as yhs,COALESCE(c.ulcount,0) as dlyhs,COALESCE(c.logCount,0) as dlcs FROM location l LEFT JOIN (SELECT ud.locid locid,COUNT(ud.id) ucount FROM   (SELECT u.id,f.ancestor_id locid FROM app_user u,location_flat f WHERE u.location_id=f.location_id AND f.ancestor_id IN(24543)    UNION ALL SELECT u.id,u.location_id locid FROM app_user u WHERE u.location_id IN(24543)) ud     GROUP BY ud.locid  ) a ON l.id=a.locid  LEFT JOIN (SELECT ud.locid locid,COUNT(DISTINCT ud.id) ulcount,COUNT(ud.id) logCount FROM login_log lo,  (SELECT u.id,f.ancestor_id locid FROM app_user u,location_flat f WHERE u.location_id=f.location_id AND f.ancestor_id IN(24543)   UNION ALL SELECT u.id,u.location_id locid FROM app_user u WHERE u.location_id IN(24543)) ud  WHERE lo.user_id=ud.id   AND lo.login_time>="2014-08-03 00:00:00" AND lo.login_time<"2014-08-09 00:00:00"   GROUP BY ud.locid) c ON l.id=c.locid WHERE l.id IN(24543) [ RunTime:0.062003s ]
SQL: SELECT l.name,COALESCE(a.noticeCount,0) noticeCount,COALESCE(a.userCount,0) userCount FROM location l LEFT JOIN  (SELECT ud.locid locid,COUNT(n.id) noticeCount,COUNT(DISTINCT ud.id) userCount FROM notice n,   (SELECT u.id,f.ancestor_id locid FROM app_user u,location_flat f WHERE u.location_id=f.location_id AND f.ancestor_id IN(24543)    UNION ALL SELECT u.id,u.location_id locid FROM app_user u WHERE u.location_id IN(24543)) ud   WHERE n.owner_id=ud.id AND n.publish_time>="2014-08-03 00:00:00"    AND n.publish_time<"2014-08-09 00:00:00" GROUP BY ud.locid) a  ON l.id=a.locid WHERE l.id IN(24543) [ RunTime:0.003000s ]
SQL: SELECT l.name,COALESCE(a.asCount,0) a,COALESCE(b.adminCount,0) b,COALESCE(c.noAdminCount,0) c FROM location l LEFT JOIN  (SELECT ud.locid locid,COUNT(t.id) asCount FROM assignment t,  (SELECT u.id,f.ancestor_id locid FROM app_user u,location_flat f WHERE u.location_id=f.location_id AND f.ancestor_id IN(24543)   UNION ALL SELECT u.id,u.location_id locid FROM app_user u WHERE u.location_id IN(24543)) ud  WHERE t.creator_id=ud.id AND t.create_time>="2014-08-03 00:00:00" AND  t.create_time<"2014-08-09 00:00:00"  GROUP BY ud.locid) a ON l.id=a.locid  LEFT JOIN (SELECT ud.locid locid,COUNT(DISTINCT ud.id) adminCount FROM assignment t,app_user_role r,  (SELECT u.id,f.ancestor_id locid FROM app_user u,location_flat f WHERE u.location_id=f.location_id AND f.ancestor_id IN(24543)   UNION ALL SELECT u.id,u.location_id locid FROM app_user u WHERE u.location_id IN(24543)) ud   WHERE t.creator_id=ud.id AND ud.id=r.user_id AND r.role='TechAdmin'   AND t.create_time>="2014-08-03 00:00:00" AND  t.create_time<"2014-08-09 00:00:00"  GROUP BY ud.locid ) b ON l.id=b.locid LEFT JOIN (SELECT ud.locid locid,COUNT(DISTINCT ud.id) noAdminCount FROM assignment t,app_user_role r,  (SELECT u.id,f.ancestor_id locid FROM app_user u,location_flat f WHERE u.location_id=f.location_id AND f.ancestor_id IN(24543)   UNION ALL SELECT u.id,u.location_id locid FROM app_user u WHERE u.location_id IN(24543)) ud  WHERE t.creator_id=ud.id AND ud.id=r.user_id AND r.role='Technician'   AND t.create_time>="2014-08-03 00:00:00" AND  t.create_time<"2014-08-09 00:00:00"  GROUP BY ud.locid ) c ON l.id=c.locid  WHERE l.id IN(24543) [ RunTime:0.007001s ]
SQL: SELECT l.name,COALESCE(a.worklogCount,0) a,COALESCE(a.uCount,0) b,COALESCE(b.docCount,0) c,COALESCE(c.phoCount,0) d,COALESCE(d.audioCount,0) e FROM location l LEFT JOIN  (SELECT ud.locid locid,COUNT(DISTINCT w.id) worklogCount,COUNT(DISTINCT w.owner_id) uCount FROM work_log w,  (SELECT u.id,f.ancestor_id locid FROM app_user u,location_flat f WHERE u.location_id=f.location_id AND f.ancestor_id IN(24543)   UNION ALL SELECT u.id,u.location_id locid FROM app_user u WHERE u.location_id IN(24543)) ud  WHERE w.owner_id=ud.id    AND w.create_time>="2014-08-03 00:00:00" AND w.create_time<"2014-08-09 00:00:00"  GROUP BY ud.locid) a ON l.id=a.locid LEFT JOIN  (SELECT ud.locid locid,i.media_type,COUNT(i.id) docCount FROM work_log w,work_log_item i,  (SELECT u.id,f.ancestor_id locid FROM app_user u,location_flat f WHERE u.location_id=f.location_id AND f.ancestor_id IN(24543)   UNION ALL SELECT u.id,u.location_id locid FROM app_user u WHERE u.location_id IN(24543)) ud  WHERE w.owner_id=ud.id AND w.id=i.work_log_id   AND w.create_time>="2014-08-03 00:00:00" AND w.create_time<"2014-08-09 00:00:00"  AND i.media_type=1   GROUP BY ud.locid ) b ON l.id=b.locid LEFT JOIN  (SELECT ud.locid locid,i.media_type,COUNT(i.id) phoCount FROM work_log w,work_log_item i,  (SELECT u.id,f.ancestor_id locid FROM app_user u,location_flat f WHERE u.location_id=f.location_id AND f.ancestor_id IN(24543)   UNION ALL SELECT u.id,u.location_id locid FROM app_user u WHERE u.location_id IN(24543)) ud  WHERE w.owner_id=ud.id AND w.id=i.work_log_id   AND w.create_time>="2014-08-03 00:00:00" AND w.create_time<"2014-08-09 00:00:00"  AND i.media_type=2   GROUP BY ud.locid ) c ON l.id=c.locid LEFT JOIN  (SELECT ud.locid locid,i.media_type,COUNT(i.id) audioCount FROM work_log w,work_log_item i,  (SELECT u.id,f.ancestor_id locid FROM app_user u,location_flat f WHERE u.location_id=f.location_id AND f.ancestor_id IN(24543)   UNION ALL SELECT u.id,u.location_id locid FROM app_user u WHERE u.location_id IN(24543)) ud  WHERE w.owner_id=ud.id AND w.id=i.work_log_id   AND w.create_time>="2014-08-03 00:00:00" AND w.create_time<"2014-08-09 00:00:00"  AND i.media_type=3   GROUP BY ud.locid ) d ON l.id=d.locid   WHERE l.id IN(24543) [ RunTime:0.019002s ]
SQL: SELECT l.name,COALESCE(a.photoCount,0) a,COALESCE(a.ucount,0) b,COALESCE(b.priseCount,0) c,COALESCE(c.comCount,0) d FROM location l LEFT JOIN (SELECT ud.locid locid,COUNT(i.id) photoCount,COUNT(DISTINCT ud.id) ucount FROM album m,album_item i,  (SELECT u.id,f.ancestor_id locid FROM app_user u,location_flat f WHERE u.location_id=f.location_id AND f.ancestor_id IN(24543)  UNION ALL SELECT u.id,u.location_id locid FROM app_user u WHERE u.location_id IN(24543)) ud  WHERE m.owner_id=ud.id AND i.album_id=m.id   AND i.create_time>="2014-08-03 00:00:00" AND i.create_time<"2014-08-09 00:00:00"  GROUP BY ud.locid) a ON l.id=a.locid LEFT JOIN  (SELECT ud.locid locid,COUNT(uc.id) priseCount FROM user_comment uc,  (SELECT u.id,f.ancestor_id locid FROM app_user u,location_flat f WHERE u.location_id=f.location_id AND f.ancestor_id IN(24543)  UNION ALL SELECT u.id,u.location_id locid FROM app_user u WHERE u.location_id IN(24543)) ud  WHERE ud.id=uc.creator_id AND uc.obj_type='AlbumItem'   AND uc.create_time>"2014-08-03 00:00:00" AND uc.create_time<"2014-08-09 00:00:00"   GROUP BY ud.locid ) b ON l.id=b.locid LEFT JOIN (SELECT ud.locid locid,COUNT(uc.id) comCount FROM user_comment uc,  (SELECT u.id,f.ancestor_id locid FROM app_user u,location_flat f WHERE u.location_id=f.location_id AND f.ancestor_id IN(24543)  UNION ALL SELECT u.id,u.location_id locid FROM app_user u WHERE u.location_id IN(24543)) ud  WHERE ud.id=uc.creator_id AND uc.obj_type='SystemComment'   AND uc.create_time>="2014-08-03 00:00:00" AND uc.create_time<"2014-08-09 00:00:00"  GROUP BY ud.locid) c ON l.id=c.locid  WHERE l.id IN(24543) [ RunTime:0.008000s ]
SQL: SELECT a.rname a,l.name b,d.name c,a.age d FROM (SELECT u.id uid,u.real_name rname,u.location_id locid,u.dept_id depId,(2014-(SELECT SUBSTR(u.identify_value,7,4))+0) age FROM app_user u WHERE NOT EXISTS ( SELECT lo.user_id FROM login_log lo WHERE u.id=lo.user_id  ) AND u.id IN( SELECT u.id FROM app_user u,location_flat f WHERE u.location_id=f.location_id AND f.ancestor_id IN(24543)   UNION ALL SELECT u.id FROM app_user u WHERE u.location_id IN(24543) )) a,location l,department d WHERE a.depId=d.id AND a.locid=l.id [ RunTime:3.557204s ]
SQL: SELECT u.id,u.real_name,COALESCE(a.worklogCount,0) worklogCount,COALESCE(b.logCount,0) logCount FROM app_user u LEFT JOIN (SELECT w.owner_id uid,COALESCE(COUNT(w.id)) worklogCount FROM work_log w WHERE w.owner_id IN(SELECT u.id FROM app_user u,location_flat f WHERE u.location_id=f.location_id AND f.ancestor_id =24543 UNION ALL SELECT u.id FROM app_user u WHERE u.location_id =24543 ) AND w.create_time>="2014-08-03 00:00:00" AND w.create_time<"2014-08-09 00:00:00" GROUP BY w.owner_id) a ON u.id=a.uid LEFT JOIN (SELECT lo.user_id uid,COUNT(lo.user_id) logCount FROM login_log lo WHERE lo.user_id IN( SELECT u.id FROM app_user u,location_flat f WHERE u.location_id=f.location_id AND f.ancestor_id =24543 UNION ALL SELECT u.id FROM app_user u WHERE u.location_id =24543 ) AND lo.login_time>="2014-08-03 00:00:00" AND lo.login_time<"2014-08-09 00:00:00" GROUP BY lo.user_id ) b ON u.id=b.uid WHERE u.id IN(SELECT u.id FROM app_user u,location_flat f WHERE u.location_id=f.location_id AND f.ancestor_id =24543 UNION ALL SELECT u.id FROM app_user u WHERE u.location_id =24561 ) ORDER BY a.worklogCount DESC,b.logCount DESC LIMIT 10 [ RunTime:0.568033s ]
SQL: SELECT u.id,u.real_name,COALESCE(a.worklogCount,0) worklogCount,COALESCE(b.logCount,0) logCount FROM app_user u LEFT JOIN (SELECT w.owner_id uid,COALESCE(COUNT(w.id)) worklogCount FROM work_log w WHERE w.owner_id IN(SELECT u.id FROM app_user u,location_flat f WHERE u.location_id=f.location_id AND f.ancestor_id =24561 UNION ALL SELECT u.id FROM app_user u WHERE u.location_id =24561 ) AND w.create_time>="2014-08-03 00:00:00" AND w.create_time<"2014-08-09 00:00:00" GROUP BY w.owner_id) a ON u.id=a.uid LEFT JOIN (SELECT lo.user_id uid,COUNT(lo.user_id) logCount FROM login_log lo WHERE lo.user_id IN( SELECT u.id FROM app_user u,location_flat f WHERE u.location_id=f.location_id AND f.ancestor_id =24561 UNION ALL SELECT u.id FROM app_user u WHERE u.location_id =24561 ) AND lo.login_time>="2014-08-03 00:00:00" AND lo.login_time<"2014-08-09 00:00:00" GROUP BY lo.user_id ) b ON u.id=b.uid WHERE u.id IN(SELECT u.id FROM app_user u,location_flat f WHERE u.location_id=f.location_id AND f.ancestor_id =24561 UNION ALL SELECT u.id FROM app_user u WHERE u.location_id =24561 ) ORDER BY a.worklogCount DESC,b.logCount DESC LIMIT 10 [ RunTime:0.529030s ]
SQL: SELECT u.id,u.real_name,COALESCE(a.worklogCount,0) worklogCount,COALESCE(b.logCount,0) logCount FROM app_user u LEFT JOIN (SELECT w.owner_id uid,COALESCE(COUNT(w.id)) worklogCount FROM work_log w WHERE w.owner_id IN(SELECT u.id FROM app_user u,location_flat f WHERE u.location_id=f.location_id AND f.ancestor_id =24521 UNION ALL SELECT u.id FROM app_user u WHERE u.location_id =24521 ) AND w.create_time>="2014-08-03 00:00:00" AND w.create_time<"2014-08-09 00:00:00" GROUP BY w.owner_id) a ON u.id=a.uid LEFT JOIN (SELECT lo.user_id uid,COUNT(lo.user_id) logCount FROM login_log lo WHERE lo.user_id IN( SELECT u.id FROM app_user u,location_flat f WHERE u.location_id=f.location_id AND f.ancestor_id =24521 UNION ALL SELECT u.id FROM app_user u WHERE u.location_id =24521 ) AND lo.login_time>="2014-08-03 00:00:00" AND lo.login_time<"2014-08-09 00:00:00" GROUP BY lo.user_id ) b ON u.id=b.uid WHERE u.id IN(SELECT u.id FROM app_user u,location_flat f WHERE u.location_id=f.location_id AND f.ancestor_id =24521 UNION ALL SELECT u.id FROM app_user u WHERE u.location_id =24521 ) ORDER BY a.worklogCount DESC,b.logCount DESC LIMIT 10 [ RunTime:0.544031s ]
SQL: SELECT u.id,u.real_name,COALESCE(a.worklogCount,0) worklogCount,COALESCE(b.logCount,0) logCount FROM app_user u LEFT JOIN (SELECT w.owner_id uid,COALESCE(COUNT(w.id)) worklogCount FROM work_log w WHERE w.owner_id IN(SELECT u.id FROM app_user u,location_flat f WHERE u.location_id=f.location_id AND f.ancestor_id =24543 UNION ALL SELECT u.id FROM app_user u WHERE u.location_id =24543 ) AND w.create_time>="2014-08-03 00:00:00" AND w.create_time<"2014-08-09 00:00:00" GROUP BY w.owner_id) a ON u.id=a.uid LEFT JOIN (SELECT lo.user_id uid,COUNT(lo.user_id) logCount FROM login_log lo WHERE lo.user_id IN( SELECT u.id FROM app_user u,location_flat f WHERE u.location_id=f.location_id AND f.ancestor_id =24543 UNION ALL SELECT u.id FROM app_user u WHERE u.location_id =24543 ) AND lo.login_time>="2014-08-03 00:00:00" AND lo.login_time<"2014-08-09 00:00:00" GROUP BY lo.user_id ) b ON u.id=b.uid WHERE u.id IN(SELECT u.id FROM app_user u,location_flat f WHERE u.location_id=f.location_id AND f.ancestor_id =24543 UNION ALL SELECT u.id FROM app_user u WHERE u.location_id =24543 ) ORDER BY a.worklogCount DESC,b.logCount DESC LIMIT 10 [ RunTime:0.542031s ]
SQL: SELECT u.id,u.real_name,COALESCE(a.worklogCount,0) worklogCount,COALESCE(b.logCount,0) logCount FROM app_user u LEFT JOIN (SELECT w.owner_id uid,COALESCE(COUNT(w.id)) worklogCount FROM work_log w WHERE w.owner_id IN(SELECT u.id FROM app_user u,location_flat f WHERE u.location_id=f.location_id AND f.ancestor_id =28422 UNION ALL SELECT u.id FROM app_user u WHERE u.location_id =28422 ) AND w.create_time>="2014-08-03 00:00:00" AND w.create_time<"2014-08-09 00:00:00" GROUP BY w.owner_id) a ON u.id=a.uid LEFT JOIN (SELECT lo.user_id uid,COUNT(lo.user_id) logCount FROM login_log lo WHERE lo.user_id IN( SELECT u.id FROM app_user u,location_flat f WHERE u.location_id=f.location_id AND f.ancestor_id =28422 UNION ALL SELECT u.id FROM app_user u WHERE u.location_id =28422 ) AND lo.login_time>="2014-08-03 00:00:00" AND lo.login_time<"2014-08-09 00:00:00" GROUP BY lo.user_id ) b ON u.id=b.uid WHERE u.id IN(SELECT u.id FROM app_user u,location_flat f WHERE u.location_id=f.location_id AND f.ancestor_id =28422 UNION ALL SELECT u.id FROM app_user u WHERE u.location_id =28422 ) ORDER BY a.worklogCount DESC,b.logCount DESC LIMIT 10 [ RunTime:0.533030s ]
SQL: SELECT l.name,COALESCE(a.ulcount,0) b FROM  location l LEFT JOIN (SELECT ud.locid locid,COUNT(DISTINCT ud.id) ulcount,COUNT(ud.id) logCount FROM login_log lo,  (SELECT u.id,f.ancestor_id locid FROM app_user u,location_flat f WHERE u.location_id=f.location_id AND f.ancestor_id IN(24543)   UNION ALL SELECT u.id,u.location_id locid FROM app_user u WHERE u.location_id IN(24543)) ud  WHERE lo.user_id=ud.id   AND lo.login_time>="2014-08-03 00:00:00"   GROUP BY ud.locid) a ON a.locid=l.id WHERE l.id IN (24543) [ RunTime:0.091005s ]
SQL: 
				CALL count_worklog_all("2014-08-03 00:00:00","2014-08-09 00:00:00",("24543"))
				 [ RunTime:0.028002s ]
INFO: [ view_parse ] --START--
INFO: ParseTemplate Behavior ::run [ RunTime:0.774044s ]
INFO: [ view_parse ] --END-- [ RunTime:0.780044s ]
INFO: [ view_filter ] --START--
INFO: ContentReplace Behavior ::run [ RunTime:0.011001s ]
INFO: TokenBuild Behavior ::run [ RunTime:0.012001s ]
INFO: WriteHtmlCache Behavior ::run [ RunTime:0.007000s ]
INFO: ShowRuntime Behavior ::run [ RunTime:0.014001s ]
INFO: [ view_filter ] --END-- [ RunTime:0.061003s ]
INFO: [ view_end ] --START--
INFO: ShowPageTrace Behavior ::run [ RunTime:0.010000s ]
INFO: [ view_end ] --END-- [ RunTime:0.016000s ]

