[ 2014-08-13T09:21:35+08:00 ] 127.0.0.1 /php_demo/shizhan/10/10wish/index.php/
INFO: [ route_check ] --START--
INFO: CheckRoute Behavior ::run [ RunTime:0.016001s ]
INFO: [ route_check ] --END-- [ RunTime:0.031002s ]
INFO: [ app_begin ] --START--
INFO: ReadHtmlCache Behavior ::run [ RunTime:0.023001s ]
INFO: [ app_begin ] --END-- [ RunTime:0.035002s ]
SQL: SHOW COLUMNS FROM `tp_wish` [ RunTime:0.022001s ]
SQL: SELECT * FROM `tp_wish`  [ RunTime:0.004000s ]
INFO: [ view_parse ] --START--
INFO: ParseTemplate Behavior ::run [ RunTime:0.442026s ]
INFO: [ view_parse ] --END-- [ RunTime:0.455026s ]
INFO: [ view_filter ] --START--
INFO: ContentReplace Behavior ::run [ RunTime:0.019001s ]
INFO: TokenBuild Behavior ::run [ RunTime:0.024001s ]
INFO: WriteHtmlCache Behavior ::run [ RunTime:0.010000s ]
INFO: ShowRuntime Behavior ::run [ RunTime:0.032001s ]
INFO: [ view_filter ] --END-- [ RunTime:0.125007s ]
INFO: [ view_end ] --START--
INFO: ShowPageTrace Behavior ::run [ RunTime:0.021001s ]
INFO: [ view_end ] --END-- [ RunTime:0.035002s ]

[ 2014-08-13T09:22:19+08:00 ] 127.0.0.1 /php_demo/shizhan/10/10wish/index.php/Njb/Index/
INFO: [ route_check ] --START--
INFO: CheckRoute Behavior ::run [ RunTime:0.018001s ]
INFO: [ route_check ] --END-- [ RunTime:0.030002s ]
INFO: [ app_begin ] --START--
INFO: ReadHtmlCache Behavior ::run [ RunTime:0.022001s ]
INFO: [ app_begin ] --END-- [ RunTime:0.033002s ]
INFO: [ view_parse ] --START--
INFO: ParseTemplate Behavior ::run [ RunTime:0.240014s ]
INFO: [ view_parse ] --END-- [ RunTime:0.252014s ]
INFO: [ view_filter ] --START--
INFO: ContentReplace Behavior ::run [ RunTime:0.017001s ]
INFO: TokenBuild Behavior ::run [ RunTime:0.020001s ]
INFO: WriteHtmlCache Behavior ::run [ RunTime:0.010001s ]
INFO: ShowRuntime Behavior ::run [ RunTime:0.029002s ]
INFO: [ view_filter ] --END-- [ RunTime:0.109006s ]
INFO: [ view_end ] --START--
INFO: ShowPageTrace Behavior ::run [ RunTime:0.020001s ]
INFO: [ view_end ] --END-- [ RunTime:0.031002s ]

[ 2014-08-13T09:31:06+08:00 ] 127.0.0.1 /php_demo/shizhan/10/10wish/index.php/Njb/Index/tongji?checkbox%5B%5D=24521&checkbox%5B%5D=24543&checkbox%5B%5D=24561&date_begin=2014-08-12&date_end=2014-08-13
INFO: [ route_check ] --START--
INFO: CheckRoute Behavior ::run [ RunTime:0.018001s ]
INFO: [ route_check ] --END-- [ RunTime:0.030002s ]
INFO: [ app_begin ] --START--
INFO: ReadHtmlCache Behavior ::run [ RunTime:0.022001s ]
INFO: [ app_begin ] --END-- [ RunTime:0.035002s ]
SQL: SELECT l.name,COALESCE(a.ucount,0) as yhs,COALESCE(c.ulcount,0) as dlyhs,COALESCE(c.logCount,0) as dlcs FROM location l LEFT JOIN (SELECT ud.locid locid,COUNT(ud.id) ucount FROM   (SELECT u.id,f.ancestor_id locid FROM app_user u,location_flat f WHERE u.location_id=f.location_id AND f.ancestor_id IN(24521,24543,24561)    UNION ALL SELECT u.id,u.location_id locid FROM app_user u WHERE u.location_id IN(24521,24543,24561)) ud     GROUP BY ud.locid  ) a ON l.id=a.locid  LEFT JOIN (SELECT ud.locid locid,COUNT(DISTINCT ud.id) ulcount,COUNT(ud.id) logCount FROM login_log lo,  (SELECT u.id,f.ancestor_id locid FROM app_user u,location_flat f WHERE u.location_id=f.location_id AND f.ancestor_id IN(24521,24543,24561)   UNION ALL SELECT u.id,u.location_id locid FROM app_user u WHERE u.location_id IN(24521,24543,24561)) ud  WHERE lo.user_id=ud.id   AND lo.login_time>="2014-08-12 00:00:00" AND lo.login_time<"2014-08-13 00:00:00"   GROUP BY ud.locid) c ON l.id=c.locid WHERE l.id IN(24521,24543,24561) [ RunTime:0.208012s ]
SQL: SELECT l.name,COALESCE(a.noticeCount,0) noticeCount,COALESCE(a.userCount,0) userCount FROM location l LEFT JOIN  (SELECT ud.locid locid,COUNT(n.id) noticeCount,COUNT(DISTINCT ud.id) userCount FROM notice n,   (SELECT u.id,f.ancestor_id locid FROM app_user u,location_flat f WHERE u.location_id=f.location_id AND f.ancestor_id IN(24521,24543,24561)    UNION ALL SELECT u.id,u.location_id locid FROM app_user u WHERE u.location_id IN(24521,24543,24561)) ud   WHERE n.owner_id=ud.id AND n.publish_time>="2014-08-12 00:00:00"    AND n.publish_time<"2014-08-13 00:00:00" GROUP BY ud.locid) a  ON l.id=a.locid WHERE l.id IN(24521,24543,24561) [ RunTime:0.008001s ]
SQL: SELECT l.name,COALESCE(a.asCount,0) a,COALESCE(b.adminCount,0) b,COALESCE(c.noAdminCount,0) c FROM location l LEFT JOIN  (SELECT ud.locid locid,COUNT(t.id) asCount FROM assignment t,  (SELECT u.id,f.ancestor_id locid FROM app_user u,location_flat f WHERE u.location_id=f.location_id AND f.ancestor_id IN(24521,24543,24561)   UNION ALL SELECT u.id,u.location_id locid FROM app_user u WHERE u.location_id IN(24521,24543,24561)) ud  WHERE t.creator_id=ud.id AND t.create_time>="2014-08-12 00:00:00" AND  t.create_time<"2014-08-13 00:00:00"  GROUP BY ud.locid) a ON l.id=a.locid  LEFT JOIN (SELECT ud.locid locid,COUNT(DISTINCT ud.id) adminCount FROM assignment t,app_user_role r,  (SELECT u.id,f.ancestor_id locid FROM app_user u,location_flat f WHERE u.location_id=f.location_id AND f.ancestor_id IN(24521,24543,24561)   UNION ALL SELECT u.id,u.location_id locid FROM app_user u WHERE u.location_id IN(24521,24543,24561)) ud   WHERE t.creator_id=ud.id AND ud.id=r.user_id AND r.role='TechAdmin'   AND t.create_time>="2014-08-12 00:00:00" AND  t.create_time<"2014-08-13 00:00:00"  GROUP BY ud.locid ) b ON l.id=b.locid LEFT JOIN (SELECT ud.locid locid,COUNT(DISTINCT ud.id) noAdminCount FROM assignment t,app_user_role r,  (SELECT u.id,f.ancestor_id locid FROM app_user u,location_flat f WHERE u.location_id=f.location_id AND f.ancestor_id IN(24521,24543,24561)   UNION ALL SELECT u.id,u.location_id locid FROM app_user u WHERE u.location_id IN(24521,24543,24561)) ud  WHERE t.creator_id=ud.id AND ud.id=r.user_id AND r.role='Technician'   AND t.create_time>="2014-08-12 00:00:00" AND  t.create_time<"2014-08-13 00:00:00"  GROUP BY ud.locid ) c ON l.id=c.locid  WHERE l.id IN(24521,24543,24561) [ RunTime:0.031001s ]
SQL: SELECT l.name,COALESCE(a.worklogCount,0) a,COALESCE(a.uCount,0) b,COALESCE(b.docCount,0) c,COALESCE(c.phoCount,0) d,COALESCE(d.audioCount,0) e FROM location l LEFT JOIN  (SELECT ud.locid locid,COUNT(DISTINCT w.id) worklogCount,COUNT(DISTINCT w.owner_id) uCount FROM work_log w,  (SELECT u.id,f.ancestor_id locid FROM app_user u,location_flat f WHERE u.location_id=f.location_id AND f.ancestor_id IN(24521,24543,24561)   UNION ALL SELECT u.id,u.location_id locid FROM app_user u WHERE u.location_id IN(24521,24543,24561)) ud  WHERE w.owner_id=ud.id    AND w.create_time>="2014-08-12 00:00:00" AND w.create_time<"2014-08-13 00:00:00"  GROUP BY ud.locid) a ON l.id=a.locid LEFT JOIN  (SELECT ud.locid locid,i.media_type,COUNT(i.id) docCount FROM work_log w,work_log_item i,  (SELECT u.id,f.ancestor_id locid FROM app_user u,location_flat f WHERE u.location_id=f.location_id AND f.ancestor_id IN(24521,24543,24561)   UNION ALL SELECT u.id,u.location_id locid FROM app_user u WHERE u.location_id IN(24521,24543,24561)) ud  WHERE w.owner_id=ud.id AND w.id=i.work_log_id   AND w.create_time>="2014-08-12 00:00:00" AND w.create_time<"2014-08-13 00:00:00"  AND i.media_type=1   GROUP BY ud.locid ) b ON l.id=b.locid LEFT JOIN  (SELECT ud.locid locid,i.media_type,COUNT(i.id) phoCount FROM work_log w,work_log_item i,  (SELECT u.id,f.ancestor_id locid FROM app_user u,location_flat f WHERE u.location_id=f.location_id AND f.ancestor_id IN(24521,24543,24561)   UNION ALL SELECT u.id,u.location_id locid FROM app_user u WHERE u.location_id IN(24521,24543,24561)) ud  WHERE w.owner_id=ud.id AND w.id=i.work_log_id   AND w.create_time>="2014-08-12 00:00:00" AND w.create_time<"2014-08-13 00:00:00"  AND i.media_type=2   GROUP BY ud.locid ) c ON l.id=c.locid LEFT JOIN  (SELECT ud.locid locid,i.media_type,COUNT(i.id) audioCount FROM work_log w,work_log_item i,  (SELECT u.id,f.ancestor_id locid FROM app_user u,location_flat f WHERE u.location_id=f.location_id AND f.ancestor_id IN(24521,24543,24561)   UNION ALL SELECT u.id,u.location_id locid FROM app_user u WHERE u.location_id IN(24521,24543,24561)) ud  WHERE w.owner_id=ud.id AND w.id=i.work_log_id   AND w.create_time>="2014-08-12 00:00:00" AND w.create_time<"2014-08-13 00:00:00"  AND i.media_type=3   GROUP BY ud.locid ) d ON l.id=d.locid   WHERE l.id IN(24521,24543,24561) [ RunTime:0.078004s ]
SQL: SELECT l.name,COALESCE(a.photoCount,0) a,COALESCE(a.ucount,0) b,COALESCE(b.priseCount,0) c,COALESCE(c.comCount,0) d FROM location l LEFT JOIN (SELECT ud.locid locid,COUNT(i.id) photoCount,COUNT(DISTINCT ud.id) ucount FROM album m,album_item i,  (SELECT u.id,f.ancestor_id locid FROM app_user u,location_flat f WHERE u.location_id=f.location_id AND f.ancestor_id IN(24521,24543,24561)  UNION ALL SELECT u.id,u.location_id locid FROM app_user u WHERE u.location_id IN(24521,24543,24561)) ud  WHERE m.owner_id=ud.id AND i.album_id=m.id   AND i.create_time>="2014-08-12 00:00:00" AND i.create_time<"2014-08-13 00:00:00"  GROUP BY ud.locid) a ON l.id=a.locid LEFT JOIN  (SELECT ud.locid locid,COUNT(uc.id) priseCount FROM user_comment uc,  (SELECT u.id,f.ancestor_id locid FROM app_user u,location_flat f WHERE u.location_id=f.location_id AND f.ancestor_id IN(24521,24543,24561)  UNION ALL SELECT u.id,u.location_id locid FROM app_user u WHERE u.location_id IN(24521,24543,24561)) ud  WHERE ud.id=uc.creator_id AND uc.obj_type='AlbumItem'   AND uc.create_time>"2014-08-12 00:00:00" AND uc.create_time<"2014-08-13 00:00:00"   GROUP BY ud.locid ) b ON l.id=b.locid LEFT JOIN (SELECT ud.locid locid,COUNT(uc.id) comCount FROM user_comment uc,  (SELECT u.id,f.ancestor_id locid FROM app_user u,location_flat f WHERE u.location_id=f.location_id AND f.ancestor_id IN(24521,24543,24561)  UNION ALL SELECT u.id,u.location_id locid FROM app_user u WHERE u.location_id IN(24521,24543,24561)) ud  WHERE ud.id=uc.creator_id AND uc.obj_type='SystemComment'   AND uc.create_time>="2014-08-12 00:00:00" AND uc.create_time<"2014-08-13 00:00:00"  GROUP BY ud.locid) c ON l.id=c.locid  WHERE l.id IN(24521,24543,24561) [ RunTime:0.050003s ]
SQL: SELECT a.rname a,l.name b,d.name c,a.age d FROM (SELECT u.id uid,u.real_name rname,u.location_id locid,u.dept_id depId,(2014-(SELECT SUBSTR(u.identify_value,7,4))+0) age FROM app_user u WHERE NOT EXISTS ( SELECT lo.user_id FROM login_log lo WHERE u.id=lo.user_id  ) AND u.id IN( SELECT u.id FROM app_user u,location_flat f WHERE u.location_id=f.location_id AND f.ancestor_id IN(24521,24543,24561)   UNION ALL SELECT u.id FROM app_user u WHERE u.location_id IN(24521,24543,24561) )) a,location l,department d WHERE a.depId=d.id AND a.locid=l.id [ RunTime:5.059289s ]
SQL: SELECT u.id,u.real_name,COALESCE(a.worklogCount,0) worklogCount,COALESCE(b.logCount,0) logCount FROM app_user u LEFT JOIN (SELECT w.owner_id uid,COALESCE(COUNT(w.id)) worklogCount FROM work_log w WHERE w.owner_id IN(SELECT u.id FROM app_user u,location_flat f WHERE u.location_id=f.location_id AND f.ancestor_id =24521 UNION ALL SELECT u.id FROM app_user u WHERE u.location_id =24521 ) AND w.create_time>="2014-08-12 00:00:00" AND w.create_time<"2014-08-13 00:00:00" GROUP BY w.owner_id) a ON u.id=a.uid LEFT JOIN (SELECT lo.user_id uid,COUNT(lo.user_id) logCount FROM login_log lo WHERE lo.user_id IN( SELECT u.id FROM app_user u,location_flat f WHERE u.location_id=f.location_id AND f.ancestor_id =24521 UNION ALL SELECT u.id FROM app_user u WHERE u.location_id =24521 ) AND lo.login_time>="2014-08-12 00:00:00" AND lo.login_time<"2014-08-13 00:00:00" GROUP BY lo.user_id ) b ON u.id=b.uid WHERE u.id IN(SELECT u.id FROM app_user u,location_flat f WHERE u.location_id=f.location_id AND f.ancestor_id =24521 UNION ALL SELECT u.id FROM app_user u WHERE u.location_id =24561 ) ORDER BY a.worklogCount DESC,b.logCount DESC LIMIT 10 [ RunTime:0.860050s ]
SQL: SELECT u.id,u.real_name,COALESCE(a.worklogCount,0) worklogCount,COALESCE(b.logCount,0) logCount FROM app_user u LEFT JOIN (SELECT w.owner_id uid,COALESCE(COUNT(w.id)) worklogCount FROM work_log w WHERE w.owner_id IN(SELECT u.id FROM app_user u,location_flat f WHERE u.location_id=f.location_id AND f.ancestor_id =24543 UNION ALL SELECT u.id FROM app_user u WHERE u.location_id =24543 ) AND w.create_time>="2014-08-12 00:00:00" AND w.create_time<"2014-08-13 00:00:00" GROUP BY w.owner_id) a ON u.id=a.uid LEFT JOIN (SELECT lo.user_id uid,COUNT(lo.user_id) logCount FROM login_log lo WHERE lo.user_id IN( SELECT u.id FROM app_user u,location_flat f WHERE u.location_id=f.location_id AND f.ancestor_id =24543 UNION ALL SELECT u.id FROM app_user u WHERE u.location_id =24543 ) AND lo.login_time>="2014-08-12 00:00:00" AND lo.login_time<"2014-08-13 00:00:00" GROUP BY lo.user_id ) b ON u.id=b.uid WHERE u.id IN(SELECT u.id FROM app_user u,location_flat f WHERE u.location_id=f.location_id AND f.ancestor_id =24543 UNION ALL SELECT u.id FROM app_user u WHERE u.location_id =24561 ) ORDER BY a.worklogCount DESC,b.logCount DESC LIMIT 10 [ RunTime:0.858049s ]
SQL: SELECT u.id,u.real_name,COALESCE(a.worklogCount,0) worklogCount,COALESCE(b.logCount,0) logCount FROM app_user u LEFT JOIN (SELECT w.owner_id uid,COALESCE(COUNT(w.id)) worklogCount FROM work_log w WHERE w.owner_id IN(SELECT u.id FROM app_user u,location_flat f WHERE u.location_id=f.location_id AND f.ancestor_id =24561 UNION ALL SELECT u.id FROM app_user u WHERE u.location_id =24561 ) AND w.create_time>="2014-08-12 00:00:00" AND w.create_time<"2014-08-13 00:00:00" GROUP BY w.owner_id) a ON u.id=a.uid LEFT JOIN (SELECT lo.user_id uid,COUNT(lo.user_id) logCount FROM login_log lo WHERE lo.user_id IN( SELECT u.id FROM app_user u,location_flat f WHERE u.location_id=f.location_id AND f.ancestor_id =24561 UNION ALL SELECT u.id FROM app_user u WHERE u.location_id =24561 ) AND lo.login_time>="2014-08-12 00:00:00" AND lo.login_time<"2014-08-13 00:00:00" GROUP BY lo.user_id ) b ON u.id=b.uid WHERE u.id IN(SELECT u.id FROM app_user u,location_flat f WHERE u.location_id=f.location_id AND f.ancestor_id =24561 UNION ALL SELECT u.id FROM app_user u WHERE u.location_id =24561 ) ORDER BY a.worklogCount DESC,b.logCount DESC LIMIT 10 [ RunTime:0.754043s ]
SQL: SELECT u.id,u.real_name,COALESCE(a.worklogCount,0) worklogCount,COALESCE(b.logCount,0) logCount FROM app_user u LEFT JOIN (SELECT w.owner_id uid,COALESCE(COUNT(w.id)) worklogCount FROM work_log w WHERE w.owner_id IN(SELECT u.id FROM app_user u,location_flat f WHERE u.location_id=f.location_id AND f.ancestor_id =24561 UNION ALL SELECT u.id FROM app_user u WHERE u.location_id =24561 ) AND w.create_time>="2014-08-12 00:00:00" AND w.create_time<"2014-08-13 00:00:00" GROUP BY w.owner_id) a ON u.id=a.uid LEFT JOIN (SELECT lo.user_id uid,COUNT(lo.user_id) logCount FROM login_log lo WHERE lo.user_id IN( SELECT u.id FROM app_user u,location_flat f WHERE u.location_id=f.location_id AND f.ancestor_id =24561 UNION ALL SELECT u.id FROM app_user u WHERE u.location_id =24561 ) AND lo.login_time>="2014-08-12 00:00:00" AND lo.login_time<"2014-08-13 00:00:00" GROUP BY lo.user_id ) b ON u.id=b.uid WHERE u.id IN(SELECT u.id FROM app_user u,location_flat f WHERE u.location_id=f.location_id AND f.ancestor_id =24561 UNION ALL SELECT u.id FROM app_user u WHERE u.location_id =24561 ) ORDER BY a.worklogCount DESC,b.logCount DESC LIMIT 10 [ RunTime:0.660038s ]
SQL: SELECT u.id,u.real_name,COALESCE(a.worklogCount,0) worklogCount,COALESCE(b.logCount,0) logCount FROM app_user u LEFT JOIN (SELECT w.owner_id uid,COALESCE(COUNT(w.id)) worklogCount FROM work_log w WHERE w.owner_id IN(SELECT u.id FROM app_user u,location_flat f WHERE u.location_id=f.location_id AND f.ancestor_id =24521 UNION ALL SELECT u.id FROM app_user u WHERE u.location_id =24521 ) AND w.create_time>="2014-08-12 00:00:00" AND w.create_time<"2014-08-13 00:00:00" GROUP BY w.owner_id) a ON u.id=a.uid LEFT JOIN (SELECT lo.user_id uid,COUNT(lo.user_id) logCount FROM login_log lo WHERE lo.user_id IN( SELECT u.id FROM app_user u,location_flat f WHERE u.location_id=f.location_id AND f.ancestor_id =24521 UNION ALL SELECT u.id FROM app_user u WHERE u.location_id =24521 ) AND lo.login_time>="2014-08-12 00:00:00" AND lo.login_time<"2014-08-13 00:00:00" GROUP BY lo.user_id ) b ON u.id=b.uid WHERE u.id IN(SELECT u.id FROM app_user u,location_flat f WHERE u.location_id=f.location_id AND f.ancestor_id =24521 UNION ALL SELECT u.id FROM app_user u WHERE u.location_id =24521 ) ORDER BY a.worklogCount DESC,b.logCount DESC LIMIT 10 [ RunTime:0.644037s ]
SQL: SELECT u.id,u.real_name,COALESCE(a.worklogCount,0) worklogCount,COALESCE(b.logCount,0) logCount FROM app_user u LEFT JOIN (SELECT w.owner_id uid,COALESCE(COUNT(w.id)) worklogCount FROM work_log w WHERE w.owner_id IN(SELECT u.id FROM app_user u,location_flat f WHERE u.location_id=f.location_id AND f.ancestor_id =24543 UNION ALL SELECT u.id FROM app_user u WHERE u.location_id =24543 ) AND w.create_time>="2014-08-12 00:00:00" AND w.create_time<"2014-08-13 00:00:00" GROUP BY w.owner_id) a ON u.id=a.uid LEFT JOIN (SELECT lo.user_id uid,COUNT(lo.user_id) logCount FROM login_log lo WHERE lo.user_id IN( SELECT u.id FROM app_user u,location_flat f WHERE u.location_id=f.location_id AND f.ancestor_id =24543 UNION ALL SELECT u.id FROM app_user u WHERE u.location_id =24543 ) AND lo.login_time>="2014-08-12 00:00:00" AND lo.login_time<"2014-08-13 00:00:00" GROUP BY lo.user_id ) b ON u.id=b.uid WHERE u.id IN(SELECT u.id FROM app_user u,location_flat f WHERE u.location_id=f.location_id AND f.ancestor_id =24543 UNION ALL SELECT u.id FROM app_user u WHERE u.location_id =24543 ) ORDER BY a.worklogCount DESC,b.logCount DESC LIMIT 10 [ RunTime:0.678039s ]
SQL: SELECT u.id,u.real_name,COALESCE(a.worklogCount,0) worklogCount,COALESCE(b.logCount,0) logCount FROM app_user u LEFT JOIN (SELECT w.owner_id uid,COALESCE(COUNT(w.id)) worklogCount FROM work_log w WHERE w.owner_id IN(SELECT u.id FROM app_user u,location_flat f WHERE u.location_id=f.location_id AND f.ancestor_id =28422 UNION ALL SELECT u.id FROM app_user u WHERE u.location_id =28422 ) AND w.create_time>="2014-08-12 00:00:00" AND w.create_time<"2014-08-13 00:00:00" GROUP BY w.owner_id) a ON u.id=a.uid LEFT JOIN (SELECT lo.user_id uid,COUNT(lo.user_id) logCount FROM login_log lo WHERE lo.user_id IN( SELECT u.id FROM app_user u,location_flat f WHERE u.location_id=f.location_id AND f.ancestor_id =28422 UNION ALL SELECT u.id FROM app_user u WHERE u.location_id =28422 ) AND lo.login_time>="2014-08-12 00:00:00" AND lo.login_time<"2014-08-13 00:00:00" GROUP BY lo.user_id ) b ON u.id=b.uid WHERE u.id IN(SELECT u.id FROM app_user u,location_flat f WHERE u.location_id=f.location_id AND f.ancestor_id =28422 UNION ALL SELECT u.id FROM app_user u WHERE u.location_id =28422 ) ORDER BY a.worklogCount DESC,b.logCount DESC LIMIT 10 [ RunTime:2.377136s ]
SQL: SELECT l.name,COALESCE(a.ulcount,0) b FROM  location l LEFT JOIN (SELECT ud.locid locid,COUNT(DISTINCT ud.id) ulcount,COUNT(ud.id) logCount FROM login_log lo,  (SELECT u.id,f.ancestor_id locid FROM app_user u,location_flat f WHERE u.location_id=f.location_id AND f.ancestor_id IN(24521,24543,24561)   UNION ALL SELECT u.id,u.location_id locid FROM app_user u WHERE u.location_id IN(24521,24543,24561)) ud  WHERE lo.user_id=ud.id   AND lo.login_time>="2014-08-12 00:00:00"   GROUP BY ud.locid) a ON a.locid=l.id WHERE l.id IN (24521,24543,24561) [ RunTime:0.070004s ]
SQL: 
				CALL count_worklog_all("2014-08-12 00:00:00","2014-08-13 00:00:00",("24521,24543,24561"))
				 [ RunTime:0.086005s ]
INFO: [ view_parse ] --START--
INFO: ParseTemplate Behavior ::run [ RunTime:1.394080s ]
INFO: [ view_parse ] --END-- [ RunTime:1.405080s ]
INFO: [ view_filter ] --START--
INFO: ContentReplace Behavior ::run [ RunTime:0.016001s ]
INFO: TokenBuild Behavior ::run [ RunTime:0.018001s ]
INFO: WriteHtmlCache Behavior ::run [ RunTime:0.010001s ]
INFO: ShowRuntime Behavior ::run [ RunTime:0.025002s ]
INFO: [ view_filter ] --END-- [ RunTime:0.097006s ]
INFO: [ view_end ] --START--
INFO: ShowPageTrace Behavior ::run [ RunTime:0.037002s ]
INFO: [ view_end ] --END-- [ RunTime:0.048003s ]

[ 2014-08-13T09:32:19+08:00 ] 127.0.0.1 /php_demo/shizhan/10/10wish/index.php/Njb/Index/tongji?checkbox%5B%5D=28422&date_begin=2014-08-12&date_end=2014-08-13
INFO: [ route_check ] --START--
INFO: CheckRoute Behavior ::run [ RunTime:0.017001s ]
INFO: [ route_check ] --END-- [ RunTime:0.031002s ]
INFO: [ app_begin ] --START--
INFO: ReadHtmlCache Behavior ::run [ RunTime:0.024001s ]
INFO: [ app_begin ] --END-- [ RunTime:0.037002s ]
SQL: SELECT l.name,COALESCE(a.ucount,0) as yhs,COALESCE(c.ulcount,0) as dlyhs,COALESCE(c.logCount,0) as dlcs FROM location l LEFT JOIN (SELECT ud.locid locid,COUNT(ud.id) ucount FROM   (SELECT u.id,f.ancestor_id locid FROM app_user u,location_flat f WHERE u.location_id=f.location_id AND f.ancestor_id IN(28422)    UNION ALL SELECT u.id,u.location_id locid FROM app_user u WHERE u.location_id IN(28422)) ud     GROUP BY ud.locid  ) a ON l.id=a.locid  LEFT JOIN (SELECT ud.locid locid,COUNT(DISTINCT ud.id) ulcount,COUNT(ud.id) logCount FROM login_log lo,  (SELECT u.id,f.ancestor_id locid FROM app_user u,location_flat f WHERE u.location_id=f.location_id AND f.ancestor_id IN(28422)   UNION ALL SELECT u.id,u.location_id locid FROM app_user u WHERE u.location_id IN(28422)) ud  WHERE lo.user_id=ud.id   AND lo.login_time>="2014-08-12 00:00:00" AND lo.login_time<"2014-08-13 00:00:00"   GROUP BY ud.locid) c ON l.id=c.locid WHERE l.id IN(28422) [ RunTime:0.066004s ]
SQL: SELECT l.name,COALESCE(a.noticeCount,0) noticeCount,COALESCE(a.userCount,0) userCount FROM location l LEFT JOIN  (SELECT ud.locid locid,COUNT(n.id) noticeCount,COUNT(DISTINCT ud.id) userCount FROM notice n,   (SELECT u.id,f.ancestor_id locid FROM app_user u,location_flat f WHERE u.location_id=f.location_id AND f.ancestor_id IN(28422)    UNION ALL SELECT u.id,u.location_id locid FROM app_user u WHERE u.location_id IN(28422)) ud   WHERE n.owner_id=ud.id AND n.publish_time>="2014-08-12 00:00:00"    AND n.publish_time<"2014-08-13 00:00:00" GROUP BY ud.locid) a  ON l.id=a.locid WHERE l.id IN(28422) [ RunTime:0.007000s ]
SQL: SELECT l.name,COALESCE(a.asCount,0) a,COALESCE(b.adminCount,0) b,COALESCE(c.noAdminCount,0) c FROM location l LEFT JOIN  (SELECT ud.locid locid,COUNT(t.id) asCount FROM assignment t,  (SELECT u.id,f.ancestor_id locid FROM app_user u,location_flat f WHERE u.location_id=f.location_id AND f.ancestor_id IN(28422)   UNION ALL SELECT u.id,u.location_id locid FROM app_user u WHERE u.location_id IN(28422)) ud  WHERE t.creator_id=ud.id AND t.create_time>="2014-08-12 00:00:00" AND  t.create_time<"2014-08-13 00:00:00"  GROUP BY ud.locid) a ON l.id=a.locid  LEFT JOIN (SELECT ud.locid locid,COUNT(DISTINCT ud.id) adminCount FROM assignment t,app_user_role r,  (SELECT u.id,f.ancestor_id locid FROM app_user u,location_flat f WHERE u.location_id=f.location_id AND f.ancestor_id IN(28422)   UNION ALL SELECT u.id,u.location_id locid FROM app_user u WHERE u.location_id IN(28422)) ud   WHERE t.creator_id=ud.id AND ud.id=r.user_id AND r.role='TechAdmin'   AND t.create_time>="2014-08-12 00:00:00" AND  t.create_time<"2014-08-13 00:00:00"  GROUP BY ud.locid ) b ON l.id=b.locid LEFT JOIN (SELECT ud.locid locid,COUNT(DISTINCT ud.id) noAdminCount FROM assignment t,app_user_role r,  (SELECT u.id,f.ancestor_id locid FROM app_user u,location_flat f WHERE u.location_id=f.location_id AND f.ancestor_id IN(28422)   UNION ALL SELECT u.id,u.location_id locid FROM app_user u WHERE u.location_id IN(28422)) ud  WHERE t.creator_id=ud.id AND ud.id=r.user_id AND r.role='Technician'   AND t.create_time>="2014-08-12 00:00:00" AND  t.create_time<"2014-08-13 00:00:00"  GROUP BY ud.locid ) c ON l.id=c.locid  WHERE l.id IN(28422) [ RunTime:0.011001s ]
SQL: SELECT l.name,COALESCE(a.worklogCount,0) a,COALESCE(a.uCount,0) b,COALESCE(b.docCount,0) c,COALESCE(c.phoCount,0) d,COALESCE(d.audioCount,0) e FROM location l LEFT JOIN  (SELECT ud.locid locid,COUNT(DISTINCT w.id) worklogCount,COUNT(DISTINCT w.owner_id) uCount FROM work_log w,  (SELECT u.id,f.ancestor_id locid FROM app_user u,location_flat f WHERE u.location_id=f.location_id AND f.ancestor_id IN(28422)   UNION ALL SELECT u.id,u.location_id locid FROM app_user u WHERE u.location_id IN(28422)) ud  WHERE w.owner_id=ud.id    AND w.create_time>="2014-08-12 00:00:00" AND w.create_time<"2014-08-13 00:00:00"  GROUP BY ud.locid) a ON l.id=a.locid LEFT JOIN  (SELECT ud.locid locid,i.media_type,COUNT(i.id) docCount FROM work_log w,work_log_item i,  (SELECT u.id,f.ancestor_id locid FROM app_user u,location_flat f WHERE u.location_id=f.location_id AND f.ancestor_id IN(28422)   UNION ALL SELECT u.id,u.location_id locid FROM app_user u WHERE u.location_id IN(28422)) ud  WHERE w.owner_id=ud.id AND w.id=i.work_log_id   AND w.create_time>="2014-08-12 00:00:00" AND w.create_time<"2014-08-13 00:00:00"  AND i.media_type=1   GROUP BY ud.locid ) b ON l.id=b.locid LEFT JOIN  (SELECT ud.locid locid,i.media_type,COUNT(i.id) phoCount FROM work_log w,work_log_item i,  (SELECT u.id,f.ancestor_id locid FROM app_user u,location_flat f WHERE u.location_id=f.location_id AND f.ancestor_id IN(28422)   UNION ALL SELECT u.id,u.location_id locid FROM app_user u WHERE u.location_id IN(28422)) ud  WHERE w.owner_id=ud.id AND w.id=i.work_log_id   AND w.create_time>="2014-08-12 00:00:00" AND w.create_time<"2014-08-13 00:00:00"  AND i.media_type=2   GROUP BY ud.locid ) c ON l.id=c.locid LEFT JOIN  (SELECT ud.locid locid,i.media_type,COUNT(i.id) audioCount FROM work_log w,work_log_item i,  (SELECT u.id,f.ancestor_id locid FROM app_user u,location_flat f WHERE u.location_id=f.location_id AND f.ancestor_id IN(28422)   UNION ALL SELECT u.id,u.location_id locid FROM app_user u WHERE u.location_id IN(28422)) ud  WHERE w.owner_id=ud.id AND w.id=i.work_log_id   AND w.create_time>="2014-08-12 00:00:00" AND w.create_time<"2014-08-13 00:00:00"  AND i.media_type=3   GROUP BY ud.locid ) d ON l.id=d.locid   WHERE l.id IN(28422) [ RunTime:0.019001s ]
SQL: SELECT l.name,COALESCE(a.photoCount,0) a,COALESCE(a.ucount,0) b,COALESCE(b.priseCount,0) c,COALESCE(c.comCount,0) d FROM location l LEFT JOIN (SELECT ud.locid locid,COUNT(i.id) photoCount,COUNT(DISTINCT ud.id) ucount FROM album m,album_item i,  (SELECT u.id,f.ancestor_id locid FROM app_user u,location_flat f WHERE u.location_id=f.location_id AND f.ancestor_id IN(28422)  UNION ALL SELECT u.id,u.location_id locid FROM app_user u WHERE u.location_id IN(28422)) ud  WHERE m.owner_id=ud.id AND i.album_id=m.id   AND i.create_time>="2014-08-12 00:00:00" AND i.create_time<"2014-08-13 00:00:00"  GROUP BY ud.locid) a ON l.id=a.locid LEFT JOIN  (SELECT ud.locid locid,COUNT(uc.id) priseCount FROM user_comment uc,  (SELECT u.id,f.ancestor_id locid FROM app_user u,location_flat f WHERE u.location_id=f.location_id AND f.ancestor_id IN(28422)  UNION ALL SELECT u.id,u.location_id locid FROM app_user u WHERE u.location_id IN(28422)) ud  WHERE ud.id=uc.creator_id AND uc.obj_type='AlbumItem'   AND uc.create_time>"2014-08-12 00:00:00" AND uc.create_time<"2014-08-13 00:00:00"   GROUP BY ud.locid ) b ON l.id=b.locid LEFT JOIN (SELECT ud.locid locid,COUNT(uc.id) comCount FROM user_comment uc,  (SELECT u.id,f.ancestor_id locid FROM app_user u,location_flat f WHERE u.location_id=f.location_id AND f.ancestor_id IN(28422)  UNION ALL SELECT u.id,u.location_id locid FROM app_user u WHERE u.location_id IN(28422)) ud  WHERE ud.id=uc.creator_id AND uc.obj_type='SystemComment'   AND uc.create_time>="2014-08-12 00:00:00" AND uc.create_time<"2014-08-13 00:00:00"  GROUP BY ud.locid) c ON l.id=c.locid  WHERE l.id IN(28422) [ RunTime:0.011001s ]
SQL: SELECT a.rname a,l.name b,d.name c,a.age d FROM (SELECT u.id uid,u.real_name rname,u.location_id locid,u.dept_id depId,(2014-(SELECT SUBSTR(u.identify_value,7,4))+0) age FROM app_user u WHERE NOT EXISTS ( SELECT lo.user_id FROM login_log lo WHERE u.id=lo.user_id  ) AND u.id IN( SELECT u.id FROM app_user u,location_flat f WHERE u.location_id=f.location_id AND f.ancestor_id IN(28422)   UNION ALL SELECT u.id FROM app_user u WHERE u.location_id IN(28422) )) a,location l,department d WHERE a.depId=d.id AND a.locid=l.id [ RunTime:4.772273s ]
SQL: SELECT u.id,u.real_name,COALESCE(a.worklogCount,0) worklogCount,COALESCE(b.logCount,0) logCount FROM app_user u LEFT JOIN (SELECT w.owner_id uid,COALESCE(COUNT(w.id)) worklogCount FROM work_log w WHERE w.owner_id IN(SELECT u.id FROM app_user u,location_flat f WHERE u.location_id=f.location_id AND f.ancestor_id =28422 UNION ALL SELECT u.id FROM app_user u WHERE u.location_id =28422 ) AND w.create_time>="2014-08-12 00:00:00" AND w.create_time<"2014-08-13 00:00:00" GROUP BY w.owner_id) a ON u.id=a.uid LEFT JOIN (SELECT lo.user_id uid,COUNT(lo.user_id) logCount FROM login_log lo WHERE lo.user_id IN( SELECT u.id FROM app_user u,location_flat f WHERE u.location_id=f.location_id AND f.ancestor_id =28422 UNION ALL SELECT u.id FROM app_user u WHERE u.location_id =28422 ) AND lo.login_time>="2014-08-12 00:00:00" AND lo.login_time<"2014-08-13 00:00:00" GROUP BY lo.user_id ) b ON u.id=b.uid WHERE u.id IN(SELECT u.id FROM app_user u,location_flat f WHERE u.location_id=f.location_id AND f.ancestor_id =28422 UNION ALL SELECT u.id FROM app_user u WHERE u.location_id =24561 ) ORDER BY a.worklogCount DESC,b.logCount DESC LIMIT 10 [ RunTime:0.694039s ]
SQL: SELECT u.id,u.real_name,COALESCE(a.worklogCount,0) worklogCount,COALESCE(b.logCount,0) logCount FROM app_user u LEFT JOIN (SELECT w.owner_id uid,COALESCE(COUNT(w.id)) worklogCount FROM work_log w WHERE w.owner_id IN(SELECT u.id FROM app_user u,location_flat f WHERE u.location_id=f.location_id AND f.ancestor_id =24561 UNION ALL SELECT u.id FROM app_user u WHERE u.location_id =24561 ) AND w.create_time>="2014-08-12 00:00:00" AND w.create_time<"2014-08-13 00:00:00" GROUP BY w.owner_id) a ON u.id=a.uid LEFT JOIN (SELECT lo.user_id uid,COUNT(lo.user_id) logCount FROM login_log lo WHERE lo.user_id IN( SELECT u.id FROM app_user u,location_flat f WHERE u.location_id=f.location_id AND f.ancestor_id =24561 UNION ALL SELECT u.id FROM app_user u WHERE u.location_id =24561 ) AND lo.login_time>="2014-08-12 00:00:00" AND lo.login_time<"2014-08-13 00:00:00" GROUP BY lo.user_id ) b ON u.id=b.uid WHERE u.id IN(SELECT u.id FROM app_user u,location_flat f WHERE u.location_id=f.location_id AND f.ancestor_id =24561 UNION ALL SELECT u.id FROM app_user u WHERE u.location_id =24561 ) ORDER BY a.worklogCount DESC,b.logCount DESC LIMIT 10 [ RunTime:0.600035s ]
SQL: SELECT u.id,u.real_name,COALESCE(a.worklogCount,0) worklogCount,COALESCE(b.logCount,0) logCount FROM app_user u LEFT JOIN (SELECT w.owner_id uid,COALESCE(COUNT(w.id)) worklogCount FROM work_log w WHERE w.owner_id IN(SELECT u.id FROM app_user u,location_flat f WHERE u.location_id=f.location_id AND f.ancestor_id =24521 UNION ALL SELECT u.id FROM app_user u WHERE u.location_id =24521 ) AND w.create_time>="2014-08-12 00:00:00" AND w.create_time<"2014-08-13 00:00:00" GROUP BY w.owner_id) a ON u.id=a.uid LEFT JOIN (SELECT lo.user_id uid,COUNT(lo.user_id) logCount FROM login_log lo WHERE lo.user_id IN( SELECT u.id FROM app_user u,location_flat f WHERE u.location_id=f.location_id AND f.ancestor_id =24521 UNION ALL SELECT u.id FROM app_user u WHERE u.location_id =24521 ) AND lo.login_time>="2014-08-12 00:00:00" AND lo.login_time<"2014-08-13 00:00:00" GROUP BY lo.user_id ) b ON u.id=b.uid WHERE u.id IN(SELECT u.id FROM app_user u,location_flat f WHERE u.location_id=f.location_id AND f.ancestor_id =24521 UNION ALL SELECT u.id FROM app_user u WHERE u.location_id =24521 ) ORDER BY a.worklogCount DESC,b.logCount DESC LIMIT 10 [ RunTime:0.533031s ]
SQL: SELECT u.id,u.real_name,COALESCE(a.worklogCount,0) worklogCount,COALESCE(b.logCount,0) logCount FROM app_user u LEFT JOIN (SELECT w.owner_id uid,COALESCE(COUNT(w.id)) worklogCount FROM work_log w WHERE w.owner_id IN(SELECT u.id FROM app_user u,location_flat f WHERE u.location_id=f.location_id AND f.ancestor_id =24543 UNION ALL SELECT u.id FROM app_user u WHERE u.location_id =24543 ) AND w.create_time>="2014-08-12 00:00:00" AND w.create_time<"2014-08-13 00:00:00" GROUP BY w.owner_id) a ON u.id=a.uid LEFT JOIN (SELECT lo.user_id uid,COUNT(lo.user_id) logCount FROM login_log lo WHERE lo.user_id IN( SELECT u.id FROM app_user u,location_flat f WHERE u.location_id=f.location_id AND f.ancestor_id =24543 UNION ALL SELECT u.id FROM app_user u WHERE u.location_id =24543 ) AND lo.login_time>="2014-08-12 00:00:00" AND lo.login_time<"2014-08-13 00:00:00" GROUP BY lo.user_id ) b ON u.id=b.uid WHERE u.id IN(SELECT u.id FROM app_user u,location_flat f WHERE u.location_id=f.location_id AND f.ancestor_id =24543 UNION ALL SELECT u.id FROM app_user u WHERE u.location_id =24543 ) ORDER BY a.worklogCount DESC,b.logCount DESC LIMIT 10 [ RunTime:0.503029s ]
SQL: SELECT u.id,u.real_name,COALESCE(a.worklogCount,0) worklogCount,COALESCE(b.logCount,0) logCount FROM app_user u LEFT JOIN (SELECT w.owner_id uid,COALESCE(COUNT(w.id)) worklogCount FROM work_log w WHERE w.owner_id IN(SELECT u.id FROM app_user u,location_flat f WHERE u.location_id=f.location_id AND f.ancestor_id =28422 UNION ALL SELECT u.id FROM app_user u WHERE u.location_id =28422 ) AND w.create_time>="2014-08-12 00:00:00" AND w.create_time<"2014-08-13 00:00:00" GROUP BY w.owner_id) a ON u.id=a.uid LEFT JOIN (SELECT lo.user_id uid,COUNT(lo.user_id) logCount FROM login_log lo WHERE lo.user_id IN( SELECT u.id FROM app_user u,location_flat f WHERE u.location_id=f.location_id AND f.ancestor_id =28422 UNION ALL SELECT u.id FROM app_user u WHERE u.location_id =28422 ) AND lo.login_time>="2014-08-12 00:00:00" AND lo.login_time<"2014-08-13 00:00:00" GROUP BY lo.user_id ) b ON u.id=b.uid WHERE u.id IN(SELECT u.id FROM app_user u,location_flat f WHERE u.location_id=f.location_id AND f.ancestor_id =28422 UNION ALL SELECT u.id FROM app_user u WHERE u.location_id =28422 ) ORDER BY a.worklogCount DESC,b.logCount DESC LIMIT 10 [ RunTime:0.474027s ]
SQL: SELECT l.name,COALESCE(a.ulcount,0) b FROM  location l LEFT JOIN (SELECT ud.locid locid,COUNT(DISTINCT ud.id) ulcount,COUNT(ud.id) logCount FROM login_log lo,  (SELECT u.id,f.ancestor_id locid FROM app_user u,location_flat f WHERE u.location_id=f.location_id AND f.ancestor_id IN(28422)   UNION ALL SELECT u.id,u.location_id locid FROM app_user u WHERE u.location_id IN(28422)) ud  WHERE lo.user_id=ud.id   AND lo.login_time>="2014-08-12 00:00:00"   GROUP BY ud.locid) a ON a.locid=l.id WHERE l.id IN (28422) [ RunTime:0.023002s ]
SQL: 
				CALL count_worklog_all("2014-08-12 00:00:00","2014-08-13 00:00:00",("28422"))
				 [ RunTime:0.013001s ]
INFO: [ view_parse ] --START--
INFO: ParseTemplate Behavior ::run [ RunTime:0.650037s ]
INFO: [ view_parse ] --END-- [ RunTime:0.655037s ]
INFO: [ view_filter ] --START--
INFO: ContentReplace Behavior ::run [ RunTime:0.007001s ]
INFO: TokenBuild Behavior ::run [ RunTime:0.009000s ]
INFO: WriteHtmlCache Behavior ::run [ RunTime:0.004000s ]
INFO: ShowRuntime Behavior ::run [ RunTime:0.011001s ]
INFO: [ view_filter ] --END-- [ RunTime:0.043003s ]
INFO: [ view_end ] --START--
INFO: ShowPageTrace Behavior ::run [ RunTime:0.096006s ]
INFO: [ view_end ] --END-- [ RunTime:0.116007s ]

[ 2014-08-13T14:39:48+08:00 ] 127.0.0.1 /php_demo/shizhan/10/10wish/
INFO: [ app_begin ] --START--
INFO: ReadHtmlCache Behavior ::run [ RunTime:0.034002s ]
INFO: [ app_begin ] --END-- [ RunTime:0.046003s ]
SQL: SHOW COLUMNS FROM `tp_wish` [ RunTime:0.219012s ]
SQL: SELECT * FROM `tp_wish`  [ RunTime:0.004000s ]
INFO: [ view_parse ] --START--
INFO: ParseTemplate Behavior ::run [ RunTime:0.634036s ]
INFO: [ view_parse ] --END-- [ RunTime:0.646037s ]
INFO: [ view_filter ] --START--
INFO: ContentReplace Behavior ::run [ RunTime:0.023001s ]
INFO: TokenBuild Behavior ::run [ RunTime:0.026001s ]
INFO: WriteHtmlCache Behavior ::run [ RunTime:0.015001s ]
INFO: ShowRuntime Behavior ::run [ RunTime:0.040002s ]
INFO: [ view_filter ] --END-- [ RunTime:0.140008s ]
INFO: [ view_end ] --START--
INFO: ShowPageTrace Behavior ::run [ RunTime:0.039002s ]
INFO: [ view_end ] --END-- [ RunTime:0.052003s ]

[ 2014-08-13T15:44:16+08:00 ] 127.0.0.1 /php_demo/shizhan/10/10wish/index.php/PHP_API
INFO: [ route_check ] --START--
INFO: CheckRoute Behavior ::run [ RunTime:0.024001s ]
INFO: [ route_check ] --END-- [ RunTime:0.037002s ]
INFO: [ app_begin ] --START--
INFO: ReadHtmlCache Behavior ::run [ RunTime:0.030002s ]
INFO: [ app_begin ] --END-- [ RunTime:0.041002s ]
ERR: 无法加载模块:PHP_API

[ 2014-08-13T15:44:46+08:00 ] 127.0.0.1 /php_demo/shizhan/10/10wish/index.php/PHP_API
INFO: [ route_check ] --START--
INFO: CheckRoute Behavior ::run [ RunTime:0.019001s ]
INFO: [ route_check ] --END-- [ RunTime:0.031002s ]
INFO: [ app_begin ] --START--
INFO: ReadHtmlCache Behavior ::run [ RunTime:0.022002s ]
INFO: [ app_begin ] --END-- [ RunTime:0.035002s ]
ERR: 模板不存在[./APP/Tpl/PHP_API/Index/index.html]

[ 2014-08-13T15:45:55+08:00 ] 127.0.0.1 /php_demo/shizhan/10/10wish/index.php/PHP_API/array_shift
INFO: [ route_check ] --START--
INFO: CheckRoute Behavior ::run [ RunTime:0.017001s ]
INFO: [ route_check ] --END-- [ RunTime:0.029002s ]
INFO: [ app_begin ] --START--
INFO: ReadHtmlCache Behavior ::run [ RunTime:0.024002s ]
INFO: [ app_begin ] --END-- [ RunTime:0.038002s ]
ERR: 无法加载模块:array_shift

[ 2014-08-13T15:46:11+08:00 ] 127.0.0.1 /php_demo/shizhan/10/10wish/index.php/PHP_API/array_shift
INFO: [ route_check ] --START--
INFO: CheckRoute Behavior ::run [ RunTime:0.021001s ]
INFO: [ route_check ] --END-- [ RunTime:0.034002s ]
INFO: [ app_begin ] --START--
INFO: ReadHtmlCache Behavior ::run [ RunTime:0.023001s ]
INFO: [ app_begin ] --END-- [ RunTime:0.034002s ]
ERR: 无法加载模块:array_shift

[ 2014-08-13T15:46:18+08:00 ] 127.0.0.1 /php_demo/shizhan/10/10wish/index.php/PHP_API/func_array_shift
INFO: [ route_check ] --START--
INFO: CheckRoute Behavior ::run [ RunTime:0.016000s ]
INFO: [ route_check ] --END-- [ RunTime:0.030002s ]
INFO: [ app_begin ] --START--
INFO: ReadHtmlCache Behavior ::run [ RunTime:0.023002s ]
INFO: [ app_begin ] --END-- [ RunTime:0.035002s ]
ERR: 无法加载模块:func_array_shift

[ 2014-08-13T15:46:34+08:00 ] 127.0.0.1 /php_demo/shizhan/10/10wish/index.php/PHP_API/Index/func_array_shift
INFO: [ route_check ] --START--
INFO: CheckRoute Behavior ::run [ RunTime:0.017001s ]
INFO: [ route_check ] --END-- [ RunTime:0.029002s ]
INFO: [ app_begin ] --START--
INFO: ReadHtmlCache Behavior ::run [ RunTime:0.023001s ]
INFO: [ app_begin ] --END-- [ RunTime:0.035002s ]
ERR: 非法操作:func_array_shift

[ 2014-08-13T15:46:53+08:00 ] 127.0.0.1 /php_demo/shizhan/10/10wish/index.php/PHP_API/Index/array_shift
INFO: [ route_check ] --START--
INFO: CheckRoute Behavior ::run [ RunTime:0.017001s ]
INFO: [ route_check ] --END-- [ RunTime:0.030002s ]
INFO: [ app_begin ] --START--
INFO: ReadHtmlCache Behavior ::run [ RunTime:0.021001s ]
INFO: [ app_begin ] --END-- [ RunTime:0.032001s ]

[ 2014-08-13T15:47:24+08:00 ] 127.0.0.1 /php_demo/shizhan/10/10wish/index.php/PHP_API/Index/array_shift
INFO: [ route_check ] --START--
INFO: CheckRoute Behavior ::run [ RunTime:0.012000s ]
INFO: [ route_check ] --END-- [ RunTime:0.020002s ]
INFO: [ app_begin ] --START--
INFO: ReadHtmlCache Behavior ::run [ RunTime:0.018001s ]
INFO: [ app_begin ] --END-- [ RunTime:0.031002s ]

[ 2014-08-13T15:48:51+08:00 ] 127.0.0.1 /php_demo/shizhan/10/10wish/index.php/PHP_API/Index/array_shift
INFO: [ route_check ] --START--
INFO: CheckRoute Behavior ::run [ RunTime:0.018001s ]
INFO: [ route_check ] --END-- [ RunTime:0.029002s ]
INFO: [ app_begin ] --START--
INFO: ReadHtmlCache Behavior ::run [ RunTime:0.023002s ]
INFO: [ app_begin ] --END-- [ RunTime:0.035002s ]

[ 2014-08-13T16:12:23+08:00 ] 127.0.0.1 /php_demo/shizhan/10/10wish/index.php/PHP_API/Index/array_shift
INFO: [ route_check ] --START--
INFO: CheckRoute Behavior ::run [ RunTime:0.018001s ]
INFO: [ route_check ] --END-- [ RunTime:0.035002s ]
INFO: [ app_begin ] --START--
INFO: ReadHtmlCache Behavior ::run [ RunTime:0.030001s ]
INFO: [ app_begin ] --END-- [ RunTime:0.042003s ]

[ 2014-08-13T16:16:32+08:00 ] 127.0.0.1 /php_demo/shizhan/10/10wish/index.php/PHP_API/Index/func_array_shift
INFO: [ route_check ] --START--
INFO: CheckRoute Behavior ::run [ RunTime:0.018001s ]
INFO: [ route_check ] --END-- [ RunTime:0.031002s ]
INFO: [ app_begin ] --START--
INFO: ReadHtmlCache Behavior ::run [ RunTime:0.023001s ]
INFO: [ app_begin ] --END-- [ RunTime:0.036002s ]
ERR: 非法操作:func_array_shift

[ 2014-08-13T16:39:16+08:00 ] 127.0.0.1 /php_demo/shizhan/10/10wish/
INFO: [ app_begin ] --START--
INFO: ReadHtmlCache Behavior ::run [ RunTime:0.034002s ]
INFO: [ app_begin ] --END-- [ RunTime:0.046003s ]
SQL: SHOW COLUMNS FROM `tp_wish` [ RunTime:0.026001s ]
SQL: SELECT * FROM `tp_wish`  [ RunTime:0.004000s ]
INFO: [ view_parse ] --START--
INFO: ParseTemplate Behavior ::run [ RunTime:0.426025s ]
INFO: [ view_parse ] --END-- [ RunTime:0.441025s ]
INFO: [ view_filter ] --START--
INFO: ContentReplace Behavior ::run [ RunTime:0.054003s ]
INFO: TokenBuild Behavior ::run [ RunTime:0.025001s ]
INFO: WriteHtmlCache Behavior ::run [ RunTime:0.015001s ]
INFO: ShowRuntime Behavior ::run [ RunTime:0.033001s ]
INFO: [ view_filter ] --END-- [ RunTime:0.154009s ]
INFO: [ view_end ] --START--
INFO: ShowPageTrace Behavior ::run [ RunTime:0.017001s ]
INFO: [ view_end ] --END-- [ RunTime:0.028002s ]

