[ 2014-08-05T21:54:14+08:00 ] 127.0.0.1 /php_demo/shizhan/10/10wish/index.php/Map
INFO: [ route_check ] --START--
INFO: CheckRoute Behavior ::run [ RunTime:0.014001s ]
INFO: [ route_check ] --END-- [ RunTime:0.016001s ]
INFO: [ app_begin ] --START--
INFO: ReadHtmlCache Behavior ::run [ RunTime:0.011001s ]
INFO: [ app_begin ] --END-- [ RunTime:0.011001s ]
ERR: 无法加载模块:Map

[ 2014-08-05T21:54:25+08:00 ] 127.0.0.1 /php_demo/shizhan/10/10wish/index.php/Test/Map
INFO: [ route_check ] --START--
INFO: CheckRoute Behavior ::run [ RunTime:0.001000s ]
INFO: [ route_check ] --END-- [ RunTime:0.001000s ]
INFO: [ app_begin ] --START--
INFO: ReadHtmlCache Behavior ::run [ RunTime:0.001000s ]
INFO: [ app_begin ] --END-- [ RunTime:0.001000s ]

[ 2014-08-05T21:54:29+08:00 ] 127.0.0.1 /php_demo/shizhan/10/10wish/index.php/Test/Map/route
INFO: [ route_check ] --START--
INFO: CheckRoute Behavior ::run [ RunTime:0.001000s ]
INFO: [ route_check ] --END-- [ RunTime:0.001000s ]
INFO: [ app_begin ] --START--
INFO: ReadHtmlCache Behavior ::run [ RunTime:0.001000s ]
INFO: [ app_begin ] --END-- [ RunTime:0.001000s ]

[ 2014-08-05T21:54:56+08:00 ] 127.0.0.1 /php_demo/shizhan/10/10wish/index.php/Test/Map/route
INFO: [ route_check ] --START--
INFO: CheckRoute Behavior ::run [ RunTime:0.001000s ]
INFO: [ route_check ] --END-- [ RunTime:0.002000s ]
INFO: [ app_begin ] --START--
INFO: ReadHtmlCache Behavior ::run [ RunTime:0.001001s ]
INFO: [ app_begin ] --END-- [ RunTime:0.001001s ]
INFO: [ view_parse ] --START--
INFO: ParseTemplate Behavior ::run [ RunTime:0.038002s ]
INFO: [ view_parse ] --END-- [ RunTime:0.038002s ]
INFO: [ view_filter ] --START--
INFO: ContentReplace Behavior ::run [ RunTime:0.001000s ]
INFO: TokenBuild Behavior ::run [ RunTime:0.011000s ]
INFO: WriteHtmlCache Behavior ::run [ RunTime:0.001000s ]
INFO: ShowRuntime Behavior ::run [ RunTime:0.005001s ]
INFO: [ view_filter ] --END-- [ RunTime:0.018001s ]
INFO: [ view_end ] --START--
INFO: ShowPageTrace Behavior ::run [ RunTime:0.008000s ]
INFO: [ view_end ] --END-- [ RunTime:0.009000s ]

