[ 2014-08-03T10:52:55+08:00 ] 127.0.0.1 /php_demo/shizhan/10/10wish/index.php/Admin/WishManage
INFO: [ route_check ] --START--
INFO: CheckRoute Behavior ::run [ RunTime:0.002000s ]
INFO: [ route_check ] --END-- [ RunTime:0.002000s ]
INFO: [ app_begin ] --START--
INFO: ReadHtmlCache Behavior ::run [ RunTime:0.001001s ]
INFO: [ app_begin ] --END-- [ RunTime:0.002001s ]
SQL: SHOW COLUMNS FROM `tp_wish` [ RunTime:0.015001s ]
SQL: SELECT COUNT(*) AS tp_count FROM `tp_wish` LIMIT 1   [ RunTime:0.000000s ]
SQL: SELECT * FROM `tp_wish` ORDER BY time DESC LIMIT 0,2   [ RunTime:0.001000s ]
INFO: [ view_parse ] --START--
INFO: ParseTemplate Behavior ::run [ RunTime:0.023001s ]
INFO: [ view_parse ] --END-- [ RunTime:0.023001s ]
INFO: [ view_filter ] --START--
INFO: ContentReplace Behavior ::run [ RunTime:0.004000s ]
INFO: TokenBuild Behavior ::run [ RunTime:0.001000s ]
INFO: WriteHtmlCache Behavior ::run [ RunTime:0.001000s ]
INFO: ShowRuntime Behavior ::run [ RunTime:0.001000s ]
INFO: [ view_filter ] --END-- [ RunTime:0.008000s ]
INFO: [ view_end ] --START--
INFO: ShowPageTrace Behavior ::run [ RunTime:0.001000s ]
INFO: [ view_end ] --END-- [ RunTime:0.001000s ]

[ 2014-08-03T10:53:02+08:00 ] 127.0.0.1 /php_demo/shizhan/10/10wish/index.php/Test
INFO: [ route_check ] --START--
INFO: CheckRoute Behavior ::run [ RunTime:0.001000s ]
INFO: [ route_check ] --END-- [ RunTime:0.002000s ]
INFO: [ app_begin ] --START--
INFO: ReadHtmlCache Behavior ::run [ RunTime:0.001001s ]
INFO: [ app_begin ] --END-- [ RunTime:0.001001s ]
ERR: 模板不存在[./APP/Tpl/Test/Index/index.html]

[ 2014-08-03T10:53:22+08:00 ] 127.0.0.1 /php_demo/shizhan/10/10wish/index.php/Test
INFO: [ route_check ] --START--
INFO: CheckRoute Behavior ::run [ RunTime:0.001000s ]
INFO: [ route_check ] --END-- [ RunTime:0.002000s ]
INFO: [ app_begin ] --START--
INFO: ReadHtmlCache Behavior ::run [ RunTime:0.001000s ]
INFO: [ app_begin ] --END-- [ RunTime:0.002000s ]
INFO: [ view_parse ] --START--
INFO: ParseTemplate Behavior ::run [ RunTime:0.010000s ]
INFO: [ view_parse ] --END-- [ RunTime:0.010000s ]
INFO: [ view_filter ] --START--
INFO: ContentReplace Behavior ::run [ RunTime:0.000000s ]
INFO: TokenBuild Behavior ::run [ RunTime:0.001000s ]
INFO: WriteHtmlCache Behavior ::run [ RunTime:0.000000s ]
INFO: ShowRuntime Behavior ::run [ RunTime:0.001000s ]
INFO: [ view_filter ] --END-- [ RunTime:0.005001s ]
INFO: [ view_end ] --START--
INFO: ShowPageTrace Behavior ::run [ RunTime:0.001000s ]
INFO: [ view_end ] --END-- [ RunTime:0.002000s ]

[ 2014-08-03T10:53:31+08:00 ] 127.0.0.1 /php_demo/shizhan/10/10wish/index.php/upload_file.php
INFO: [ route_check ] --START--
INFO: CheckRoute Behavior ::run [ RunTime:0.002000s ]
INFO: [ route_check ] --END-- [ RunTime:0.003000s ]
INFO: [ app_begin ] --START--
INFO: ReadHtmlCache Behavior ::run [ RunTime:0.001001s ]
INFO: [ app_begin ] --END-- [ RunTime:0.002001s ]
NOTIC: [8] Undefined variable: group D:\Dropbox-List\Net\Dropbox\WebDev\xampp\htdocs\php_demo\shizhan\10\10wish\ThinkPHP\Lib\Core\App.class.php 第 95 行.
ERR: 无法加载模块:upload_file.php

[ 2014-08-03T10:54:20+08:00 ] 127.0.0.1 /php_demo/shizhan/10/10wish/index.php/upload_file.php
INFO: [ route_check ] --START--
INFO: CheckRoute Behavior ::run [ RunTime:0.001001s ]
INFO: [ route_check ] --END-- [ RunTime:0.001001s ]
INFO: [ app_begin ] --START--
INFO: ReadHtmlCache Behavior ::run [ RunTime:0.001000s ]
INFO: [ app_begin ] --END-- [ RunTime:0.001000s ]
NOTIC: [8] Undefined variable: group D:\Dropbox-List\Net\Dropbox\WebDev\xampp\htdocs\php_demo\shizhan\10\10wish\ThinkPHP\Lib\Core\App.class.php 第 95 行.
ERR: 无法加载模块:upload_file.php

[ 2014-08-03T10:54:28+08:00 ] 127.0.0.1 /php_demo/shizhan/10/10wish/index.php/upload_file.php
INFO: [ route_check ] --START--
INFO: CheckRoute Behavior ::run [ RunTime:0.002001s ]
INFO: [ route_check ] --END-- [ RunTime:0.002001s ]
INFO: [ app_begin ] --START--
INFO: ReadHtmlCache Behavior ::run [ RunTime:0.001000s ]
INFO: [ app_begin ] --END-- [ RunTime:0.001000s ]
NOTIC: [8] Undefined variable: group D:\Dropbox-List\Net\Dropbox\WebDev\xampp\htdocs\php_demo\shizhan\10\10wish\ThinkPHP\Lib\Core\App.class.php 第 95 行.
ERR: 无法加载模块:upload_file.php

[ 2014-08-03T10:54:30+08:00 ] 127.0.0.1 /php_demo/shizhan/10/10wish/index.php/Test
INFO: [ route_check ] --START--
INFO: CheckRoute Behavior ::run [ RunTime:0.001000s ]
INFO: [ route_check ] --END-- [ RunTime:0.002000s ]
INFO: [ app_begin ] --START--
INFO: ReadHtmlCache Behavior ::run [ RunTime:0.001000s ]
INFO: [ app_begin ] --END-- [ RunTime:0.001000s ]
INFO: [ view_parse ] --START--
INFO: ParseTemplate Behavior ::run [ RunTime:0.010001s ]
INFO: [ view_parse ] --END-- [ RunTime:0.011001s ]
INFO: [ view_filter ] --START--
INFO: ContentReplace Behavior ::run [ RunTime:0.001000s ]
INFO: TokenBuild Behavior ::run [ RunTime:0.001000s ]
INFO: WriteHtmlCache Behavior ::run [ RunTime:0.001000s ]
INFO: ShowRuntime Behavior ::run [ RunTime:0.001000s ]
INFO: [ view_filter ] --END-- [ RunTime:0.004000s ]
INFO: [ view_end ] --START--
INFO: ShowPageTrace Behavior ::run [ RunTime:0.001000s ]
INFO: [ view_end ] --END-- [ RunTime:0.001000s ]

[ 2014-08-03T10:54:34+08:00 ] 127.0.0.1 /php_demo/shizhan/10/10wish/index.php/Test/Test/Index.html
INFO: [ route_check ] --START--
INFO: CheckRoute Behavior ::run [ RunTime:0.004000s ]
INFO: [ route_check ] --END-- [ RunTime:0.005000s ]
INFO: [ app_begin ] --START--
INFO: ReadHtmlCache Behavior ::run [ RunTime:0.003000s ]
INFO: [ app_begin ] --END-- [ RunTime:0.004001s ]
ERR: 无法加载模块:Test

[ 2014-08-03T10:55:07+08:00 ] 127.0.0.1 /php_demo/shizhan/10/10wish/index.php/Test
INFO: [ route_check ] --START--
INFO: CheckRoute Behavior ::run [ RunTime:0.001000s ]
INFO: [ route_check ] --END-- [ RunTime:0.002000s ]
INFO: [ app_begin ] --START--
INFO: ReadHtmlCache Behavior ::run [ RunTime:0.001000s ]
INFO: [ app_begin ] --END-- [ RunTime:0.001000s ]
INFO: [ view_parse ] --START--
INFO: ParseTemplate Behavior ::run [ RunTime:0.011001s ]
INFO: [ view_parse ] --END-- [ RunTime:0.012001s ]
INFO: [ view_filter ] --START--
INFO: ContentReplace Behavior ::run [ RunTime:0.001000s ]
INFO: TokenBuild Behavior ::run [ RunTime:0.001000s ]
INFO: WriteHtmlCache Behavior ::run [ RunTime:0.001000s ]
INFO: ShowRuntime Behavior ::run [ RunTime:0.002000s ]
INFO: [ view_filter ] --END-- [ RunTime:0.006000s ]
INFO: [ view_end ] --START--
INFO: ShowPageTrace Behavior ::run [ RunTime:0.001000s ]
INFO: [ view_end ] --END-- [ RunTime:0.002000s ]

[ 2014-08-03T10:55:11+08:00 ] 127.0.0.1 /php_demo/shizhan/10/10wish/index.php/Test/Index/upload.html
INFO: [ route_check ] --START--
INFO: CheckRoute Behavior ::run [ RunTime:0.001000s ]
INFO: [ route_check ] --END-- [ RunTime:0.001000s ]
INFO: [ app_begin ] --START--
INFO: ReadHtmlCache Behavior ::run [ RunTime:0.001000s ]
INFO: [ app_begin ] --END-- [ RunTime:0.002000s ]

[ 2014-08-03T11:00:33+08:00 ] 127.0.0.1 /php_demo/shizhan/10/10wish/index.php/Test/Index/upload.html
INFO: [ route_check ] --START--
INFO: CheckRoute Behavior ::run [ RunTime:0.002000s ]
INFO: [ route_check ] --END-- [ RunTime:0.002000s ]
INFO: [ app_begin ] --START--
INFO: ReadHtmlCache Behavior ::run [ RunTime:0.001000s ]
INFO: [ app_begin ] --END-- [ RunTime:0.001000s ]
NOTIC: [2] move_uploaded_file(/10wish/Data/Upload2011-11-06-CSS3-Custom-Font-with-CSS3.jpg): failed to open stream: No such file or directory D:\Dropbox-List\Net\Dropbox\WebDev\xampp\htdocs\php_demo\shizhan\10\10wish\APP\Lib\Action\Test\IndexAction.class.php 第 38 行.
NOTIC: [2] move_uploaded_file(): Unable to move 'D:\programs\xampp\tmp\php32B5.tmp' to '/10wish/Data/Upload2011-11-06-CSS3-Custom-Font-with-CSS3.jpg' D:\Dropbox-List\Net\Dropbox\WebDev\xampp\htdocs\php_demo\shizhan\10\10wish\APP\Lib\Action\Test\IndexAction.class.php 第 38 行.

[ 2014-08-03T11:01:13+08:00 ] 127.0.0.1 /php_demo/shizhan/10/10wish/index.php/Test/Index/upload.html
INFO: [ route_check ] --START--
INFO: CheckRoute Behavior ::run [ RunTime:0.001000s ]
INFO: [ route_check ] --END-- [ RunTime:0.001000s ]
INFO: [ app_begin ] --START--
INFO: ReadHtmlCache Behavior ::run [ RunTime:0.001000s ]
INFO: [ app_begin ] --END-- [ RunTime:0.001000s ]
NOTIC: [2] move_uploaded_file(/10wish/Data/Upload2011-11-06-CSS3-Custom-Font-with-CSS3.jpg): failed to open stream: No such file or directory D:\Dropbox-List\Net\Dropbox\WebDev\xampp\htdocs\php_demo\shizhan\10\10wish\APP\Lib\Action\Test\IndexAction.class.php 第 38 行.
NOTIC: [2] move_uploaded_file(): Unable to move 'D:\programs\xampp\tmp\phpD175.tmp' to '/10wish/Data/Upload2011-11-06-CSS3-Custom-Font-with-CSS3.jpg' D:\Dropbox-List\Net\Dropbox\WebDev\xampp\htdocs\php_demo\shizhan\10\10wish\APP\Lib\Action\Test\IndexAction.class.php 第 38 行.

[ 2014-08-03T11:02:13+08:00 ] 127.0.0.1 /php_demo/shizhan/10/10wish/index.php/Test/Index/upload.html
INFO: [ route_check ] --START--
INFO: CheckRoute Behavior ::run [ RunTime:0.001000s ]
INFO: [ route_check ] --END-- [ RunTime:0.001000s ]
INFO: [ app_begin ] --START--
INFO: ReadHtmlCache Behavior ::run [ RunTime:0.001000s ]
INFO: [ app_begin ] --END-- [ RunTime:0.001000s ]
NOTIC: [2] move_uploaded_file(/10wish/Data/Upload/2011-11-06-CSS3-Custom-Font-with-CSS3.jpg): failed to open stream: No such file or directory D:\Dropbox-List\Net\Dropbox\WebDev\xampp\htdocs\php_demo\shizhan\10\10wish\APP\Lib\Action\Test\IndexAction.class.php 第 38 行.
NOTIC: [2] move_uploaded_file(): Unable to move 'D:\programs\xampp\tmp\phpB973.tmp' to '/10wish/Data/Upload/2011-11-06-CSS3-Custom-Font-with-CSS3.jpg' D:\Dropbox-List\Net\Dropbox\WebDev\xampp\htdocs\php_demo\shizhan\10\10wish\APP\Lib\Action\Test\IndexAction.class.php 第 38 行.

[ 2014-08-03T11:03:30+08:00 ] 127.0.0.1 /php_demo/shizhan/10/10wish/index.php/Test/Index/upload.html
INFO: [ route_check ] --START--
INFO: CheckRoute Behavior ::run [ RunTime:0.001000s ]
INFO: [ route_check ] --END-- [ RunTime:0.001000s ]
INFO: [ app_begin ] --START--
INFO: ReadHtmlCache Behavior ::run [ RunTime:0.001000s ]
INFO: [ app_begin ] --END-- [ RunTime:0.002000s ]
NOTIC: [2] move_uploaded_file(/10wish/Data/Upload/2011-11-06-CSS3-Custom-Font-with-CSS3.jpg): failed to open stream: No such file or directory D:\Dropbox-List\Net\Dropbox\WebDev\xampp\htdocs\php_demo\shizhan\10\10wish\APP\Lib\Action\Test\IndexAction.class.php 第 38 行.
NOTIC: [2] move_uploaded_file(): Unable to move 'D:\programs\xampp\tmp\phpE767.tmp' to '/10wish/Data/Upload/2011-11-06-CSS3-Custom-Font-with-CSS3.jpg' D:\Dropbox-List\Net\Dropbox\WebDev\xampp\htdocs\php_demo\shizhan\10\10wish\APP\Lib\Action\Test\IndexAction.class.php 第 38 行.

[ 2014-08-03T11:04:48+08:00 ] 127.0.0.1 /php_demo/shizhan/10/10wish/index.php/Test
INFO: [ route_check ] --START--
INFO: CheckRoute Behavior ::run [ RunTime:0.001000s ]
INFO: [ route_check ] --END-- [ RunTime:0.001000s ]
INFO: [ app_begin ] --START--
INFO: ReadHtmlCache Behavior ::run [ RunTime:0.001000s ]
INFO: [ app_begin ] --END-- [ RunTime:0.001000s ]
INFO: [ view_parse ] --START--
INFO: ParseTemplate Behavior ::run [ RunTime:0.012001s ]
INFO: [ view_parse ] --END-- [ RunTime:0.013001s ]
INFO: [ view_filter ] --START--
INFO: ContentReplace Behavior ::run [ RunTime:0.001000s ]
INFO: TokenBuild Behavior ::run [ RunTime:0.001000s ]
INFO: WriteHtmlCache Behavior ::run [ RunTime:0.000000s ]
INFO: ShowRuntime Behavior ::run [ RunTime:0.002000s ]
INFO: [ view_filter ] --END-- [ RunTime:0.005000s ]
INFO: [ view_end ] --START--
INFO: ShowPageTrace Behavior ::run [ RunTime:0.001000s ]
INFO: [ view_end ] --END-- [ RunTime:0.002000s ]

[ 2014-08-03T11:04:48+08:00 ] 127.0.0.1 /php_demo/shizhan/10/10wish/index.php/Test
INFO: [ route_check ] --START--
INFO: CheckRoute Behavior ::run [ RunTime:0.002000s ]
INFO: [ route_check ] --END-- [ RunTime:0.002000s ]
INFO: [ app_begin ] --START--
INFO: ReadHtmlCache Behavior ::run [ RunTime:0.001000s ]
INFO: [ app_begin ] --END-- [ RunTime:0.001000s ]
INFO: [ view_parse ] --START--
INFO: ParseTemplate Behavior ::run [ RunTime:0.011001s ]
INFO: [ view_parse ] --END-- [ RunTime:0.011001s ]
INFO: [ view_filter ] --START--
INFO: ContentReplace Behavior ::run [ RunTime:0.001000s ]
INFO: TokenBuild Behavior ::run [ RunTime:0.001000s ]
INFO: WriteHtmlCache Behavior ::run [ RunTime:0.000000s ]
INFO: ShowRuntime Behavior ::run [ RunTime:0.001000s ]
INFO: [ view_filter ] --END-- [ RunTime:0.005000s ]
INFO: [ view_end ] --START--
INFO: ShowPageTrace Behavior ::run [ RunTime:0.001000s ]
INFO: [ view_end ] --END-- [ RunTime:0.001000s ]

[ 2014-08-03T11:04:53+08:00 ] 127.0.0.1 /php_demo/shizhan/10/10wish/index.php/Test/Index/upload.html
INFO: [ route_check ] --START--
INFO: CheckRoute Behavior ::run [ RunTime:0.001000s ]
INFO: [ route_check ] --END-- [ RunTime:0.001000s ]
INFO: [ app_begin ] --START--
INFO: ReadHtmlCache Behavior ::run [ RunTime:0.001000s ]
INFO: [ app_begin ] --END-- [ RunTime:0.002000s ]
NOTIC: [2] move_uploaded_file(/10wish/Data/Upload/2011-11-06-CSS3-Custom-Font-with-CSS3.jpg): failed to open stream: No such file or directory D:\Dropbox-List\Net\Dropbox\WebDev\xampp\htdocs\php_demo\shizhan\10\10wish\APP\Lib\Action\Test\IndexAction.class.php 第 38 行.
NOTIC: [2] move_uploaded_file(): Unable to move 'D:\programs\xampp\tmp\php2DD9.tmp' to '/10wish/Data/Upload/2011-11-06-CSS3-Custom-Font-with-CSS3.jpg' D:\Dropbox-List\Net\Dropbox\WebDev\xampp\htdocs\php_demo\shizhan\10\10wish\APP\Lib\Action\Test\IndexAction.class.php 第 38 行.

[ 2014-08-03T11:08:37+08:00 ] 127.0.0.1 /php_demo/shizhan/10/10wish/index.php/Test/Index/upload.html
INFO: [ route_check ] --START--
INFO: CheckRoute Behavior ::run [ RunTime:0.001000s ]
INFO: [ route_check ] --END-- [ RunTime:0.002001s ]
INFO: [ app_begin ] --START--
INFO: ReadHtmlCache Behavior ::run [ RunTime:0.001000s ]
INFO: [ app_begin ] --END-- [ RunTime:0.001000s ]
NOTIC: [2] move_uploaded_file(D:\Dropbox-List\Net\Dropbox\WebDev
mpp\htdocs\php_demo\shizhanwish\Data\Upload2011-11-06-CSS3-Custom-Font-with-CSS3.jpg): failed to open stream: Invalid argument D:\Dropbox-List\Net\Dropbox\WebDev\xampp\htdocs\php_demo\shizhan\10\10wish\APP\Lib\Action\Test\IndexAction.class.php 第 41 行.
NOTIC: [2] move_uploaded_file(): Unable to move 'D:\programs\xampp\tmp\php95FF.tmp' to 'D:\Dropbox-List\Net\Dropbox\WebDev
mpp\htdocs\php_demo\shizhanwish\Data\Upload2011-11-06-CSS3-Custom-Font-with-CSS3.jpg' D:\Dropbox-List\Net\Dropbox\WebDev\xampp\htdocs\php_demo\shizhan\10\10wish\APP\Lib\Action\Test\IndexAction.class.php 第 41 行.

[ 2014-08-03T11:09:11+08:00 ] 127.0.0.1 /php_demo/shizhan/10/10wish/index.php/Test/Index/upload.html
INFO: [ route_check ] --START--
INFO: CheckRoute Behavior ::run [ RunTime:0.001000s ]
INFO: [ route_check ] --END-- [ RunTime:0.001000s ]
INFO: [ app_begin ] --START--
INFO: ReadHtmlCache Behavior ::run [ RunTime:0.001000s ]
INFO: [ app_begin ] --END-- [ RunTime:0.001000s ]
NOTIC: [2] move_uploaded_file(./10wish/2011-11-06-CSS3-Custom-Font-with-CSS3.jpg): failed to open stream: No such file or directory D:\Dropbox-List\Net\Dropbox\WebDev\xampp\htdocs\php_demo\shizhan\10\10wish\APP\Lib\Action\Test\IndexAction.class.php 第 41 行.
NOTIC: [2] move_uploaded_file(): Unable to move 'D:\programs\xampp\tmp\php1A5B.tmp' to './10wish/2011-11-06-CSS3-Custom-Font-with-CSS3.jpg' D:\Dropbox-List\Net\Dropbox\WebDev\xampp\htdocs\php_demo\shizhan\10\10wish\APP\Lib\Action\Test\IndexAction.class.php 第 41 行.

[ 2014-08-03T11:09:29+08:00 ] 127.0.0.1 /php_demo/shizhan/10/10wish/index.php/Test/Index/upload.html
INFO: [ route_check ] --START--
INFO: CheckRoute Behavior ::run [ RunTime:0.001000s ]
INFO: [ route_check ] --END-- [ RunTime:0.002000s ]
INFO: [ app_begin ] --START--
INFO: ReadHtmlCache Behavior ::run [ RunTime:0.001000s ]
INFO: [ app_begin ] --END-- [ RunTime:0.002000s ]

[ 2014-08-03T15:12:22+08:00 ] 127.0.0.1 /php_demo/shizhan/10/10wish/index.php/Test/Index/upload.html
INFO: [ route_check ] --START--
INFO: CheckRoute Behavior ::run [ RunTime:0.002000s ]
INFO: [ route_check ] --END-- [ RunTime:0.002000s ]
INFO: [ app_begin ] --START--
INFO: ReadHtmlCache Behavior ::run [ RunTime:0.001000s ]
INFO: [ app_begin ] --END-- [ RunTime:0.002001s ]
NOTIC: [8] Undefined index: file D:\Dropbox-List\Net\Dropbox\WebDev\xampp\htdocs\php_demo\shizhan\10\10wish\APP\Lib\Action\Test\IndexAction.class.php 第 16 行.
NOTIC: [8] Undefined index: file D:\Dropbox-List\Net\Dropbox\WebDev\xampp\htdocs\php_demo\shizhan\10\10wish\APP\Lib\Action\Test\IndexAction.class.php 第 19 行.

[ 2014-08-03T15:12:29+08:00 ] 127.0.0.1 /php_demo/shizhan/10/10wish/index.php/Test
INFO: [ route_check ] --START--
INFO: CheckRoute Behavior ::run [ RunTime:0.005000s ]
INFO: [ route_check ] --END-- [ RunTime:0.005000s ]
INFO: [ app_begin ] --START--
INFO: ReadHtmlCache Behavior ::run [ RunTime:0.002000s ]
INFO: [ app_begin ] --END-- [ RunTime:0.002000s ]
INFO: [ view_parse ] --START--
INFO: ParseTemplate Behavior ::run [ RunTime:0.023001s ]
INFO: [ view_parse ] --END-- [ RunTime:0.023001s ]
INFO: [ view_filter ] --START--
INFO: ContentReplace Behavior ::run [ RunTime:0.001000s ]
INFO: TokenBuild Behavior ::run [ RunTime:0.001000s ]
INFO: WriteHtmlCache Behavior ::run [ RunTime:0.000000s ]
INFO: ShowRuntime Behavior ::run [ RunTime:0.001001s ]
INFO: [ view_filter ] --END-- [ RunTime:0.005001s ]
INFO: [ view_end ] --START--
INFO: ShowPageTrace Behavior ::run [ RunTime:0.002000s ]
INFO: [ view_end ] --END-- [ RunTime:0.002000s ]

[ 2014-08-03T15:14:37+08:00 ] 127.0.0.1 /php_demo/shizhan/10/10wish/index.php/Index/handle
INFO: [ route_check ] --START--
INFO: CheckRoute Behavior ::run [ RunTime:0.001000s ]
INFO: [ route_check ] --END-- [ RunTime:0.002001s ]
INFO: [ app_begin ] --START--
INFO: ReadHtmlCache Behavior ::run [ RunTime:0.001000s ]
INFO: [ app_begin ] --END-- [ RunTime:0.001000s ]
SQL: SHOW COLUMNS FROM `tp_wish` [ RunTime:0.002000s ]
SQL: INSERT INTO `tp_wish` (`username`,`content`,`time`) VALUES ('ssh','11\n',1407050077) [ RunTime:0.013001s ]

