[ 2014-07-09T01:31:44+08:00 ] 127.0.0.1 /php_demo/shizhan/10/10wish/
INFO: [ app_begin ] --START--
INFO: ReadHtmlCache Behavior ::run [ RunTime:0.009001s ]
INFO: [ app_begin ] --END-- [ RunTime:0.013001s ]
NOTIC: [2] Missing argument 1 for Action::show(), called in D:\Dropbox-List\Net\Dropbox\WebDev\xampp\htdocs\php_demo\shizhan\10\10wish\APP\Lib\Action\Home\IndexAction.class.php on line 7 and defined D:\Dropbox-List\Net\Dropbox\WebDev\xampp\htdocs\php_demo\shizhan\10\10wish\ThinkPHP\Lib\Core\Action.class.php 第 107 行.
NOTIC: [8] Undefined variable: content D:\Dropbox-List\Net\Dropbox\WebDev\xampp\htdocs\php_demo\shizhan\10\10wish\ThinkPHP\Lib\Core\Action.class.php 第 108 行.
INFO: [ view_parse ] --START--
INFO: ParseTemplate Behavior ::run [ RunTime:0.075004s ]
INFO: [ view_parse ] --END-- [ RunTime:0.080004s ]
INFO: [ view_filter ] --START--
INFO: ContentReplace Behavior ::run [ RunTime:0.008000s ]
INFO: TokenBuild Behavior ::run [ RunTime:0.011001s ]
INFO: WriteHtmlCache Behavior ::run [ RunTime:0.008001s ]
INFO: ShowRuntime Behavior ::run [ RunTime:0.011001s ]
INFO: [ view_filter ] --END-- [ RunTime:0.054003s ]
INFO: [ view_end ] --START--
INFO: ShowPageTrace Behavior ::run [ RunTime:0.008001s ]
INFO: [ view_end ] --END-- [ RunTime:0.013001s ]

[ 2014-07-09T01:38:39+08:00 ] 127.0.0.1 /php_demo/shizhan/10/10wish/
INFO: [ app_begin ] --START--
INFO: ReadHtmlCache Behavior ::run [ RunTime:0.008000s ]
INFO: [ app_begin ] --END-- [ RunTime:0.013000s ]
NOTIC: [2] Missing argument 1 for Action::show(), called in D:\Dropbox-List\Net\Dropbox\WebDev\xampp\htdocs\php_demo\shizhan\10\10wish\APP\Lib\Action\Home\IndexAction.class.php on line 7 and defined D:\Dropbox-List\Net\Dropbox\WebDev\xampp\htdocs\php_demo\shizhan\10\10wish\ThinkPHP\Lib\Core\Action.class.php 第 107 行.
NOTIC: [8] Undefined variable: content D:\Dropbox-List\Net\Dropbox\WebDev\xampp\htdocs\php_demo\shizhan\10\10wish\ThinkPHP\Lib\Core\Action.class.php 第 108 行.
INFO: [ view_parse ] --START--
INFO: ParseTemplate Behavior ::run [ RunTime:0.067004s ]
INFO: [ view_parse ] --END-- [ RunTime:0.071004s ]
INFO: [ view_filter ] --START--
INFO: ContentReplace Behavior ::run [ RunTime:0.011000s ]
INFO: TokenBuild Behavior ::run [ RunTime:0.010000s ]
INFO: WriteHtmlCache Behavior ::run [ RunTime:0.004001s ]
INFO: ShowRuntime Behavior ::run [ RunTime:0.011000s ]
INFO: [ view_filter ] --END-- [ RunTime:0.052003s ]
INFO: [ view_end ] --START--
INFO: ShowPageTrace Behavior ::run [ RunTime:0.008000s ]
INFO: [ view_end ] --END-- [ RunTime:0.012000s ]

[ 2014-07-09T01:42:45+08:00 ] 127.0.0.1 /php_demo/shizhan/10/10wish/
INFO: [ app_begin ] --START--
INFO: ReadHtmlCache Behavior ::run [ RunTime:0.008001s ]
INFO: [ app_begin ] --END-- [ RunTime:0.013001s ]
NOTIC: [2] Missing argument 1 for Action::show(), called in D:\Dropbox-List\Net\Dropbox\WebDev\xampp\htdocs\php_demo\shizhan\10\10wish\APP\Lib\Action\Home\IndexAction.class.php on line 7 and defined D:\Dropbox-List\Net\Dropbox\WebDev\xampp\htdocs\php_demo\shizhan\10\10wish\ThinkPHP\Lib\Core\Action.class.php 第 107 行.
NOTIC: [8] Undefined variable: content D:\Dropbox-List\Net\Dropbox\WebDev\xampp\htdocs\php_demo\shizhan\10\10wish\ThinkPHP\Lib\Core\Action.class.php 第 108 行.
INFO: [ view_parse ] --START--
INFO: ParseTemplate Behavior ::run [ RunTime:0.073004s ]
INFO: [ view_parse ] --END-- [ RunTime:0.079004s ]
INFO: [ view_filter ] --START--
INFO: ContentReplace Behavior ::run [ RunTime:0.011000s ]
INFO: TokenBuild Behavior ::run [ RunTime:0.009000s ]
INFO: WriteHtmlCache Behavior ::run [ RunTime:0.005000s ]
INFO: ShowRuntime Behavior ::run [ RunTime:0.011000s ]
INFO: [ view_filter ] --END-- [ RunTime:0.051003s ]
INFO: [ view_end ] --START--
INFO: ShowPageTrace Behavior ::run [ RunTime:0.007000s ]
INFO: [ view_end ] --END-- [ RunTime:0.011000s ]

[ 2014-07-09T01:43:20+08:00 ] 127.0.0.1 /php_demo/shizhan/10/10wish/
INFO: [ app_begin ] --START--
INFO: ReadHtmlCache Behavior ::run [ RunTime:0.009000s ]
INFO: [ app_begin ] --END-- [ RunTime:0.013001s ]
NOTIC: [2] Missing argument 1 for Action::show(), called in D:\Dropbox-List\Net\Dropbox\WebDev\xampp\htdocs\php_demo\shizhan\10\10wish\APP\Lib\Action\Home\IndexAction.class.php on line 7 and defined D:\Dropbox-List\Net\Dropbox\WebDev\xampp\htdocs\php_demo\shizhan\10\10wish\ThinkPHP\Lib\Core\Action.class.php 第 107 行.
NOTIC: [8] Undefined variable: content D:\Dropbox-List\Net\Dropbox\WebDev\xampp\htdocs\php_demo\shizhan\10\10wish\ThinkPHP\Lib\Core\Action.class.php 第 108 行.
INFO: [ view_parse ] --START--
INFO: ParseTemplate Behavior ::run [ RunTime:0.079005s ]
INFO: [ view_parse ] --END-- [ RunTime:0.084005s ]
INFO: [ view_filter ] --START--
INFO: ContentReplace Behavior ::run [ RunTime:0.007000s ]
INFO: TokenBuild Behavior ::run [ RunTime:0.009001s ]
INFO: WriteHtmlCache Behavior ::run [ RunTime:0.005000s ]
INFO: ShowRuntime Behavior ::run [ RunTime:0.011001s ]
INFO: [ view_filter ] --END-- [ RunTime:0.043003s ]
INFO: [ view_end ] --START--
INFO: ShowPageTrace Behavior ::run [ RunTime:0.007001s ]
INFO: [ view_end ] --END-- [ RunTime:0.011001s ]

[ 2014-07-09T01:43:46+08:00 ] 127.0.0.1 /php_demo/shizhan/10/10wish/index.php/Index/handle
INFO: [ route_check ] --START--
INFO: CheckRoute Behavior ::run [ RunTime:0.066004s ]
INFO: [ route_check ] --END-- [ RunTime:0.074005s ]
INFO: [ app_begin ] --START--
INFO: ReadHtmlCache Behavior ::run [ RunTime:0.008001s ]
INFO: [ app_begin ] --END-- [ RunTime:0.012001s ]
ERR: 非法操作:handle

[ 2014-07-09T01:44:23+08:00 ] 127.0.0.1 /php_demo/shizhan/10/10wish/index.php/Index/handle
INFO: [ route_check ] --START--
INFO: CheckRoute Behavior ::run [ RunTime:0.006000s ]
INFO: [ route_check ] --END-- [ RunTime:0.011000s ]
INFO: [ app_begin ] --START--
INFO: ReadHtmlCache Behavior ::run [ RunTime:0.008000s ]
INFO: [ app_begin ] --END-- [ RunTime:0.012000s ]

[ 2014-07-09T01:51:02+08:00 ] 127.0.0.1 /php_demo/shizhan/10/10wish/
INFO: [ app_begin ] --START--
INFO: ReadHtmlCache Behavior ::run [ RunTime:0.008001s ]
INFO: [ app_begin ] --END-- [ RunTime:0.013001s ]
NOTIC: [2] Missing argument 1 for Action::show(), called in D:\Dropbox-List\Net\Dropbox\WebDev\xampp\htdocs\php_demo\shizhan\10\10wish\APP\Lib\Action\Home\IndexAction.class.php on line 7 and defined D:\Dropbox-List\Net\Dropbox\WebDev\xampp\htdocs\php_demo\shizhan\10\10wish\ThinkPHP\Lib\Core\Action.class.php 第 107 行.
NOTIC: [8] Undefined variable: content D:\Dropbox-List\Net\Dropbox\WebDev\xampp\htdocs\php_demo\shizhan\10\10wish\ThinkPHP\Lib\Core\Action.class.php 第 108 行.
INFO: [ view_parse ] --START--
INFO: ParseTemplate Behavior ::run [ RunTime:0.104006s ]
INFO: [ view_parse ] --END-- [ RunTime:0.108006s ]
INFO: [ view_filter ] --START--
INFO: ContentReplace Behavior ::run [ RunTime:0.007000s ]
INFO: TokenBuild Behavior ::run [ RunTime:0.008001s ]
INFO: WriteHtmlCache Behavior ::run [ RunTime:0.005000s ]
INFO: ShowRuntime Behavior ::run [ RunTime:0.012001s ]
INFO: [ view_filter ] --END-- [ RunTime:0.047003s ]
INFO: [ view_end ] --START--
INFO: ShowPageTrace Behavior ::run [ RunTime:0.007001s ]
INFO: [ view_end ] --END-- [ RunTime:0.012001s ]

[ 2014-07-09T01:51:16+08:00 ] 127.0.0.1 /php_demo/shizhan/10/10wish/
INFO: [ app_begin ] --START--
INFO: ReadHtmlCache Behavior ::run [ RunTime:0.008001s ]
INFO: [ app_begin ] --END-- [ RunTime:0.013001s ]
NOTIC: [2] Missing argument 1 for Action::show(), called in D:\Dropbox-List\Net\Dropbox\WebDev\xampp\htdocs\php_demo\shizhan\10\10wish\APP\Lib\Action\Home\IndexAction.class.php on line 7 and defined D:\Dropbox-List\Net\Dropbox\WebDev\xampp\htdocs\php_demo\shizhan\10\10wish\ThinkPHP\Lib\Core\Action.class.php 第 107 行.
NOTIC: [8] Undefined variable: content D:\Dropbox-List\Net\Dropbox\WebDev\xampp\htdocs\php_demo\shizhan\10\10wish\ThinkPHP\Lib\Core\Action.class.php 第 108 行.
INFO: [ view_parse ] --START--
INFO: ParseTemplate Behavior ::run [ RunTime:0.077004s ]
INFO: [ view_parse ] --END-- [ RunTime:0.081004s ]
INFO: [ view_filter ] --START--
INFO: ContentReplace Behavior ::run [ RunTime:0.007000s ]
INFO: TokenBuild Behavior ::run [ RunTime:0.008001s ]
INFO: WriteHtmlCache Behavior ::run [ RunTime:0.004000s ]
INFO: ShowRuntime Behavior ::run [ RunTime:0.012001s ]
INFO: [ view_filter ] --END-- [ RunTime:0.044002s ]
INFO: [ view_end ] --START--
INFO: ShowPageTrace Behavior ::run [ RunTime:0.007000s ]
INFO: [ view_end ] --END-- [ RunTime:0.011001s ]

[ 2014-07-09T01:51:36+08:00 ] 127.0.0.1 /php_demo/shizhan/10/10wish/
INFO: [ app_begin ] --START--
INFO: ReadHtmlCache Behavior ::run [ RunTime:0.008001s ]
INFO: [ app_begin ] --END-- [ RunTime:0.013001s ]
NOTIC: [2] Missing argument 1 for Action::show(), called in D:\Dropbox-List\Net\Dropbox\WebDev\xampp\htdocs\php_demo\shizhan\10\10wish\APP\Lib\Action\Home\IndexAction.class.php on line 7 and defined D:\Dropbox-List\Net\Dropbox\WebDev\xampp\htdocs\php_demo\shizhan\10\10wish\ThinkPHP\Lib\Core\Action.class.php 第 107 行.
NOTIC: [8] Undefined variable: content D:\Dropbox-List\Net\Dropbox\WebDev\xampp\htdocs\php_demo\shizhan\10\10wish\ThinkPHP\Lib\Core\Action.class.php 第 108 行.
INFO: [ view_parse ] --START--
INFO: ParseTemplate Behavior ::run [ RunTime:0.073004s ]
INFO: [ view_parse ] --END-- [ RunTime:0.077004s ]
INFO: [ view_filter ] --START--
INFO: ContentReplace Behavior ::run [ RunTime:0.006000s ]
INFO: TokenBuild Behavior ::run [ RunTime:0.008001s ]
INFO: WriteHtmlCache Behavior ::run [ RunTime:0.005000s ]
INFO: ShowRuntime Behavior ::run [ RunTime:0.011001s ]
INFO: [ view_filter ] --END-- [ RunTime:0.042003s ]
INFO: [ view_end ] --START--
INFO: ShowPageTrace Behavior ::run [ RunTime:0.007001s ]
INFO: [ view_end ] --END-- [ RunTime:0.012001s ]

[ 2014-07-09T01:51:40+08:00 ] 127.0.0.1 /php_demo/shizhan/10/10wish/
INFO: [ app_begin ] --START--
INFO: ReadHtmlCache Behavior ::run [ RunTime:0.008000s ]
INFO: [ app_begin ] --END-- [ RunTime:0.012000s ]
NOTIC: [2] Missing argument 1 for Action::show(), called in D:\Dropbox-List\Net\Dropbox\WebDev\xampp\htdocs\php_demo\shizhan\10\10wish\APP\Lib\Action\Home\IndexAction.class.php on line 7 and defined D:\Dropbox-List\Net\Dropbox\WebDev\xampp\htdocs\php_demo\shizhan\10\10wish\ThinkPHP\Lib\Core\Action.class.php 第 107 行.
NOTIC: [8] Undefined variable: content D:\Dropbox-List\Net\Dropbox\WebDev\xampp\htdocs\php_demo\shizhan\10\10wish\ThinkPHP\Lib\Core\Action.class.php 第 108 行.
INFO: [ view_parse ] --START--
INFO: ParseTemplate Behavior ::run [ RunTime:0.073005s ]
INFO: [ view_parse ] --END-- [ RunTime:0.077005s ]
INFO: [ view_filter ] --START--
INFO: ContentReplace Behavior ::run [ RunTime:0.007000s ]
INFO: TokenBuild Behavior ::run [ RunTime:0.008000s ]
INFO: WriteHtmlCache Behavior ::run [ RunTime:0.004000s ]
INFO: ShowRuntime Behavior ::run [ RunTime:0.010000s ]
INFO: [ view_filter ] --END-- [ RunTime:0.042002s ]
INFO: [ view_end ] --START--
INFO: ShowPageTrace Behavior ::run [ RunTime:0.008000s ]
INFO: [ view_end ] --END-- [ RunTime:0.012000s ]

[ 2014-07-09T01:55:15+08:00 ] 127.0.0.1 /php_demo/shizhan/10/10wish/
INFO: [ app_begin ] --START--
INFO: ReadHtmlCache Behavior ::run [ RunTime:0.008000s ]
INFO: [ app_begin ] --END-- [ RunTime:0.012000s ]
NOTIC: [2] Missing argument 1 for Action::show(), called in D:\Dropbox-List\Net\Dropbox\WebDev\xampp\htdocs\php_demo\shizhan\10\10wish\APP\Lib\Action\Home\IndexAction.class.php on line 7 and defined D:\Dropbox-List\Net\Dropbox\WebDev\xampp\htdocs\php_demo\shizhan\10\10wish\ThinkPHP\Lib\Core\Action.class.php 第 107 行.
NOTIC: [8] Undefined variable: content D:\Dropbox-List\Net\Dropbox\WebDev\xampp\htdocs\php_demo\shizhan\10\10wish\ThinkPHP\Lib\Core\Action.class.php 第 108 行.
INFO: [ view_parse ] --START--
INFO: ParseTemplate Behavior ::run [ RunTime:0.074004s ]
INFO: [ view_parse ] --END-- [ RunTime:0.078004s ]
INFO: [ view_filter ] --START--
INFO: ContentReplace Behavior ::run [ RunTime:0.006001s ]
INFO: TokenBuild Behavior ::run [ RunTime:0.008000s ]
INFO: WriteHtmlCache Behavior ::run [ RunTime:0.004001s ]
INFO: ShowRuntime Behavior ::run [ RunTime:0.011000s ]
INFO: [ view_filter ] --END-- [ RunTime:0.041003s ]
INFO: [ view_end ] --START--
INFO: ShowPageTrace Behavior ::run [ RunTime:0.008000s ]
INFO: [ view_end ] --END-- [ RunTime:0.013001s ]

[ 2014-07-09T01:55:43+08:00 ] 127.0.0.1 /php_demo/shizhan/10/10wish/
INFO: [ app_begin ] --START--
INFO: ReadHtmlCache Behavior ::run [ RunTime:0.008000s ]
INFO: [ app_begin ] --END-- [ RunTime:0.013000s ]
NOTIC: [2] Missing argument 1 for Action::show(), called in D:\Dropbox-List\Net\Dropbox\WebDev\xampp\htdocs\php_demo\shizhan\10\10wish\APP\Lib\Action\Home\IndexAction.class.php on line 7 and defined D:\Dropbox-List\Net\Dropbox\WebDev\xampp\htdocs\php_demo\shizhan\10\10wish\ThinkPHP\Lib\Core\Action.class.php 第 107 行.
NOTIC: [8] Undefined variable: content D:\Dropbox-List\Net\Dropbox\WebDev\xampp\htdocs\php_demo\shizhan\10\10wish\ThinkPHP\Lib\Core\Action.class.php 第 108 行.
INFO: [ view_parse ] --START--
INFO: ParseTemplate Behavior ::run [ RunTime:0.074005s ]
INFO: [ view_parse ] --END-- [ RunTime:0.078005s ]
INFO: [ view_filter ] --START--
INFO: ContentReplace Behavior ::run [ RunTime:0.007000s ]
INFO: TokenBuild Behavior ::run [ RunTime:0.008000s ]
INFO: WriteHtmlCache Behavior ::run [ RunTime:0.003000s ]
INFO: ShowRuntime Behavior ::run [ RunTime:0.013000s ]
INFO: [ view_filter ] --END-- [ RunTime:0.044002s ]
INFO: [ view_end ] --START--
INFO: ShowPageTrace Behavior ::run [ RunTime:0.009000s ]
INFO: [ view_end ] --END-- [ RunTime:0.015001s ]

[ 2014-07-09T01:56:44+08:00 ] 127.0.0.1 /php_demo/shizhan/10/10wish/
INFO: [ app_begin ] --START--
INFO: ReadHtmlCache Behavior ::run [ RunTime:0.008001s ]
INFO: [ app_begin ] --END-- [ RunTime:0.012001s ]
NOTIC: [2] Missing argument 1 for Action::show(), called in D:\Dropbox-List\Net\Dropbox\WebDev\xampp\htdocs\php_demo\shizhan\10\10wish\APP\Lib\Action\Home\IndexAction.class.php on line 7 and defined D:\Dropbox-List\Net\Dropbox\WebDev\xampp\htdocs\php_demo\shizhan\10\10wish\ThinkPHP\Lib\Core\Action.class.php 第 107 行.
NOTIC: [8] Undefined variable: content D:\Dropbox-List\Net\Dropbox\WebDev\xampp\htdocs\php_demo\shizhan\10\10wish\ThinkPHP\Lib\Core\Action.class.php 第 108 行.
INFO: [ view_parse ] --START--
INFO: ParseTemplate Behavior ::run [ RunTime:0.076004s ]
INFO: [ view_parse ] --END-- [ RunTime:0.081004s ]
INFO: [ view_filter ] --START--
INFO: ContentReplace Behavior ::run [ RunTime:0.008000s ]
INFO: TokenBuild Behavior ::run [ RunTime:0.008000s ]
INFO: WriteHtmlCache Behavior ::run [ RunTime:0.005000s ]
INFO: ShowRuntime Behavior ::run [ RunTime:0.012000s ]
INFO: [ view_filter ] --END-- [ RunTime:0.046002s ]
INFO: [ view_end ] --START--
INFO: ShowPageTrace Behavior ::run [ RunTime:0.008000s ]
INFO: [ view_end ] --END-- [ RunTime:0.012000s ]

[ 2014-07-09T01:57:05+08:00 ] 127.0.0.1 /php_demo/shizhan/10/10wish/
INFO: [ app_begin ] --START--
INFO: ReadHtmlCache Behavior ::run [ RunTime:0.008000s ]
INFO: [ app_begin ] --END-- [ RunTime:0.012000s ]
NOTIC: [2] Missing argument 1 for Action::show(), called in D:\Dropbox-List\Net\Dropbox\WebDev\xampp\htdocs\php_demo\shizhan\10\10wish\APP\Lib\Action\Home\IndexAction.class.php on line 7 and defined D:\Dropbox-List\Net\Dropbox\WebDev\xampp\htdocs\php_demo\shizhan\10\10wish\ThinkPHP\Lib\Core\Action.class.php 第 107 行.
NOTIC: [8] Undefined variable: content D:\Dropbox-List\Net\Dropbox\WebDev\xampp\htdocs\php_demo\shizhan\10\10wish\ThinkPHP\Lib\Core\Action.class.php 第 108 行.
INFO: [ view_parse ] --START--
INFO: ParseTemplate Behavior ::run [ RunTime:0.075005s ]
INFO: [ view_parse ] --END-- [ RunTime:0.081005s ]
INFO: [ view_filter ] --START--
INFO: ContentReplace Behavior ::run [ RunTime:0.008000s ]
INFO: TokenBuild Behavior ::run [ RunTime:0.009001s ]
INFO: WriteHtmlCache Behavior ::run [ RunTime:0.004000s ]
INFO: ShowRuntime Behavior ::run [ RunTime:0.011001s ]
INFO: [ view_filter ] --END-- [ RunTime:0.049003s ]
INFO: [ view_end ] --START--
INFO: ShowPageTrace Behavior ::run [ RunTime:0.007001s ]
INFO: [ view_end ] --END-- [ RunTime:0.012001s ]

[ 2014-07-09T01:57:11+08:00 ] 127.0.0.1 /php_demo/shizhan/10/10wish/index.php/Index/handle
INFO: [ route_check ] --START--
INFO: CheckRoute Behavior ::run [ RunTime:0.006000s ]
INFO: [ route_check ] --END-- [ RunTime:0.012001s ]
INFO: [ app_begin ] --START--
INFO: ReadHtmlCache Behavior ::run [ RunTime:0.008000s ]
INFO: [ app_begin ] --END-- [ RunTime:0.012001s ]

[ 2014-07-09T01:57:24+08:00 ] 127.0.0.1 /php_demo/shizhan/10/10wish/index.php/Index/handle
INFO: [ route_check ] --START--
INFO: CheckRoute Behavior ::run [ RunTime:0.006001s ]
INFO: [ route_check ] --END-- [ RunTime:0.010001s ]
INFO: [ app_begin ] --START--
INFO: ReadHtmlCache Behavior ::run [ RunTime:0.007001s ]
INFO: [ app_begin ] --END-- [ RunTime:0.011001s ]

[ 2014-07-09T01:58:13+08:00 ] 127.0.0.1 /php_demo/shizhan/10/10wish/
INFO: [ app_begin ] --START--
INFO: ReadHtmlCache Behavior ::run [ RunTime:0.011001s ]
INFO: [ app_begin ] --END-- [ RunTime:0.015001s ]
NOTIC: [2] Missing argument 1 for Action::show(), called in D:\Dropbox-List\Net\Dropbox\WebDev\xampp\htdocs\php_demo\shizhan\10\10wish\APP\Lib\Action\Home\IndexAction.class.php on line 7 and defined D:\Dropbox-List\Net\Dropbox\WebDev\xampp\htdocs\php_demo\shizhan\10\10wish\ThinkPHP\Lib\Core\Action.class.php 第 107 行.
NOTIC: [8] Undefined variable: content D:\Dropbox-List\Net\Dropbox\WebDev\xampp\htdocs\php_demo\shizhan\10\10wish\ThinkPHP\Lib\Core\Action.class.php 第 108 行.
INFO: [ view_parse ] --START--
INFO: ParseTemplate Behavior ::run [ RunTime:0.077005s ]
INFO: [ view_parse ] --END-- [ RunTime:0.082005s ]
INFO: [ view_filter ] --START--
INFO: ContentReplace Behavior ::run [ RunTime:0.007001s ]
INFO: TokenBuild Behavior ::run [ RunTime:0.008000s ]
INFO: WriteHtmlCache Behavior ::run [ RunTime:0.004001s ]
INFO: ShowRuntime Behavior ::run [ RunTime:0.011000s ]
INFO: [ view_filter ] --END-- [ RunTime:0.042002s ]
INFO: [ view_end ] --START--
INFO: ShowPageTrace Behavior ::run [ RunTime:0.008000s ]
INFO: [ view_end ] --END-- [ RunTime:0.013000s ]

[ 2014-07-09T01:58:20+08:00 ] 127.0.0.1 /php_demo/shizhan/10/10wish/index.php/Index/handle
INFO: [ route_check ] --START--
INFO: CheckRoute Behavior ::run [ RunTime:0.007000s ]
INFO: [ route_check ] --END-- [ RunTime:0.011001s ]
INFO: [ app_begin ] --START--
INFO: ReadHtmlCache Behavior ::run [ RunTime:0.009001s ]
INFO: [ app_begin ] --END-- [ RunTime:0.014001s ]

[ 2014-07-09T01:58:24+08:00 ] 127.0.0.1 /php_demo/shizhan/10/10wish/index.php/Index/handle
INFO: [ route_check ] --START--
INFO: CheckRoute Behavior ::run [ RunTime:0.006001s ]
INFO: [ route_check ] --END-- [ RunTime:0.012001s ]
INFO: [ app_begin ] --START--
INFO: ReadHtmlCache Behavior ::run [ RunTime:0.010000s ]
INFO: [ app_begin ] --END-- [ RunTime:0.013000s ]

[ 2014-07-09T01:58:25+08:00 ] 127.0.0.1 /php_demo/shizhan/10/10wish/index.php/Index/handle
INFO: [ route_check ] --START--
INFO: CheckRoute Behavior ::run [ RunTime:0.008000s ]
INFO: [ route_check ] --END-- [ RunTime:0.012000s ]
INFO: [ app_begin ] --START--
INFO: ReadHtmlCache Behavior ::run [ RunTime:0.010001s ]
INFO: [ app_begin ] --END-- [ RunTime:0.015001s ]

[ 2014-07-09T01:58:25+08:00 ] 127.0.0.1 /php_demo/shizhan/10/10wish/index.php/Index/handle
INFO: [ route_check ] --START--
INFO: CheckRoute Behavior ::run [ RunTime:0.010001s ]
INFO: [ route_check ] --END-- [ RunTime:0.017001s ]
INFO: [ app_begin ] --START--
INFO: ReadHtmlCache Behavior ::run [ RunTime:0.013000s ]
INFO: [ app_begin ] --END-- [ RunTime:0.019001s ]

[ 2014-07-09T01:58:29+08:00 ] 127.0.0.1 /php_demo/shizhan/10/10wish/index.php/Index/handle
INFO: [ route_check ] --START--
INFO: CheckRoute Behavior ::run [ RunTime:0.005000s ]
INFO: [ route_check ] --END-- [ RunTime:0.011001s ]
INFO: [ app_begin ] --START--
INFO: ReadHtmlCache Behavior ::run [ RunTime:0.008001s ]
INFO: [ app_begin ] --END-- [ RunTime:0.011001s ]

[ 2014-07-09T01:58:43+08:00 ] 127.0.0.1 /php_demo/shizhan/10/10wish/
INFO: [ app_begin ] --START--
INFO: ReadHtmlCache Behavior ::run [ RunTime:0.008000s ]
INFO: [ app_begin ] --END-- [ RunTime:0.014001s ]
NOTIC: [2] Missing argument 1 for Action::show(), called in D:\Dropbox-List\Net\Dropbox\WebDev\xampp\htdocs\php_demo\shizhan\10\10wish\APP\Lib\Action\Home\IndexAction.class.php on line 7 and defined D:\Dropbox-List\Net\Dropbox\WebDev\xampp\htdocs\php_demo\shizhan\10\10wish\ThinkPHP\Lib\Core\Action.class.php 第 107 行.
NOTIC: [8] Undefined variable: content D:\Dropbox-List\Net\Dropbox\WebDev\xampp\htdocs\php_demo\shizhan\10\10wish\ThinkPHP\Lib\Core\Action.class.php 第 108 行.
INFO: [ view_parse ] --START--
INFO: ParseTemplate Behavior ::run [ RunTime:0.076004s ]
INFO: [ view_parse ] --END-- [ RunTime:0.082005s ]
INFO: [ view_filter ] --START--
INFO: ContentReplace Behavior ::run [ RunTime:0.006000s ]
INFO: TokenBuild Behavior ::run [ RunTime:0.008000s ]
INFO: WriteHtmlCache Behavior ::run [ RunTime:0.004000s ]
INFO: ShowRuntime Behavior ::run [ RunTime:0.012001s ]
INFO: [ view_filter ] --END-- [ RunTime:0.044003s ]
INFO: [ view_end ] --START--
INFO: ShowPageTrace Behavior ::run [ RunTime:0.007001s ]
INFO: [ view_end ] --END-- [ RunTime:0.012001s ]

[ 2014-07-09T01:58:52+08:00 ] 127.0.0.1 /php_demo/shizhan/10/10wish/index.php/Index/handle
INFO: [ route_check ] --START--
INFO: CheckRoute Behavior ::run [ RunTime:0.006001s ]
INFO: [ route_check ] --END-- [ RunTime:0.010001s ]
INFO: [ app_begin ] --START--
INFO: ReadHtmlCache Behavior ::run [ RunTime:0.008001s ]
INFO: [ app_begin ] --END-- [ RunTime:0.012001s ]

[ 2014-07-09T01:58:56+08:00 ] 127.0.0.1 /php_demo/shizhan/10/10wish/index.php/Index/handle
INFO: [ route_check ] --START--
INFO: CheckRoute Behavior ::run [ RunTime:0.006000s ]
INFO: [ route_check ] --END-- [ RunTime:0.010001s ]
INFO: [ app_begin ] --START--
INFO: ReadHtmlCache Behavior ::run [ RunTime:0.008000s ]
INFO: [ app_begin ] --END-- [ RunTime:0.011000s ]

[ 2014-07-09T02:00:05+08:00 ] 127.0.0.1 /php_demo/shizhan/10/10wish/index.php/Index/handle
INFO: [ route_check ] --START--
INFO: CheckRoute Behavior ::run [ RunTime:0.006000s ]
INFO: [ route_check ] --END-- [ RunTime:0.010000s ]
INFO: [ app_begin ] --START--
INFO: ReadHtmlCache Behavior ::run [ RunTime:0.008000s ]
INFO: [ app_begin ] --END-- [ RunTime:0.012001s ]

[ 2014-07-09T02:00:26+08:00 ] 127.0.0.1 /php_demo/shizhan/10/10wish/index.php/Index/handle.html
INFO: [ route_check ] --START--
INFO: CheckRoute Behavior ::run [ RunTime:0.005000s ]
INFO: [ route_check ] --END-- [ RunTime:0.010001s ]
INFO: [ app_begin ] --START--
INFO: ReadHtmlCache Behavior ::run [ RunTime:0.007001s ]
INFO: [ app_begin ] --END-- [ RunTime:0.012001s ]

[ 2014-07-09T02:02:09+08:00 ] 127.0.0.1 /php_demo/shizhan/10/10wish/index.php/Index/handle
INFO: [ route_check ] --START--
INFO: CheckRoute Behavior ::run [ RunTime:0.005000s ]
INFO: [ route_check ] --END-- [ RunTime:0.011000s ]
INFO: [ app_begin ] --START--
INFO: ReadHtmlCache Behavior ::run [ RunTime:0.008000s ]
INFO: [ app_begin ] --END-- [ RunTime:0.012001s ]

[ 2014-07-09T02:03:17+08:00 ] 127.0.0.1 /php_demo/shizhan/10/10wish/
INFO: [ app_begin ] --START--
INFO: ReadHtmlCache Behavior ::run [ RunTime:0.007001s ]
INFO: [ app_begin ] --END-- [ RunTime:0.012001s ]
NOTIC: [2] Missing argument 1 for Action::show(), called in D:\Dropbox-List\Net\Dropbox\WebDev\xampp\htdocs\php_demo\shizhan\10\10wish\APP\Lib\Action\Home\IndexAction.class.php on line 7 and defined D:\Dropbox-List\Net\Dropbox\WebDev\xampp\htdocs\php_demo\shizhan\10\10wish\ThinkPHP\Lib\Core\Action.class.php 第 107 行.
NOTIC: [8] Undefined variable: content D:\Dropbox-List\Net\Dropbox\WebDev\xampp\htdocs\php_demo\shizhan\10\10wish\ThinkPHP\Lib\Core\Action.class.php 第 108 行.
INFO: [ view_parse ] --START--
INFO: ParseTemplate Behavior ::run [ RunTime:0.076004s ]
INFO: [ view_parse ] --END-- [ RunTime:0.081004s ]
INFO: [ view_filter ] --START--
INFO: ContentReplace Behavior ::run [ RunTime:0.006000s ]
INFO: TokenBuild Behavior ::run [ RunTime:0.011001s ]
INFO: WriteHtmlCache Behavior ::run [ RunTime:0.005000s ]
INFO: ShowRuntime Behavior ::run [ RunTime:0.011001s ]
INFO: [ view_filter ] --END-- [ RunTime:0.045002s ]
INFO: [ view_end ] --START--
INFO: ShowPageTrace Behavior ::run [ RunTime:0.007000s ]
INFO: [ view_end ] --END-- [ RunTime:0.012001s ]

[ 2014-07-09T02:03:27+08:00 ] 127.0.0.1 /php_demo/shizhan/10/10wish/index.php/Index/handle
INFO: [ route_check ] --START--
INFO: CheckRoute Behavior ::run [ RunTime:0.006000s ]
INFO: [ route_check ] --END-- [ RunTime:0.010000s ]
INFO: [ app_begin ] --START--
INFO: ReadHtmlCache Behavior ::run [ RunTime:0.008000s ]
INFO: [ app_begin ] --END-- [ RunTime:0.012000s ]

[ 2014-07-09T02:09:16+08:00 ] 127.0.0.1 /php_demo/shizhan/10/10wish/index.php/Index/handle.html
INFO: [ route_check ] --START--
INFO: CheckRoute Behavior ::run [ RunTime:0.006001s ]
INFO: [ route_check ] --END-- [ RunTime:0.010001s ]
INFO: [ app_begin ] --START--
INFO: ReadHtmlCache Behavior ::run [ RunTime:0.008001s ]
INFO: [ app_begin ] --END-- [ RunTime:0.012001s ]
NOTIC: [2] include(): Filename cannot be empty D:\Dropbox-List\Net\Dropbox\WebDev\xampp\htdocs\php_demo\shizhan\10\10wish\ThinkPHP\Common\functions.php 第 52 行.
NOTIC: [2] include(): Failed opening '' for inclusion (include_path='.;D:\programs\xampp\php\PEAR;D:\Dropbox-List\Net\Dropbox\WebDev\xampp\htdocs\php_demo\shizhan\10\10wish\ThinkPHP/Extend/Vendor/') D:\Dropbox-List\Net\Dropbox\WebDev\xampp\htdocs\php_demo\shizhan\10\10wish\ThinkPHP\Common\functions.php 第 52 行.

[ 2014-07-09T02:09:19+08:00 ] 127.0.0.1 /php_demo/shizhan/10/10wish/index.php/Index/handle.html
INFO: [ route_check ] --START--
INFO: CheckRoute Behavior ::run [ RunTime:0.008000s ]
INFO: [ route_check ] --END-- [ RunTime:0.012001s ]
INFO: [ app_begin ] --START--
INFO: ReadHtmlCache Behavior ::run [ RunTime:0.008000s ]
INFO: [ app_begin ] --END-- [ RunTime:0.013001s ]
NOTIC: [2] include(): Filename cannot be empty D:\Dropbox-List\Net\Dropbox\WebDev\xampp\htdocs\php_demo\shizhan\10\10wish\ThinkPHP\Common\functions.php 第 52 行.
NOTIC: [2] include(): Failed opening '' for inclusion (include_path='.;D:\programs\xampp\php\PEAR;D:\Dropbox-List\Net\Dropbox\WebDev\xampp\htdocs\php_demo\shizhan\10\10wish\ThinkPHP/Extend/Vendor/') D:\Dropbox-List\Net\Dropbox\WebDev\xampp\htdocs\php_demo\shizhan\10\10wish\ThinkPHP\Common\functions.php 第 52 行.

[ 2014-07-09T02:09:40+08:00 ] 127.0.0.1 /php_demo/shizhan/10/10wish/index.php/Index/handle.html
INFO: [ route_check ] --START--
INFO: CheckRoute Behavior ::run [ RunTime:0.006001s ]
INFO: [ route_check ] --END-- [ RunTime:0.012001s ]
INFO: [ app_begin ] --START--
INFO: ReadHtmlCache Behavior ::run [ RunTime:0.008000s ]
INFO: [ app_begin ] --END-- [ RunTime:0.013000s ]
NOTIC: [2] include(): Filename cannot be empty D:\Dropbox-List\Net\Dropbox\WebDev\xampp\htdocs\php_demo\shizhan\10\10wish\ThinkPHP\Common\functions.php 第 52 行.
NOTIC: [2] include(): Failed opening '' for inclusion (include_path='.;D:\programs\xampp\php\PEAR;D:\Dropbox-List\Net\Dropbox\WebDev\xampp\htdocs\php_demo\shizhan\10\10wish\ThinkPHP/Extend/Vendor/') D:\Dropbox-List\Net\Dropbox\WebDev\xampp\htdocs\php_demo\shizhan\10\10wish\ThinkPHP\Common\functions.php 第 52 行.

[ 2014-07-09T02:10:14+08:00 ] 127.0.0.1 /php_demo/shizhan/10/10wish/index.php/Index/handle.html
INFO: [ route_check ] --START--
INFO: CheckRoute Behavior ::run [ RunTime:0.006000s ]
INFO: [ route_check ] --END-- [ RunTime:0.010001s ]
INFO: [ app_begin ] --START--
INFO: ReadHtmlCache Behavior ::run [ RunTime:0.008001s ]
INFO: [ app_begin ] --END-- [ RunTime:0.013001s ]
NOTIC: [2] include(): Filename cannot be empty D:\Dropbox-List\Net\Dropbox\WebDev\xampp\htdocs\php_demo\shizhan\10\10wish\ThinkPHP\Common\functions.php 第 52 行.
NOTIC: [2] include(): Failed opening '' for inclusion (include_path='.;D:\programs\xampp\php\PEAR;D:\Dropbox-List\Net\Dropbox\WebDev\xampp\htdocs\php_demo\shizhan\10\10wish\ThinkPHP/Extend/Vendor/') D:\Dropbox-List\Net\Dropbox\WebDev\xampp\htdocs\php_demo\shizhan\10\10wish\ThinkPHP\Common\functions.php 第 52 行.

[ 2014-07-09T02:10:16+08:00 ] 127.0.0.1 /php_demo/shizhan/10/10wish/index.php/Index/handle.html
INFO: [ route_check ] --START--
INFO: CheckRoute Behavior ::run [ RunTime:0.005001s ]
INFO: [ route_check ] --END-- [ RunTime:0.010001s ]
INFO: [ app_begin ] --START--
INFO: ReadHtmlCache Behavior ::run [ RunTime:0.008001s ]
INFO: [ app_begin ] --END-- [ RunTime:0.012001s ]
NOTIC: [2] include(): Filename cannot be empty D:\Dropbox-List\Net\Dropbox\WebDev\xampp\htdocs\php_demo\shizhan\10\10wish\ThinkPHP\Common\functions.php 第 52 行.
NOTIC: [2] include(): Failed opening '' for inclusion (include_path='.;D:\programs\xampp\php\PEAR;D:\Dropbox-List\Net\Dropbox\WebDev\xampp\htdocs\php_demo\shizhan\10\10wish\ThinkPHP/Extend/Vendor/') D:\Dropbox-List\Net\Dropbox\WebDev\xampp\htdocs\php_demo\shizhan\10\10wish\ThinkPHP\Common\functions.php 第 52 行.

[ 2014-07-09T02:10:17+08:00 ] 127.0.0.1 /php_demo/shizhan/10/10wish/index.php/Index/handle.html
INFO: [ route_check ] --START--
INFO: CheckRoute Behavior ::run [ RunTime:0.005001s ]
INFO: [ route_check ] --END-- [ RunTime:0.010001s ]
INFO: [ app_begin ] --START--
INFO: ReadHtmlCache Behavior ::run [ RunTime:0.008001s ]
INFO: [ app_begin ] --END-- [ RunTime:0.012001s ]
NOTIC: [2] include(): Filename cannot be empty D:\Dropbox-List\Net\Dropbox\WebDev\xampp\htdocs\php_demo\shizhan\10\10wish\ThinkPHP\Common\functions.php 第 52 行.
NOTIC: [2] include(): Failed opening '' for inclusion (include_path='.;D:\programs\xampp\php\PEAR;D:\Dropbox-List\Net\Dropbox\WebDev\xampp\htdocs\php_demo\shizhan\10\10wish\ThinkPHP/Extend/Vendor/') D:\Dropbox-List\Net\Dropbox\WebDev\xampp\htdocs\php_demo\shizhan\10\10wish\ThinkPHP\Common\functions.php 第 52 行.

[ 2014-07-09T02:10:50+08:00 ] 127.0.0.1 /php_demo/shizhan/10/10wish/index.php/Index/handle.html
INFO: [ route_check ] --START--
INFO: CheckRoute Behavior ::run [ RunTime:0.006000s ]
INFO: [ route_check ] --END-- [ RunTime:0.010001s ]
INFO: [ app_begin ] --START--
INFO: ReadHtmlCache Behavior ::run [ RunTime:0.008001s ]
INFO: [ app_begin ] --END-- [ RunTime:0.014001s ]
NOTIC: [2] include(): Filename cannot be empty D:\Dropbox-List\Net\Dropbox\WebDev\xampp\htdocs\php_demo\shizhan\10\10wish\ThinkPHP\Common\functions.php 第 52 行.
NOTIC: [2] include(): Failed opening '' for inclusion (include_path='.;D:\programs\xampp\php\PEAR;D:\Dropbox-List\Net\Dropbox\WebDev\xampp\htdocs\php_demo\shizhan\10\10wish\ThinkPHP/Extend/Vendor/') D:\Dropbox-List\Net\Dropbox\WebDev\xampp\htdocs\php_demo\shizhan\10\10wish\ThinkPHP\Common\functions.php 第 52 行.

[ 2014-07-09T02:56:05+08:00 ] 127.0.0.1 /php_demo/shizhan/10/10wish/
INFO: [ app_begin ] --START--
INFO: ReadHtmlCache Behavior ::run [ RunTime:0.018001s ]
INFO: [ app_begin ] --END-- [ RunTime:0.072004s ]
NOTIC: [2] Missing argument 1 for Action::show(), called in D:\Dropbox-List\Net\Dropbox\WebDev\xampp\htdocs\php_demo\shizhan\10\10wish\APP\Lib\Action\Home\IndexAction.class.php on line 7 and defined D:\Dropbox-List\Net\Dropbox\WebDev\xampp\htdocs\php_demo\shizhan\10\10wish\ThinkPHP\Lib\Core\Action.class.php 第 107 行.
NOTIC: [8] Undefined variable: content D:\Dropbox-List\Net\Dropbox\WebDev\xampp\htdocs\php_demo\shizhan\10\10wish\ThinkPHP\Lib\Core\Action.class.php 第 108 行.
INFO: [ view_parse ] --START--
INFO: ParseTemplate Behavior ::run [ RunTime:0.202012s ]
INFO: [ view_parse ] --END-- [ RunTime:0.208012s ]
INFO: [ view_filter ] --START--
INFO: ContentReplace Behavior ::run [ RunTime:0.058003s ]
INFO: TokenBuild Behavior ::run [ RunTime:0.051003s ]
INFO: WriteHtmlCache Behavior ::run [ RunTime:0.020001s ]
INFO: ShowRuntime Behavior ::run [ RunTime:0.019001s ]
INFO: [ view_filter ] --END-- [ RunTime:0.172010s ]
INFO: [ view_end ] --START--
INFO: ShowPageTrace Behavior ::run [ RunTime:0.011001s ]
INFO: [ view_end ] --END-- [ RunTime:0.015001s ]

[ 2014-07-09T02:56:37+08:00 ] 127.0.0.1 /php_demo/shizhan/10/10wish/index.php/Index/handle
INFO: [ route_check ] --START--
INFO: CheckRoute Behavior ::run [ RunTime:0.048002s ]
INFO: [ route_check ] --END-- [ RunTime:0.059004s ]
INFO: [ app_begin ] --START--
INFO: ReadHtmlCache Behavior ::run [ RunTime:0.009000s ]
INFO: [ app_begin ] --END-- [ RunTime:0.012000s ]

[ 2014-07-09T02:57:13+08:00 ] 127.0.0.1 /php_demo/shizhan/10/10wish/
INFO: [ app_begin ] --START--
INFO: ReadHtmlCache Behavior ::run [ RunTime:0.008000s ]
INFO: [ app_begin ] --END-- [ RunTime:0.012001s ]
NOTIC: [2] Missing argument 1 for Action::show(), called in D:\Dropbox-List\Net\Dropbox\WebDev\xampp\htdocs\php_demo\shizhan\10\10wish\APP\Lib\Action\Home\IndexAction.class.php on line 7 and defined D:\Dropbox-List\Net\Dropbox\WebDev\xampp\htdocs\php_demo\shizhan\10\10wish\ThinkPHP\Lib\Core\Action.class.php 第 107 行.
NOTIC: [8] Undefined variable: content D:\Dropbox-List\Net\Dropbox\WebDev\xampp\htdocs\php_demo\shizhan\10\10wish\ThinkPHP\Lib\Core\Action.class.php 第 108 行.
INFO: [ view_parse ] --START--
INFO: ParseTemplate Behavior ::run [ RunTime:0.074004s ]
INFO: [ view_parse ] --END-- [ RunTime:0.078004s ]
INFO: [ view_filter ] --START--
INFO: ContentReplace Behavior ::run [ RunTime:0.007000s ]
INFO: TokenBuild Behavior ::run [ RunTime:0.008001s ]
INFO: WriteHtmlCache Behavior ::run [ RunTime:0.004000s ]
INFO: ShowRuntime Behavior ::run [ RunTime:0.012001s ]
INFO: [ view_filter ] --END-- [ RunTime:0.042002s ]
INFO: [ view_end ] --START--
INFO: ShowPageTrace Behavior ::run [ RunTime:0.008001s ]
INFO: [ view_end ] --END-- [ RunTime:0.012001s ]

[ 2014-07-09T02:57:20+08:00 ] 127.0.0.1 /php_demo/shizhan/10/10wish/index.php/Index/handle
INFO: [ route_check ] --START--
INFO: CheckRoute Behavior ::run [ RunTime:0.006001s ]
INFO: [ route_check ] --END-- [ RunTime:0.010001s ]
INFO: [ app_begin ] --START--
INFO: ReadHtmlCache Behavior ::run [ RunTime:0.008001s ]
INFO: [ app_begin ] --END-- [ RunTime:0.012001s ]

[ 2014-07-09T02:57:35+08:00 ] 127.0.0.1 /php_demo/shizhan/10/10wish/
INFO: [ app_begin ] --START--
INFO: ReadHtmlCache Behavior ::run [ RunTime:0.008000s ]
INFO: [ app_begin ] --END-- [ RunTime:0.013000s ]
NOTIC: [2] Missing argument 1 for Action::show(), called in D:\Dropbox-List\Net\Dropbox\WebDev\xampp\htdocs\php_demo\shizhan\10\10wish\APP\Lib\Action\Home\IndexAction.class.php on line 7 and defined D:\Dropbox-List\Net\Dropbox\WebDev\xampp\htdocs\php_demo\shizhan\10\10wish\ThinkPHP\Lib\Core\Action.class.php 第 107 行.
NOTIC: [8] Undefined variable: content D:\Dropbox-List\Net\Dropbox\WebDev\xampp\htdocs\php_demo\shizhan\10\10wish\ThinkPHP\Lib\Core\Action.class.php 第 108 行.
INFO: [ view_parse ] --START--
INFO: ParseTemplate Behavior ::run [ RunTime:0.165010s ]
INFO: [ view_parse ] --END-- [ RunTime:0.171010s ]
INFO: [ view_filter ] --START--
INFO: ContentReplace Behavior ::run [ RunTime:0.007000s ]
INFO: TokenBuild Behavior ::run [ RunTime:0.008001s ]
INFO: WriteHtmlCache Behavior ::run [ RunTime:0.004000s ]
INFO: ShowRuntime Behavior ::run [ RunTime:0.011001s ]
INFO: [ view_filter ] --END-- [ RunTime:0.042003s ]
INFO: [ view_end ] --START--
INFO: ShowPageTrace Behavior ::run [ RunTime:0.008001s ]
INFO: [ view_end ] --END-- [ RunTime:0.013001s ]

[ 2014-07-09T02:57:41+08:00 ] 127.0.0.1 /php_demo/shizhan/10/10wish/index.php/Index/handle
INFO: [ route_check ] --START--
INFO: CheckRoute Behavior ::run [ RunTime:0.006000s ]
INFO: [ route_check ] --END-- [ RunTime:0.011000s ]
INFO: [ app_begin ] --START--
INFO: ReadHtmlCache Behavior ::run [ RunTime:0.007000s ]
INFO: [ app_begin ] --END-- [ RunTime:0.011001s ]

[ 2014-07-09T02:59:23+08:00 ] 127.0.0.1 /php_demo/shizhan/10/10wish/
INFO: [ app_begin ] --START--
INFO: ReadHtmlCache Behavior ::run [ RunTime:0.011001s ]
INFO: [ app_begin ] --END-- [ RunTime:0.015001s ]
NOTIC: [2] Missing argument 1 for Action::show(), called in D:\Dropbox-List\Net\Dropbox\WebDev\xampp\htdocs\php_demo\shizhan\10\10wish\APP\Lib\Action\Home\IndexAction.class.php on line 7 and defined D:\Dropbox-List\Net\Dropbox\WebDev\xampp\htdocs\php_demo\shizhan\10\10wish\ThinkPHP\Lib\Core\Action.class.php 第 107 行.
NOTIC: [8] Undefined variable: content D:\Dropbox-List\Net\Dropbox\WebDev\xampp\htdocs\php_demo\shizhan\10\10wish\ThinkPHP\Lib\Core\Action.class.php 第 108 行.
INFO: [ view_parse ] --START--
INFO: ParseTemplate Behavior ::run [ RunTime:0.074004s ]
INFO: [ view_parse ] --END-- [ RunTime:0.078004s ]
INFO: [ view_filter ] --START--
INFO: ContentReplace Behavior ::run [ RunTime:0.006000s ]
INFO: TokenBuild Behavior ::run [ RunTime:0.010001s ]
INFO: WriteHtmlCache Behavior ::run [ RunTime:0.004000s ]
INFO: ShowRuntime Behavior ::run [ RunTime:0.012001s ]
INFO: [ view_filter ] --END-- [ RunTime:0.045003s ]
INFO: [ view_end ] --START--
INFO: ShowPageTrace Behavior ::run [ RunTime:0.007001s ]
INFO: [ view_end ] --END-- [ RunTime:0.012001s ]

[ 2014-07-09T02:59:31+08:00 ] 127.0.0.1 /php_demo/shizhan/10/10wish/index.php/Index/handle
INFO: [ route_check ] --START--
INFO: CheckRoute Behavior ::run [ RunTime:0.005000s ]
INFO: [ route_check ] --END-- [ RunTime:0.010000s ]
INFO: [ app_begin ] --START--
INFO: ReadHtmlCache Behavior ::run [ RunTime:0.008001s ]
INFO: [ app_begin ] --END-- [ RunTime:0.012001s ]

[ 2014-07-09T03:00:15+08:00 ] 127.0.0.1 /php_demo/shizhan/10/10wish/index.php/Index/handle
INFO: [ route_check ] --START--
INFO: CheckRoute Behavior ::run [ RunTime:0.006001s ]
INFO: [ route_check ] --END-- [ RunTime:0.010001s ]
INFO: [ app_begin ] --START--
INFO: ReadHtmlCache Behavior ::run [ RunTime:0.009001s ]
INFO: [ app_begin ] --END-- [ RunTime:0.012001s ]

[ 2014-07-09T07:42:49+08:00 ] 127.0.0.1 /php_demo/shizhan/10/10wish/
INFO: [ app_begin ] --START--
INFO: ReadHtmlCache Behavior ::run [ RunTime:0.009001s ]
INFO: [ app_begin ] --END-- [ RunTime:0.014001s ]
NOTIC: [2] Missing argument 1 for Action::show(), called in D:\Dropbox-List\Net\Dropbox\WebDev\xampp\htdocs\php_demo\shizhan\10\10wish\APP\Lib\Action\Home\IndexAction.class.php on line 7 and defined D:\Dropbox-List\Net\Dropbox\WebDev\xampp\htdocs\php_demo\shizhan\10\10wish\ThinkPHP\Lib\Core\Action.class.php 第 107 行.
NOTIC: [8] Undefined variable: content D:\Dropbox-List\Net\Dropbox\WebDev\xampp\htdocs\php_demo\shizhan\10\10wish\ThinkPHP\Lib\Core\Action.class.php 第 108 行.
INFO: [ view_parse ] --START--
INFO: ParseTemplate Behavior ::run [ RunTime:0.090005s ]
INFO: [ view_parse ] --END-- [ RunTime:0.096006s ]
INFO: [ view_filter ] --START--
INFO: ContentReplace Behavior ::run [ RunTime:0.012001s ]
INFO: TokenBuild Behavior ::run [ RunTime:0.022002s ]
INFO: WriteHtmlCache Behavior ::run [ RunTime:0.010000s ]
INFO: ShowRuntime Behavior ::run [ RunTime:0.016001s ]
INFO: [ view_filter ] --END-- [ RunTime:0.075004s ]
INFO: [ view_end ] --START--
INFO: ShowPageTrace Behavior ::run [ RunTime:0.018001s ]
INFO: [ view_end ] --END-- [ RunTime:0.023001s ]

[ 2014-07-09T07:43:02+08:00 ] 127.0.0.1 /php_demo/shizhan/10/10wish/index.php/Index/handle
INFO: [ route_check ] --START--
INFO: CheckRoute Behavior ::run [ RunTime:0.055003s ]
INFO: [ route_check ] --END-- [ RunTime:0.066003s ]
INFO: [ app_begin ] --START--
INFO: ReadHtmlCache Behavior ::run [ RunTime:0.009000s ]
INFO: [ app_begin ] --END-- [ RunTime:0.015000s ]

[ 2014-07-09T21:49:32+08:00 ] 127.0.0.1 /php_demo/shizhan/10/10wish/
INFO: [ app_begin ] --START--
INFO: ReadHtmlCache Behavior ::run [ RunTime:0.008000s ]
INFO: [ app_begin ] --END-- [ RunTime:0.012001s ]
NOTIC: [2] Missing argument 1 for Action::show(), called in D:\Dropbox-List\Net\Dropbox\WebDev\xampp\htdocs\php_demo\shizhan\10\10wish\APP\Lib\Action\Home\IndexAction.class.php on line 7 and defined D:\Dropbox-List\Net\Dropbox\WebDev\xampp\htdocs\php_demo\shizhan\10\10wish\ThinkPHP\Lib\Core\Action.class.php 第 107 行.
NOTIC: [8] Undefined variable: content D:\Dropbox-List\Net\Dropbox\WebDev\xampp\htdocs\php_demo\shizhan\10\10wish\ThinkPHP\Lib\Core\Action.class.php 第 108 行.
INFO: [ view_parse ] --START--
INFO: ParseTemplate Behavior ::run [ RunTime:0.156009s ]
INFO: [ view_parse ] --END-- [ RunTime:0.160009s ]
INFO: [ view_filter ] --START--
INFO: ContentReplace Behavior ::run [ RunTime:0.008000s ]
INFO: TokenBuild Behavior ::run [ RunTime:0.029002s ]
INFO: WriteHtmlCache Behavior ::run [ RunTime:0.046003s ]
INFO: ShowRuntime Behavior ::run [ RunTime:0.046003s ]
INFO: [ view_filter ] --END-- [ RunTime:0.147009s ]
INFO: [ view_end ] --START--
INFO: ShowPageTrace Behavior ::run [ RunTime:0.010001s ]
INFO: [ view_end ] --END-- [ RunTime:0.015001s ]

[ 2014-07-09T21:49:40+08:00 ] 127.0.0.1 /php_demo/shizhan/10/10wish/
INFO: [ app_begin ] --START--
INFO: ReadHtmlCache Behavior ::run [ RunTime:0.009000s ]
INFO: [ app_begin ] --END-- [ RunTime:0.013000s ]
NOTIC: [2] Missing argument 1 for Action::show(), called in D:\Dropbox-List\Net\Dropbox\WebDev\xampp\htdocs\php_demo\shizhan\10\10wish\APP\Lib\Action\Home\IndexAction.class.php on line 7 and defined D:\Dropbox-List\Net\Dropbox\WebDev\xampp\htdocs\php_demo\shizhan\10\10wish\ThinkPHP\Lib\Core\Action.class.php 第 107 行.
NOTIC: [8] Undefined variable: content D:\Dropbox-List\Net\Dropbox\WebDev\xampp\htdocs\php_demo\shizhan\10\10wish\ThinkPHP\Lib\Core\Action.class.php 第 108 行.
INFO: [ view_parse ] --START--
NOTIC: [8] Undefined variable: wish D:\Dropbox-List\Net\Dropbox\WebDev\xampp\htdocs\php_demo\shizhan\10\10wish\APP\Runtime\Cache\Home\36547c3cca62684d03e43575b05925a2.php 第 14 行.
INFO: ParseTemplate Behavior ::run [ RunTime:0.131008s ]
INFO: [ view_parse ] --END-- [ RunTime:0.137008s ]
INFO: [ view_filter ] --START--
INFO: ContentReplace Behavior ::run [ RunTime:0.011001s ]
INFO: TokenBuild Behavior ::run [ RunTime:0.014001s ]
INFO: WriteHtmlCache Behavior ::run [ RunTime:0.007001s ]
INFO: ShowRuntime Behavior ::run [ RunTime:0.020001s ]
INFO: [ view_filter ] --END-- [ RunTime:0.074004s ]
INFO: [ view_end ] --START--
INFO: ShowPageTrace Behavior ::run [ RunTime:0.009001s ]
INFO: [ view_end ] --END-- [ RunTime:0.016001s ]

[ 2014-07-09T21:50:16+08:00 ] 127.0.0.1 /php_demo/shizhan/10/10wish/
INFO: [ app_begin ] --START--
INFO: ReadHtmlCache Behavior ::run [ RunTime:0.009000s ]
INFO: [ app_begin ] --END-- [ RunTime:0.013000s ]
NOTIC: [2] Missing argument 1 for Action::show(), called in D:\Dropbox-List\Net\Dropbox\WebDev\xampp\htdocs\php_demo\shizhan\10\10wish\APP\Lib\Action\Home\IndexAction.class.php on line 7 and defined D:\Dropbox-List\Net\Dropbox\WebDev\xampp\htdocs\php_demo\shizhan\10\10wish\ThinkPHP\Lib\Core\Action.class.php 第 107 行.
NOTIC: [8] Undefined variable: content D:\Dropbox-List\Net\Dropbox\WebDev\xampp\htdocs\php_demo\shizhan\10\10wish\ThinkPHP\Lib\Core\Action.class.php 第 108 行.
INFO: [ view_parse ] --START--
NOTIC: [8] Undefined variable: wish D:\Dropbox-List\Net\Dropbox\WebDev\xampp\htdocs\php_demo\shizhan\10\10wish\APP\Runtime\Cache\Home\36547c3cca62684d03e43575b05925a2.php 第 14 行.
INFO: ParseTemplate Behavior ::run [ RunTime:0.079005s ]
INFO: [ view_parse ] --END-- [ RunTime:0.084005s ]
INFO: [ view_filter ] --START--
INFO: ContentReplace Behavior ::run [ RunTime:0.009001s ]
INFO: TokenBuild Behavior ::run [ RunTime:0.009001s ]
INFO: WriteHtmlCache Behavior ::run [ RunTime:0.005000s ]
INFO: ShowRuntime Behavior ::run [ RunTime:0.011001s ]
INFO: [ view_filter ] --END-- [ RunTime:0.045003s ]
INFO: [ view_end ] --START--
INFO: ShowPageTrace Behavior ::run [ RunTime:0.008001s ]
INFO: [ view_end ] --END-- [ RunTime:0.012001s ]

[ 2014-07-09T21:52:26+08:00 ] 127.0.0.1 /php_demo/shizhan/10/10wish/
INFO: [ app_begin ] --START--
INFO: ReadHtmlCache Behavior ::run [ RunTime:0.008000s ]
INFO: [ app_begin ] --END-- [ RunTime:0.012000s ]
NOTIC: [2] Missing argument 1 for Action::show(), called in D:\Dropbox-List\Net\Dropbox\WebDev\xampp\htdocs\php_demo\shizhan\10\10wish\APP\Lib\Action\Home\IndexAction.class.php on line 7 and defined D:\Dropbox-List\Net\Dropbox\WebDev\xampp\htdocs\php_demo\shizhan\10\10wish\ThinkPHP\Lib\Core\Action.class.php 第 107 行.
NOTIC: [8] Undefined variable: content D:\Dropbox-List\Net\Dropbox\WebDev\xampp\htdocs\php_demo\shizhan\10\10wish\ThinkPHP\Lib\Core\Action.class.php 第 108 行.
INFO: [ view_parse ] --START--
NOTIC: [8] Undefined variable: Wish D:\Dropbox-List\Net\Dropbox\WebDev\xampp\htdocs\php_demo\shizhan\10\10wish\APP\Runtime\Cache\Home\36547c3cca62684d03e43575b05925a2.php 第 14 行.
INFO: ParseTemplate Behavior ::run [ RunTime:0.756044s ]
INFO: [ view_parse ] --END-- [ RunTime:0.761044s ]
INFO: [ view_filter ] --START--
INFO: ContentReplace Behavior ::run [ RunTime:0.007000s ]
INFO: TokenBuild Behavior ::run [ RunTime:0.009000s ]
INFO: WriteHtmlCache Behavior ::run [ RunTime:0.005001s ]
INFO: ShowRuntime Behavior ::run [ RunTime:0.011000s ]
INFO: [ view_filter ] --END-- [ RunTime:0.044002s ]
INFO: [ view_end ] --START--
INFO: ShowPageTrace Behavior ::run [ RunTime:0.008000s ]
INFO: [ view_end ] --END-- [ RunTime:0.014001s ]

[ 2014-07-09T21:53:07+08:00 ] 127.0.0.1 /php_demo/shizhan/10/10wish/
INFO: [ app_begin ] --START--
INFO: ReadHtmlCache Behavior ::run [ RunTime:0.008001s ]
INFO: [ app_begin ] --END-- [ RunTime:0.012001s ]
NOTIC: [2] Missing argument 1 for Action::show(), called in D:\Dropbox-List\Net\Dropbox\WebDev\xampp\htdocs\php_demo\shizhan\10\10wish\APP\Lib\Action\Home\IndexAction.class.php on line 7 and defined D:\Dropbox-List\Net\Dropbox\WebDev\xampp\htdocs\php_demo\shizhan\10\10wish\ThinkPHP\Lib\Core\Action.class.php 第 107 行.
NOTIC: [8] Undefined variable: content D:\Dropbox-List\Net\Dropbox\WebDev\xampp\htdocs\php_demo\shizhan\10\10wish\ThinkPHP\Lib\Core\Action.class.php 第 108 行.
INFO: [ view_parse ] --START--
NOTIC: [8] Undefined variable: wish D:\Dropbox-List\Net\Dropbox\WebDev\xampp\htdocs\php_demo\shizhan\10\10wish\APP\Runtime\Cache\Home\36547c3cca62684d03e43575b05925a2.php 第 14 行.
INFO: ParseTemplate Behavior ::run [ RunTime:0.080005s ]
INFO: [ view_parse ] --END-- [ RunTime:0.084005s ]
INFO: [ view_filter ] --START--
INFO: ContentReplace Behavior ::run [ RunTime:0.006000s ]
INFO: TokenBuild Behavior ::run [ RunTime:0.009001s ]
INFO: WriteHtmlCache Behavior ::run [ RunTime:0.004000s ]
INFO: ShowRuntime Behavior ::run [ RunTime:0.011001s ]
INFO: [ view_filter ] --END-- [ RunTime:0.043002s ]
INFO: [ view_end ] --START--
INFO: ShowPageTrace Behavior ::run [ RunTime:0.007000s ]
INFO: [ view_end ] --END-- [ RunTime:0.011000s ]

[ 2014-07-09T21:53:59+08:00 ] 127.0.0.1 /php_demo/shizhan/10/10wish/
INFO: [ app_begin ] --START--
INFO: ReadHtmlCache Behavior ::run [ RunTime:0.008000s ]
INFO: [ app_begin ] --END-- [ RunTime:0.013000s ]
NOTIC: [2] mysql_connect(): Access denied for user 'root'@'localhost' (using password: NO) D:\Dropbox-List\Net\Dropbox\WebDev\xampp\htdocs\php_demo\shizhan\10\10wish\ThinkPHP\Lib\Driver\Db\DbMysql.class.php 第 55 行.
ERR: Access denied for user 'root'@'localhost' (using password: NO)

[ 2014-07-09T21:54:16+08:00 ] 127.0.0.1 /php_demo/shizhan/10/10wish/
INFO: [ app_begin ] --START--
INFO: ReadHtmlCache Behavior ::run [ RunTime:0.008000s ]
INFO: [ app_begin ] --END-- [ RunTime:0.013001s ]
ERR: Unknown database 'wish'

[ 2014-07-09T21:54:46+08:00 ] 127.0.0.1 /php_demo/shizhan/10/10wish/
INFO: [ app_begin ] --START--
INFO: ReadHtmlCache Behavior ::run [ RunTime:0.008000s ]
INFO: [ app_begin ] --END-- [ RunTime:0.012000s ]
ERR: Unknown database 'thinkphp'

[ 2014-07-09T21:54:54+08:00 ] 127.0.0.1 /php_demo/shizhan/10/10wish/
INFO: [ app_begin ] --START--
INFO: ReadHtmlCache Behavior ::run [ RunTime:0.008000s ]
INFO: [ app_begin ] --END-- [ RunTime:0.012001s ]
ERR: Unknown database 'thinkphp'

[ 2014-07-09T21:55:21+08:00 ] 127.0.0.1 /php_demo/shizhan/10/10wish/
INFO: [ app_begin ] --START--
INFO: ReadHtmlCache Behavior ::run [ RunTime:0.009001s ]
INFO: [ app_begin ] --END-- [ RunTime:0.014001s ]
ERR: Unknown database 'thinkphp'

[ 2014-07-09T21:55:28+08:00 ] 127.0.0.1 /php_demo/shizhan/10/10wish/
INFO: [ app_begin ] --START--
INFO: ReadHtmlCache Behavior ::run [ RunTime:0.011001s ]
INFO: [ app_begin ] --END-- [ RunTime:0.018001s ]
ERR: Unknown database 'thinkphp'

[ 2014-07-09T21:56:10+08:00 ] 127.0.0.1 /php_demo/shizhan/10/10wish/
INFO: [ app_begin ] --START--
INFO: ReadHtmlCache Behavior ::run [ RunTime:0.008000s ]
INFO: [ app_begin ] --END-- [ RunTime:0.013001s ]
ERR: Unknown database 'thinkphp'

[ 2014-07-09T21:56:41+08:00 ] 127.0.0.1 /php_demo/shizhan/10/10wish/
INFO: [ app_begin ] --START--
INFO: ReadHtmlCache Behavior ::run [ RunTime:0.008001s ]
INFO: [ app_begin ] --END-- [ RunTime:0.012001s ]
SQL: SHOW COLUMNS FROM `tp_wish` [ RunTime:0.027001s ]
SQL: SELECT * FROM `tp_wish`  [ RunTime:0.002000s ]
INFO: [ view_parse ] --START--
NOTIC: [8] Array to string conversion D:\Dropbox-List\Net\Dropbox\WebDev\xampp\htdocs\php_demo\shizhan\10\10wish\APP\Runtime\Cache\Home\36547c3cca62684d03e43575b05925a2.php 第 14 行.
INFO: ParseTemplate Behavior ::run [ RunTime:0.154009s ]
INFO: [ view_parse ] --END-- [ RunTime:0.161009s ]
INFO: [ view_filter ] --START--
INFO: ContentReplace Behavior ::run [ RunTime:0.009000s ]
INFO: TokenBuild Behavior ::run [ RunTime:0.042003s ]
INFO: WriteHtmlCache Behavior ::run [ RunTime:0.006000s ]
INFO: ShowRuntime Behavior ::run [ RunTime:0.016001s ]
INFO: [ view_filter ] --END-- [ RunTime:0.085004s ]
NOTIC: [2] Cannot modify header information - headers already sent by (output started at D:\Dropbox-List\Net\Dropbox\WebDev\xampp\htdocs\php_demo\shizhan\10\10wish\APP\Lib\Action\Home\IndexAction.class.php:9) D:\Dropbox-List\Net\Dropbox\WebDev\xampp\htdocs\php_demo\shizhan\10\10wish\ThinkPHP\Lib\Core\View.class.php 第 95 行.
NOTIC: [2] Cannot modify header information - headers already sent by (output started at D:\Dropbox-List\Net\Dropbox\WebDev\xampp\htdocs\php_demo\shizhan\10\10wish\APP\Lib\Action\Home\IndexAction.class.php:9) D:\Dropbox-List\Net\Dropbox\WebDev\xampp\htdocs\php_demo\shizhan\10\10wish\ThinkPHP\Lib\Core\View.class.php 第 96 行.
NOTIC: [2] Cannot modify header information - headers already sent by (output started at D:\Dropbox-List\Net\Dropbox\WebDev\xampp\htdocs\php_demo\shizhan\10\10wish\APP\Lib\Action\Home\IndexAction.class.php:9) D:\Dropbox-List\Net\Dropbox\WebDev\xampp\htdocs\php_demo\shizhan\10\10wish\ThinkPHP\Lib\Core\View.class.php 第 97 行.
INFO: [ view_end ] --START--
INFO: ShowPageTrace Behavior ::run [ RunTime:0.011001s ]
INFO: [ view_end ] --END-- [ RunTime:0.017001s ]

[ 2014-07-09T22:00:28+08:00 ] 127.0.0.1 /php_demo/shizhan/10/10wish/
INFO: [ app_begin ] --START--
INFO: ReadHtmlCache Behavior ::run [ RunTime:0.010001s ]
INFO: [ app_begin ] --END-- [ RunTime:0.014001s ]
SQL: SHOW COLUMNS FROM `tp_wish` [ RunTime:0.006000s ]
SQL: SELECT * FROM `tp_wish`  [ RunTime:0.002000s ]
INFO: [ view_parse ] --START--
NOTIC: [8] Array to string conversion D:\Dropbox-List\Net\Dropbox\WebDev\xampp\htdocs\php_demo\shizhan\10\10wish\APP\Runtime\Cache\Home\36547c3cca62684d03e43575b05925a2.php 第 14 行.
INFO: ParseTemplate Behavior ::run [ RunTime:0.096006s ]
INFO: [ view_parse ] --END-- [ RunTime:0.101006s ]
INFO: [ view_filter ] --START--
INFO: ContentReplace Behavior ::run [ RunTime:0.008001s ]
INFO: TokenBuild Behavior ::run [ RunTime:0.008000s ]
INFO: WriteHtmlCache Behavior ::run [ RunTime:0.005001s ]
INFO: ShowRuntime Behavior ::run [ RunTime:0.014001s ]
INFO: [ view_filter ] --END-- [ RunTime:0.048003s ]
INFO: [ view_end ] --START--
INFO: ShowPageTrace Behavior ::run [ RunTime:0.009001s ]
INFO: [ view_end ] --END-- [ RunTime:0.013001s ]

[ 2014-07-09T22:00:50+08:00 ] 127.0.0.1 /php_demo/shizhan/10/10wish/
INFO: [ app_begin ] --START--
INFO: ReadHtmlCache Behavior ::run [ RunTime:0.020001s ]
INFO: [ app_begin ] --END-- [ RunTime:0.025002s ]
SQL: SHOW COLUMNS FROM `tp_wish` [ RunTime:0.006000s ]
SQL: SELECT * FROM `tp_wish`  [ RunTime:0.002000s ]
INFO: [ view_parse ] --START--
NOTIC: [8] Array to string conversion D:\Dropbox-List\Net\Dropbox\WebDev\xampp\htdocs\php_demo\shizhan\10\10wish\APP\Runtime\Cache\Home\36547c3cca62684d03e43575b05925a2.php 第 14 行.
INFO: ParseTemplate Behavior ::run [ RunTime:0.256015s ]
INFO: [ view_parse ] --END-- [ RunTime:0.261015s ]
INFO: [ view_filter ] --START--
INFO: ContentReplace Behavior ::run [ RunTime:0.007000s ]
INFO: TokenBuild Behavior ::run [ RunTime:0.008000s ]
INFO: WriteHtmlCache Behavior ::run [ RunTime:0.005000s ]
INFO: ShowRuntime Behavior ::run [ RunTime:0.012000s ]
INFO: [ view_filter ] --END-- [ RunTime:0.044002s ]
INFO: [ view_end ] --START--
INFO: ShowPageTrace Behavior ::run [ RunTime:0.010000s ]
INFO: [ view_end ] --END-- [ RunTime:0.015001s ]

[ 2014-07-09T22:01:09+08:00 ] 127.0.0.1 /php_demo/shizhan/10/10wish/
INFO: [ app_begin ] --START--
INFO: ReadHtmlCache Behavior ::run [ RunTime:0.010001s ]
INFO: [ app_begin ] --END-- [ RunTime:0.014001s ]
SQL: SHOW COLUMNS FROM `tp_wish` [ RunTime:0.005000s ]
SQL: SELECT * FROM `tp_wish` WHERE ( `id` = 0 )  [ RunTime:0.001000s ]
INFO: [ view_parse ] --START--
INFO: ParseTemplate Behavior ::run [ RunTime:0.090005s ]
INFO: [ view_parse ] --END-- [ RunTime:0.096006s ]
INFO: [ view_filter ] --START--
INFO: ContentReplace Behavior ::run [ RunTime:0.007000s ]
INFO: TokenBuild Behavior ::run [ RunTime:0.009001s ]
INFO: WriteHtmlCache Behavior ::run [ RunTime:0.005000s ]
INFO: ShowRuntime Behavior ::run [ RunTime:0.013001s ]
INFO: [ view_filter ] --END-- [ RunTime:0.045002s ]
INFO: [ view_end ] --START--
INFO: ShowPageTrace Behavior ::run [ RunTime:0.007000s ]
INFO: [ view_end ] --END-- [ RunTime:0.013000s ]

[ 2014-07-09T22:01:15+08:00 ] 127.0.0.1 /php_demo/shizhan/10/10wish/
INFO: [ app_begin ] --START--
INFO: ReadHtmlCache Behavior ::run [ RunTime:0.008001s ]
INFO: [ app_begin ] --END-- [ RunTime:0.013001s ]
SQL: SHOW COLUMNS FROM `tp_wish` [ RunTime:0.005000s ]
SQL: SELECT * FROM `tp_wish`  [ RunTime:0.001000s ]
INFO: [ view_parse ] --START--
NOTIC: [8] Array to string conversion D:\Dropbox-List\Net\Dropbox\WebDev\xampp\htdocs\php_demo\shizhan\10\10wish\APP\Runtime\Cache\Home\36547c3cca62684d03e43575b05925a2.php 第 14 行.
INFO: ParseTemplate Behavior ::run [ RunTime:0.088005s ]
INFO: [ view_parse ] --END-- [ RunTime:0.093006s ]
INFO: [ view_filter ] --START--
INFO: ContentReplace Behavior ::run [ RunTime:0.007001s ]
INFO: TokenBuild Behavior ::run [ RunTime:0.009000s ]
INFO: WriteHtmlCache Behavior ::run [ RunTime:0.005001s ]
INFO: ShowRuntime Behavior ::run [ RunTime:0.012000s ]
INFO: [ view_filter ] --END-- [ RunTime:0.046003s ]
INFO: [ view_end ] --START--
INFO: ShowPageTrace Behavior ::run [ RunTime:0.009001s ]
INFO: [ view_end ] --END-- [ RunTime:0.015001s ]

[ 2014-07-09T22:01:30+08:00 ] 127.0.0.1 /php_demo/shizhan/10/10wish/
INFO: [ app_begin ] --START--
INFO: ReadHtmlCache Behavior ::run [ RunTime:0.010001s ]
INFO: [ app_begin ] --END-- [ RunTime:0.016001s ]
SQL: SHOW COLUMNS FROM `tp_wish` [ RunTime:0.006000s ]
SQL: SELECT * FROM `tp_wish`  [ RunTime:0.001000s ]
INFO: [ view_parse ] --START--
NOTIC: [8] Undefined index: username D:\Dropbox-List\Net\Dropbox\WebDev\xampp\htdocs\php_demo\shizhan\10\10wish\APP\Runtime\Cache\Home\36547c3cca62684d03e43575b05925a2.php 第 14 行.
INFO: ParseTemplate Behavior ::run [ RunTime:0.146008s ]
INFO: [ view_parse ] --END-- [ RunTime:0.152009s ]
INFO: [ view_filter ] --START--
INFO: ContentReplace Behavior ::run [ RunTime:0.007000s ]
INFO: TokenBuild Behavior ::run [ RunTime:0.009000s ]
INFO: WriteHtmlCache Behavior ::run [ RunTime:0.005001s ]
INFO: ShowRuntime Behavior ::run [ RunTime:0.013001s ]
INFO: [ view_filter ] --END-- [ RunTime:0.049003s ]
INFO: [ view_end ] --START--
INFO: ShowPageTrace Behavior ::run [ RunTime:0.009001s ]
INFO: [ view_end ] --END-- [ RunTime:0.015001s ]

[ 2014-07-09T22:01:46+08:00 ] 127.0.0.1 /php_demo/shizhan/10/10wish/
INFO: [ app_begin ] --START--
INFO: ReadHtmlCache Behavior ::run [ RunTime:0.010000s ]
INFO: [ app_begin ] --END-- [ RunTime:0.015001s ]
SQL: SHOW COLUMNS FROM `tp_wish` [ RunTime:0.004000s ]
SQL: SELECT * FROM `tp_wish`  [ RunTime:0.002000s ]
INFO: [ view_parse ] --START--
NOTIC: [8] Undefined index: username D:\Dropbox-List\Net\Dropbox\WebDev\xampp\htdocs\php_demo\shizhan\10\10wish\APP\Runtime\Cache\Home\36547c3cca62684d03e43575b05925a2.php 第 14 行.
INFO: ParseTemplate Behavior ::run [ RunTime:0.096005s ]
INFO: [ view_parse ] --END-- [ RunTime:0.103006s ]
INFO: [ view_filter ] --START--
INFO: ContentReplace Behavior ::run [ RunTime:0.008000s ]
INFO: TokenBuild Behavior ::run [ RunTime:0.009000s ]
INFO: WriteHtmlCache Behavior ::run [ RunTime:0.004001s ]
INFO: ShowRuntime Behavior ::run [ RunTime:0.016001s ]
INFO: [ view_filter ] --END-- [ RunTime:0.050003s ]
INFO: [ view_end ] --START--
INFO: ShowPageTrace Behavior ::run [ RunTime:0.008001s ]
INFO: [ view_end ] --END-- [ RunTime:0.013001s ]

[ 2014-07-09T22:02:31+08:00 ] 127.0.0.1 /php_demo/shizhan/10/10wish/
INFO: [ app_begin ] --START--
INFO: ReadHtmlCache Behavior ::run [ RunTime:0.009000s ]
INFO: [ app_begin ] --END-- [ RunTime:0.013001s ]
SQL: SHOW COLUMNS FROM `tp_wish` [ RunTime:0.005000s ]
SQL: SELECT * FROM `tp_wish`  [ RunTime:0.002000s ]
INFO: [ view_parse ] --START--
NOTIC: [8] Undefined index: username D:\Dropbox-List\Net\Dropbox\WebDev\xampp\htdocs\php_demo\shizhan\10\10wish\APP\Runtime\Cache\Home\36547c3cca62684d03e43575b05925a2.php 第 14 行.
INFO: ParseTemplate Behavior ::run [ RunTime:0.165010s ]
INFO: [ view_parse ] --END-- [ RunTime:0.180010s ]
INFO: [ view_filter ] --START--
INFO: ContentReplace Behavior ::run [ RunTime:0.014001s ]
INFO: TokenBuild Behavior ::run [ RunTime:0.015001s ]
INFO: WriteHtmlCache Behavior ::run [ RunTime:0.008000s ]
INFO: ShowRuntime Behavior ::run [ RunTime:0.019001s ]
INFO: [ view_filter ] --END-- [ RunTime:0.078005s ]
NOTIC: [2] Cannot modify header information - headers already sent by (output started at D:\Dropbox-List\Net\Dropbox\WebDev\xampp\htdocs\php_demo\shizhan\10\10wish\APP\Lib\Action\Home\IndexAction.class.php:10) D:\Dropbox-List\Net\Dropbox\WebDev\xampp\htdocs\php_demo\shizhan\10\10wish\ThinkPHP\Lib\Core\View.class.php 第 95 行.
NOTIC: [2] Cannot modify header information - headers already sent by (output started at D:\Dropbox-List\Net\Dropbox\WebDev\xampp\htdocs\php_demo\shizhan\10\10wish\APP\Lib\Action\Home\IndexAction.class.php:10) D:\Dropbox-List\Net\Dropbox\WebDev\xampp\htdocs\php_demo\shizhan\10\10wish\ThinkPHP\Lib\Core\View.class.php 第 96 行.
NOTIC: [2] Cannot modify header information - headers already sent by (output started at D:\Dropbox-List\Net\Dropbox\WebDev\xampp\htdocs\php_demo\shizhan\10\10wish\APP\Lib\Action\Home\IndexAction.class.php:10) D:\Dropbox-List\Net\Dropbox\WebDev\xampp\htdocs\php_demo\shizhan\10\10wish\ThinkPHP\Lib\Core\View.class.php 第 97 行.
INFO: [ view_end ] --START--
INFO: ShowPageTrace Behavior ::run [ RunTime:0.013001s ]
INFO: [ view_end ] --END-- [ RunTime:0.020001s ]

[ 2014-07-09T22:10:37+08:00 ] 127.0.0.1 /php_demo/shizhan/10/10wish/
INFO: [ app_begin ] --START--
INFO: ReadHtmlCache Behavior ::run [ RunTime:0.008000s ]
INFO: [ app_begin ] --END-- [ RunTime:0.014000s ]
SQL: SHOW COLUMNS FROM `tp_wish` [ RunTime:0.005000s ]
SQL: SELECT * FROM `tp_wish`  [ RunTime:0.002001s ]
INFO: [ view_parse ] --START--
INFO: ParseTemplate Behavior ::run [ RunTime:0.249014s ]
INFO: [ view_parse ] --END-- [ RunTime:0.257014s ]
INFO: [ view_filter ] --START--
INFO: ContentReplace Behavior ::run [ RunTime:0.013001s ]
INFO: TokenBuild Behavior ::run [ RunTime:0.017001s ]
INFO: WriteHtmlCache Behavior ::run [ RunTime:0.008001s ]
INFO: ShowRuntime Behavior ::run [ RunTime:0.021001s ]
INFO: [ view_filter ] --END-- [ RunTime:0.079004s ]
NOTIC: [2] Cannot modify header information - headers already sent by (output started at D:\Dropbox-List\Net\Dropbox\WebDev\xampp\htdocs\php_demo\shizhan\10\10wish\APP\Lib\Action\Home\IndexAction.class.php:10) D:\Dropbox-List\Net\Dropbox\WebDev\xampp\htdocs\php_demo\shizhan\10\10wish\ThinkPHP\Lib\Core\View.class.php 第 95 行.
NOTIC: [2] Cannot modify header information - headers already sent by (output started at D:\Dropbox-List\Net\Dropbox\WebDev\xampp\htdocs\php_demo\shizhan\10\10wish\APP\Lib\Action\Home\IndexAction.class.php:10) D:\Dropbox-List\Net\Dropbox\WebDev\xampp\htdocs\php_demo\shizhan\10\10wish\ThinkPHP\Lib\Core\View.class.php 第 96 行.
NOTIC: [2] Cannot modify header information - headers already sent by (output started at D:\Dropbox-List\Net\Dropbox\WebDev\xampp\htdocs\php_demo\shizhan\10\10wish\APP\Lib\Action\Home\IndexAction.class.php:10) D:\Dropbox-List\Net\Dropbox\WebDev\xampp\htdocs\php_demo\shizhan\10\10wish\ThinkPHP\Lib\Core\View.class.php 第 97 行.
INFO: [ view_end ] --START--
INFO: ShowPageTrace Behavior ::run [ RunTime:0.008001s ]
INFO: [ view_end ] --END-- [ RunTime:0.013001s ]

[ 2014-07-09T22:11:31+08:00 ] 127.0.0.1 /php_demo/shizhan/10/10wish/
INFO: [ app_begin ] --START--
INFO: ReadHtmlCache Behavior ::run [ RunTime:0.009000s ]
INFO: [ app_begin ] --END-- [ RunTime:0.015001s ]
SQL: SHOW COLUMNS FROM `tp_wish` [ RunTime:0.004001s ]
SQL: SELECT * FROM `tp_wish`  [ RunTime:0.001000s ]
INFO: [ view_parse ] --START--
INFO: ParseTemplate Behavior ::run [ RunTime:0.118007s ]
INFO: [ view_parse ] --END-- [ RunTime:0.122007s ]
INFO: [ view_filter ] --START--
INFO: ContentReplace Behavior ::run [ RunTime:0.006001s ]
INFO: TokenBuild Behavior ::run [ RunTime:0.008000s ]
INFO: WriteHtmlCache Behavior ::run [ RunTime:0.004001s ]
INFO: ShowRuntime Behavior ::run [ RunTime:0.011000s ]
INFO: [ view_filter ] --END-- [ RunTime:0.041003s ]
INFO: [ view_end ] --START--
INFO: ShowPageTrace Behavior ::run [ RunTime:0.007000s ]
INFO: [ view_end ] --END-- [ RunTime:0.012001s ]

[ 2014-07-09T23:58:22+08:00 ] 127.0.0.1 /php_demo/shizhan/10/10wish/
INFO: [ app_begin ] --START--
INFO: ReadHtmlCache Behavior ::run [ RunTime:0.067004s ]
INFO: [ app_begin ] --END-- [ RunTime:0.112006s ]
SQL: SHOW COLUMNS FROM `tp_wish` [ RunTime:1.968113s ]
SQL: SELECT * FROM `tp_wish`  [ RunTime:0.099005s ]
INFO: [ view_parse ] --START--
INFO: ParseTemplate Behavior ::run [ RunTime:0.676039s ]
INFO: [ view_parse ] --END-- [ RunTime:0.683039s ]
INFO: [ view_filter ] --START--
INFO: ContentReplace Behavior ::run [ RunTime:0.108006s ]
INFO: TokenBuild Behavior ::run [ RunTime:0.041002s ]
INFO: WriteHtmlCache Behavior ::run [ RunTime:0.047003s ]
INFO: ShowRuntime Behavior ::run [ RunTime:0.072004s ]
INFO: [ view_filter ] --END-- [ RunTime:0.283016s ]
INFO: [ view_end ] --START--
INFO: ShowPageTrace Behavior ::run [ RunTime:0.017001s ]
INFO: [ view_end ] --END-- [ RunTime:0.022001s ]

