[ 2014-08-02T00:25:46+08:00 ] 127.0.0.1 /php_demo/shizhan/10/10wish/index.php/MsgMessage
INFO: [ route_check ] --START--
INFO: CheckRoute Behavior ::run [ RunTime:0.005000s ]
INFO: [ route_check ] --END-- [ RunTime:0.077004s ]
NOTIC: [8192] preg_replace(): The /e modifier is deprecated, use preg_replace_callback instead D:\Dropbox-List\Net\Dropbox\WebDev\xampp\htdocs\php_demo\shizhan\10\10wish\ThinkPHP\Lib\Core\Dispatcher.class.php 第 132 行.
INFO: [ app_begin ] --START--
INFO: ReadHtmlCache Behavior ::run [ RunTime:0.006000s ]
INFO: [ app_begin ] --END-- [ RunTime:0.009001s ]
NOTIC: [8192] mysql_connect(): The mysql extension is deprecated and will be removed in the future: use mysqli or PDO instead D:\Dropbox-List\Net\Dropbox\WebDev\xampp\htdocs\php_demo\shizhan\10\10wish\ThinkPHP\Extend\Driver\Session\SessionDb.class.php 第 100 行.
ERR: 无法加载模块:MsgMessage

[ 2014-08-02T00:29:59+08:00 ] 127.0.0.1 /php_demo/shizhan/10/10wish/
INFO: [ app_begin ] --START--
INFO: ReadHtmlCache Behavior ::run [ RunTime:0.001000s ]
INFO: [ app_begin ] --END-- [ RunTime:0.002000s ]
SQL: SHOW COLUMNS FROM `tp_wish` [ RunTime:0.023002s ]
SQL: SELECT * FROM `tp_wish`  [ RunTime:0.000000s ]
INFO: [ view_parse ] --START--
INFO: ParseTemplate Behavior ::run [ RunTime:0.027001s ]
INFO: [ view_parse ] --END-- [ RunTime:0.027001s ]
INFO: [ view_filter ] --START--
INFO: ContentReplace Behavior ::run [ RunTime:0.002000s ]
INFO: TokenBuild Behavior ::run [ RunTime:0.001000s ]
INFO: WriteHtmlCache Behavior ::run [ RunTime:0.001000s ]
INFO: ShowRuntime Behavior ::run [ RunTime:0.002000s ]
INFO: [ view_filter ] --END-- [ RunTime:0.007000s ]
INFO: [ view_end ] --START--
INFO: ShowPageTrace Behavior ::run [ RunTime:0.001000s ]
INFO: [ view_end ] --END-- [ RunTime:0.003000s ]

[ 2014-08-02T00:30:11+08:00 ] 127.0.0.1 /php_demo/shizhan/10/10wish/index.php/Admin/MsgMessage
INFO: [ route_check ] --START--
INFO: CheckRoute Behavior ::run [ RunTime:0.002000s ]
INFO: [ route_check ] --END-- [ RunTime:0.002000s ]
INFO: [ app_begin ] --START--
INFO: ReadHtmlCache Behavior ::run [ RunTime:0.001000s ]
INFO: [ app_begin ] --END-- [ RunTime:0.002000s ]
ERR: 无法加载模块:MsgMessage

[ 2014-08-02T00:30:52+08:00 ] 127.0.0.1 /php_demo/shizhan/10/10wish/index.php/Admin/MsgMessage
INFO: [ route_check ] --START--
INFO: CheckRoute Behavior ::run [ RunTime:0.002000s ]
INFO: [ route_check ] --END-- [ RunTime:0.002000s ]
INFO: [ app_begin ] --START--
INFO: ReadHtmlCache Behavior ::run [ RunTime:0.001000s ]
INFO: [ app_begin ] --END-- [ RunTime:0.002000s ]
SQL: SHOW COLUMNS FROM `tp_wish` [ RunTime:0.002000s ]
SQL: SELECT COUNT(*) AS tp_count FROM `tp_wish` LIMIT 1   [ RunTime:0.000000s ]

[ 2014-08-02T00:30:55+08:00 ] 127.0.0.1 /php_demo/shizhan/10/10wish/index.php/Admin/MsgMessage
INFO: [ route_check ] --START--
INFO: CheckRoute Behavior ::run [ RunTime:0.002001s ]
INFO: [ route_check ] --END-- [ RunTime:0.002001s ]
INFO: [ app_begin ] --START--
INFO: ReadHtmlCache Behavior ::run [ RunTime:0.001000s ]
INFO: [ app_begin ] --END-- [ RunTime:0.002000s ]
SQL: SHOW COLUMNS FROM `tp_wish` [ RunTime:0.002000s ]
SQL: SELECT COUNT(*) AS tp_count FROM `tp_wish` LIMIT 1   [ RunTime:0.000000s ]

[ 2014-08-02T00:31:09+08:00 ] 127.0.0.1 /php_demo/shizhan/10/10wish/index.php/
INFO: [ route_check ] --START--
INFO: CheckRoute Behavior ::run [ RunTime:0.001000s ]
INFO: [ route_check ] --END-- [ RunTime:0.001000s ]
INFO: [ app_begin ] --START--
INFO: ReadHtmlCache Behavior ::run [ RunTime:0.001000s ]
INFO: [ app_begin ] --END-- [ RunTime:0.001000s ]
SQL: SHOW COLUMNS FROM `tp_wish` [ RunTime:0.002000s ]
SQL: SELECT * FROM `tp_wish`  [ RunTime:0.001000s ]
INFO: [ view_parse ] --START--
INFO: ParseTemplate Behavior ::run [ RunTime:0.018001s ]
INFO: [ view_parse ] --END-- [ RunTime:0.018001s ]
INFO: [ view_filter ] --START--
INFO: ContentReplace Behavior ::run [ RunTime:0.001000s ]
INFO: TokenBuild Behavior ::run [ RunTime:0.001000s ]
INFO: WriteHtmlCache Behavior ::run [ RunTime:0.001000s ]
INFO: ShowRuntime Behavior ::run [ RunTime:0.001000s ]
INFO: [ view_filter ] --END-- [ RunTime:0.005000s ]
INFO: [ view_end ] --START--
INFO: ShowPageTrace Behavior ::run [ RunTime:0.001000s ]
INFO: [ view_end ] --END-- [ RunTime:0.002000s ]

[ 2014-08-02T00:31:18+08:00 ] 127.0.0.1 /php_demo/shizhan/10/10wish/index.php/Index/handle
INFO: [ route_check ] --START--
INFO: CheckRoute Behavior ::run [ RunTime:0.002000s ]
INFO: [ route_check ] --END-- [ RunTime:0.002000s ]
INFO: [ app_begin ] --START--
INFO: ReadHtmlCache Behavior ::run [ RunTime:0.001001s ]
INFO: [ app_begin ] --END-- [ RunTime:0.001001s ]
SQL: SHOW COLUMNS FROM `tp_wish` [ RunTime:0.018002s ]
SQL: INSERT INTO `tp_wish` (`username`,`content`,`time`) VALUES ('Leon','[钱]',1406910677) [ RunTime:0.053003s ]

[ 2014-08-02T00:31:23+08:00 ] 127.0.0.1 /php_demo/shizhan/10/10wish/index.php/Index/handle
INFO: [ route_check ] --START--
INFO: CheckRoute Behavior ::run [ RunTime:0.002000s ]
INFO: [ route_check ] --END-- [ RunTime:0.002000s ]
INFO: [ app_begin ] --START--
INFO: ReadHtmlCache Behavior ::run [ RunTime:0.001000s ]
INFO: [ app_begin ] --END-- [ RunTime:0.001000s ]
SQL: SHOW COLUMNS FROM `tp_wish` [ RunTime:0.003000s ]
SQL: INSERT INTO `tp_wish` (`username`,`content`,`time`) VALUES ('Leon','[钱][嘻嘻]',1406910683) [ RunTime:0.001000s ]

[ 2014-08-02T00:31:26+08:00 ] 127.0.0.1 /php_demo/shizhan/10/10wish/index.php/
INFO: [ route_check ] --START--
INFO: CheckRoute Behavior ::run [ RunTime:0.001000s ]
INFO: [ route_check ] --END-- [ RunTime:0.001000s ]
INFO: [ app_begin ] --START--
INFO: ReadHtmlCache Behavior ::run [ RunTime:0.001000s ]
INFO: [ app_begin ] --END-- [ RunTime:0.001000s ]
SQL: SHOW COLUMNS FROM `tp_wish` [ RunTime:0.003000s ]
SQL: SELECT * FROM `tp_wish`  [ RunTime:0.000000s ]
INFO: [ view_parse ] --START--
INFO: ParseTemplate Behavior ::run [ RunTime:0.018001s ]
INFO: [ view_parse ] --END-- [ RunTime:0.018001s ]
INFO: [ view_filter ] --START--
INFO: ContentReplace Behavior ::run [ RunTime:0.001000s ]
INFO: TokenBuild Behavior ::run [ RunTime:0.001000s ]
INFO: WriteHtmlCache Behavior ::run [ RunTime:0.000000s ]
INFO: ShowRuntime Behavior ::run [ RunTime:0.001000s ]
INFO: [ view_filter ] --END-- [ RunTime:0.005000s ]
INFO: [ view_end ] --START--
INFO: ShowPageTrace Behavior ::run [ RunTime:0.002000s ]
INFO: [ view_end ] --END-- [ RunTime:0.002000s ]

[ 2014-08-02T00:31:37+08:00 ] 127.0.0.1 /php_demo/shizhan/10/10wish/index.php/Index/handle
INFO: [ route_check ] --START--
INFO: CheckRoute Behavior ::run [ RunTime:0.001000s ]
INFO: [ route_check ] --END-- [ RunTime:0.002000s ]
INFO: [ app_begin ] --START--
INFO: ReadHtmlCache Behavior ::run [ RunTime:0.001000s ]
INFO: [ app_begin ] --END-- [ RunTime:0.001000s ]
SQL: SHOW COLUMNS FROM `tp_wish` [ RunTime:0.003000s ]
SQL: INSERT INTO `tp_wish` (`username`,`content`,`time`) VALUES ('123','[太开心]',1406910697) [ RunTime:0.000000s ]

[ 2014-08-02T00:32:27+08:00 ] 127.0.0.1 /php_demo/shizhan/10/10wish/index.php/
INFO: [ route_check ] --START--
INFO: CheckRoute Behavior ::run [ RunTime:0.001000s ]
INFO: [ route_check ] --END-- [ RunTime:0.002000s ]
INFO: [ app_begin ] --START--
INFO: ReadHtmlCache Behavior ::run [ RunTime:0.001000s ]
INFO: [ app_begin ] --END-- [ RunTime:0.002000s ]
SQL: SHOW COLUMNS FROM `tp_wish` [ RunTime:0.003000s ]
SQL: SELECT * FROM `tp_wish`  [ RunTime:0.000000s ]
INFO: [ view_parse ] --START--
INFO: ParseTemplate Behavior ::run [ RunTime:0.018001s ]
INFO: [ view_parse ] --END-- [ RunTime:0.018001s ]
INFO: [ view_filter ] --START--
INFO: ContentReplace Behavior ::run [ RunTime:0.001001s ]
INFO: TokenBuild Behavior ::run [ RunTime:0.001000s ]
INFO: WriteHtmlCache Behavior ::run [ RunTime:0.000000s ]
INFO: ShowRuntime Behavior ::run [ RunTime:0.001000s ]
INFO: [ view_filter ] --END-- [ RunTime:0.005001s ]
INFO: [ view_end ] --START--
INFO: ShowPageTrace Behavior ::run [ RunTime:0.001000s ]
INFO: [ view_end ] --END-- [ RunTime:0.002000s ]

[ 2014-08-02T00:32:32+08:00 ] 127.0.0.1 /php_demo/shizhan/10/10wish/index.php/Admin/MsgMessage
INFO: [ route_check ] --START--
INFO: CheckRoute Behavior ::run [ RunTime:0.001000s ]
INFO: [ route_check ] --END-- [ RunTime:0.001000s ]
INFO: [ app_begin ] --START--
INFO: ReadHtmlCache Behavior ::run [ RunTime:0.001000s ]
INFO: [ app_begin ] --END-- [ RunTime:0.001000s ]
SQL: SHOW COLUMNS FROM `tp_wish` [ RunTime:0.002000s ]
SQL: SELECT COUNT(*) AS tp_count FROM `tp_wish` LIMIT 1   [ RunTime:0.000000s ]

[ 2014-08-02T00:34:30+08:00 ] 127.0.0.1 /php_demo/shizhan/10/10wish/index.php/Admin/MsgMessage
INFO: [ route_check ] --START--
INFO: CheckRoute Behavior ::run [ RunTime:0.001000s ]
INFO: [ route_check ] --END-- [ RunTime:0.002000s ]
INFO: [ app_begin ] --START--
INFO: ReadHtmlCache Behavior ::run [ RunTime:0.001000s ]
INFO: [ app_begin ] --END-- [ RunTime:0.002000s ]
SQL: SHOW COLUMNS FROM `tp_wish` [ RunTime:0.016001s ]
SQL: SELECT COUNT(*) AS tp_count FROM `tp_wish` LIMIT 1   [ RunTime:0.001000s ]

[ 2014-08-02T00:37:10+08:00 ] 127.0.0.1 /php_demo/shizhan/10/10wish/index.php/Admin/MsgMessage
INFO: [ route_check ] --START--
INFO: CheckRoute Behavior ::run [ RunTime:0.001000s ]
INFO: [ route_check ] --END-- [ RunTime:0.002000s ]
INFO: [ app_begin ] --START--
INFO: ReadHtmlCache Behavior ::run [ RunTime:0.001000s ]
INFO: [ app_begin ] --END-- [ RunTime:0.001000s ]
SQL: SHOW COLUMNS FROM `tp_wish` [ RunTime:0.012000s ]
SQL: SELECT COUNT(*) AS tp_count FROM `tp_wish` LIMIT 1   [ RunTime:0.001000s ]
SQL: SELECT * FROM `tp_wish` ORDER BY time DESC LIMIT 0,2   [ RunTime:0.000000s ]
NOTIC: [8] Array to string conversion D:\Dropbox-List\Net\Dropbox\WebDev\xampp\htdocs\php_demo\shizhan\10\10wish\APP\Lib\Action\Admin\MsgMessageAction.class.php 第 12 行.

[ 2014-08-02T00:37:22+08:00 ] 127.0.0.1 /php_demo/shizhan/10/10wish/index.php/Admin/MsgMessage
INFO: [ route_check ] --START--
INFO: CheckRoute Behavior ::run [ RunTime:0.001000s ]
INFO: [ route_check ] --END-- [ RunTime:0.001000s ]
INFO: [ app_begin ] --START--
INFO: ReadHtmlCache Behavior ::run [ RunTime:0.001000s ]
INFO: [ app_begin ] --END-- [ RunTime:0.001000s ]
SQL: SHOW COLUMNS FROM `tp_wish` [ RunTime:0.002000s ]
SQL: SELECT COUNT(*) AS tp_count FROM `tp_wish` LIMIT 1   [ RunTime:0.000000s ]
SQL: SELECT * FROM `tp_wish` ORDER BY time DESC LIMIT 0,2   [ RunTime:0.001000s ]

[ 2014-08-02T00:44:55+08:00 ] 127.0.0.1 /php_demo/shizhan/10/10wish/index.php/Admin/MsgMessage
INFO: [ route_check ] --START--
INFO: CheckRoute Behavior ::run [ RunTime:0.001000s ]
INFO: [ route_check ] --END-- [ RunTime:0.001000s ]
INFO: [ app_begin ] --START--
INFO: ReadHtmlCache Behavior ::run [ RunTime:0.001000s ]
INFO: [ app_begin ] --END-- [ RunTime:0.002000s ]
SQL: SHOW COLUMNS FROM `tp_wish` [ RunTime:0.015001s ]
SQL: SELECT COUNT(*) AS tp_count FROM `tp_wish` LIMIT 1   [ RunTime:0.000000s ]
SQL: SELECT * FROM `tp_wish` ORDER BY time DESC LIMIT 0,2   [ RunTime:0.000000s ]

[ 2014-08-02T00:44:57+08:00 ] 127.0.0.1 /php_demo/shizhan/10/10wish/index.php/Admin/MsgMessage
INFO: [ route_check ] --START--
INFO: CheckRoute Behavior ::run [ RunTime:0.002000s ]
INFO: [ route_check ] --END-- [ RunTime:0.003000s ]
INFO: [ app_begin ] --START--
INFO: ReadHtmlCache Behavior ::run [ RunTime:0.001000s ]
INFO: [ app_begin ] --END-- [ RunTime:0.002000s ]
SQL: SHOW COLUMNS FROM `tp_wish` [ RunTime:0.002000s ]
SQL: SELECT COUNT(*) AS tp_count FROM `tp_wish` LIMIT 1   [ RunTime:0.001000s ]
SQL: SELECT * FROM `tp_wish` ORDER BY time DESC LIMIT 0,2   [ RunTime:0.000000s ]

[ 2014-08-02T00:46:05+08:00 ] 127.0.0.1 /php_demo/shizhan/10/10wish/index.php/Admin/MsgMessage
INFO: [ route_check ] --START--
INFO: CheckRoute Behavior ::run [ RunTime:0.001000s ]
INFO: [ route_check ] --END-- [ RunTime:0.001000s ]
INFO: [ app_begin ] --START--
INFO: ReadHtmlCache Behavior ::run [ RunTime:0.001000s ]
INFO: [ app_begin ] --END-- [ RunTime:0.002000s ]
SQL: SHOW COLUMNS FROM `tp_wish` [ RunTime:0.015000s ]
SQL: SELECT COUNT(*) AS tp_count FROM `tp_wish` LIMIT 1   [ RunTime:0.001000s ]
SQL: SELECT * FROM `tp_wish` ORDER BY time DESC LIMIT 0,2   [ RunTime:0.000000s ]
INFO: [ view_parse ] --START--
NOTIC: [8] Undefined index: item D:\Dropbox-List\Net\Dropbox\WebDev\xampp\htdocs\php_demo\shizhan\10\10wish\ThinkPHP\Lib\Driver\TagLib\TagLibCx.class.php 第 130 行.

[ 2014-08-02T00:47:11+08:00 ] 127.0.0.1 /php_demo/shizhan/10/10wish/index.php/Admin/MsgMessage
INFO: [ route_check ] --START--
INFO: CheckRoute Behavior ::run [ RunTime:0.001000s ]
INFO: [ route_check ] --END-- [ RunTime:0.002000s ]
INFO: [ app_begin ] --START--
INFO: ReadHtmlCache Behavior ::run [ RunTime:0.001000s ]
INFO: [ app_begin ] --END-- [ RunTime:0.001000s ]
SQL: SHOW COLUMNS FROM `tp_wish` [ RunTime:0.011001s ]
SQL: SELECT COUNT(*) AS tp_count FROM `tp_wish` LIMIT 1   [ RunTime:0.001000s ]
SQL: SELECT * FROM `tp_wish` ORDER BY time DESC LIMIT 0,2   [ RunTime:0.000000s ]
INFO: [ view_parse ] --START--
NOTIC: [8] Undefined index: item D:\Dropbox-List\Net\Dropbox\WebDev\xampp\htdocs\php_demo\shizhan\10\10wish\ThinkPHP\Lib\Driver\TagLib\TagLibCx.class.php 第 130 行.

[ 2014-08-02T00:48:13+08:00 ] 127.0.0.1 /php_demo/shizhan/10/10wish/index.php/Admin/MsgMessage
INFO: [ route_check ] --START--
INFO: CheckRoute Behavior ::run [ RunTime:0.001000s ]
INFO: [ route_check ] --END-- [ RunTime:0.001000s ]
INFO: [ app_begin ] --START--
INFO: ReadHtmlCache Behavior ::run [ RunTime:0.001000s ]
INFO: [ app_begin ] --END-- [ RunTime:0.001000s ]
SQL: SHOW COLUMNS FROM `tp_wish` [ RunTime:0.003000s ]
SQL: SELECT COUNT(*) AS tp_count FROM `tp_wish` LIMIT 1   [ RunTime:0.000000s ]
SQL: SELECT * FROM `tp_wish` ORDER BY time DESC LIMIT 0,2   [ RunTime:0.000000s ]
INFO: [ view_parse ] --START--
NOTIC: [8] Undefined index: item D:\Dropbox-List\Net\Dropbox\WebDev\xampp\htdocs\php_demo\shizhan\10\10wish\ThinkPHP\Lib\Driver\TagLib\TagLibCx.class.php 第 130 行.

[ 2014-08-02T00:48:16+08:00 ] 127.0.0.1 /php_demo/shizhan/10/10wish/index.php/Admin/MsgMessage/index/p/2.html
INFO: [ route_check ] --START--
INFO: CheckRoute Behavior ::run [ RunTime:0.001000s ]
INFO: [ route_check ] --END-- [ RunTime:0.001000s ]
INFO: [ app_begin ] --START--
INFO: ReadHtmlCache Behavior ::run [ RunTime:0.001000s ]
INFO: [ app_begin ] --END-- [ RunTime:0.001000s ]
SQL: SHOW COLUMNS FROM `tp_wish` [ RunTime:0.003000s ]
SQL: SELECT COUNT(*) AS tp_count FROM `tp_wish` LIMIT 1   [ RunTime:0.000000s ]
SQL: SELECT * FROM `tp_wish` ORDER BY time DESC LIMIT 2,2   [ RunTime:0.001000s ]
INFO: [ view_parse ] --START--
NOTIC: [8] Undefined index: item D:\Dropbox-List\Net\Dropbox\WebDev\xampp\htdocs\php_demo\shizhan\10\10wish\ThinkPHP\Lib\Driver\TagLib\TagLibCx.class.php 第 130 行.

[ 2014-08-02T00:48:18+08:00 ] 127.0.0.1 /php_demo/shizhan/10/10wish/index.php/Admin/MsgMessage/index/p/1.html
INFO: [ route_check ] --START--
INFO: CheckRoute Behavior ::run [ RunTime:0.002000s ]
INFO: [ route_check ] --END-- [ RunTime:0.003000s ]
INFO: [ app_begin ] --START--
INFO: ReadHtmlCache Behavior ::run [ RunTime:0.001000s ]
INFO: [ app_begin ] --END-- [ RunTime:0.002000s ]
SQL: SHOW COLUMNS FROM `tp_wish` [ RunTime:0.003000s ]
SQL: SELECT COUNT(*) AS tp_count FROM `tp_wish` LIMIT 1   [ RunTime:0.000000s ]
SQL: SELECT * FROM `tp_wish` ORDER BY time DESC LIMIT 0,2   [ RunTime:0.000000s ]
INFO: [ view_parse ] --START--
NOTIC: [8] Undefined index: item D:\Dropbox-List\Net\Dropbox\WebDev\xampp\htdocs\php_demo\shizhan\10\10wish\ThinkPHP\Lib\Driver\TagLib\TagLibCx.class.php 第 130 行.

[ 2014-08-02T01:08:52+08:00 ] 127.0.0.1 /php_demo/shizhan/10/10wish/index.php/Admin/MsgMessage/index/p/1.html
INFO: [ route_check ] --START--
INFO: CheckRoute Behavior ::run [ RunTime:0.001000s ]
INFO: [ route_check ] --END-- [ RunTime:0.001000s ]
INFO: [ app_begin ] --START--
INFO: ReadHtmlCache Behavior ::run [ RunTime:0.001001s ]
INFO: [ app_begin ] --END-- [ RunTime:0.001001s ]
SQL: SHOW COLUMNS FROM `tp_wish` [ RunTime:0.003000s ]
SQL: SELECT COUNT(*) AS tp_count FROM `tp_wish` LIMIT 1   [ RunTime:0.000000s ]
SQL: SELECT * FROM `tp_wish` ORDER BY time DESC LIMIT 0,2   [ RunTime:0.000000s ]

[ 2014-08-02T01:09:42+08:00 ] 127.0.0.1 /php_demo/shizhan/10/10wish/index.php/Admin/MsgMessage/index/p/1.html
INFO: [ route_check ] --START--
INFO: CheckRoute Behavior ::run [ RunTime:0.001000s ]
INFO: [ route_check ] --END-- [ RunTime:0.001000s ]
INFO: [ app_begin ] --START--
INFO: ReadHtmlCache Behavior ::run [ RunTime:0.001000s ]
INFO: [ app_begin ] --END-- [ RunTime:0.002000s ]
SQL: SHOW COLUMNS FROM `tp_wish` [ RunTime:0.003000s ]
SQL: SELECT COUNT(*) AS tp_count FROM `tp_wish` LIMIT 1   [ RunTime:0.000000s ]
SQL: SELECT * FROM `tp_wish` ORDER BY time DESC LIMIT 0,2   [ RunTime:0.000000s ]

[ 2014-08-02T01:11:18+08:00 ] 127.0.0.1 /php_demo/shizhan/10/10wish/index.php/Admin/MsgMessage/index/p/1.html
INFO: [ route_check ] --START--
INFO: CheckRoute Behavior ::run [ RunTime:0.001000s ]
INFO: [ route_check ] --END-- [ RunTime:0.001000s ]
INFO: [ app_begin ] --START--
INFO: ReadHtmlCache Behavior ::run [ RunTime:0.000000s ]
INFO: [ app_begin ] --END-- [ RunTime:0.002001s ]
SQL: SHOW COLUMNS FROM `tp_wish` [ RunTime:0.002000s ]
SQL: SELECT COUNT(*) AS tp_count FROM `tp_wish` LIMIT 1   [ RunTime:0.000000s ]
SQL: SELECT * FROM `tp_wish` ORDER BY time DESC LIMIT 0,2   [ RunTime:0.000000s ]

[ 2014-08-02T01:11:47+08:00 ] 127.0.0.1 /php_demo/shizhan/10/10wish/index.php/Admin/MsgMessage/index/p/1.html
INFO: [ route_check ] --START--
INFO: CheckRoute Behavior ::run [ RunTime:0.001000s ]
INFO: [ route_check ] --END-- [ RunTime:0.001000s ]
INFO: [ app_begin ] --START--
INFO: ReadHtmlCache Behavior ::run [ RunTime:0.001000s ]
INFO: [ app_begin ] --END-- [ RunTime:0.001000s ]
SQL: SHOW COLUMNS FROM `tp_wish` [ RunTime:0.011001s ]
SQL: SELECT COUNT(*) AS tp_count FROM `tp_wish` LIMIT 1   [ RunTime:0.000000s ]
SQL: SELECT * FROM `tp_wish` ORDER BY time DESC LIMIT 0,2   [ RunTime:0.000000s ]
INFO: [ view_parse ] --START--
NOTIC: [8] Undefined index: item D:\Dropbox-List\Net\Dropbox\WebDev\xampp\htdocs\php_demo\shizhan\10\10wish\ThinkPHP\Lib\Driver\TagLib\TagLibCx.class.php 第 130 行.

[ 2014-08-02T01:16:26+08:00 ] 127.0.0.1 /php_demo/shizhan/10/10wish/index.php/Admin/MsgMessage/index/p/1.html
INFO: [ route_check ] --START--
INFO: CheckRoute Behavior ::run [ RunTime:0.002000s ]
INFO: [ route_check ] --END-- [ RunTime:0.002000s ]
INFO: [ app_begin ] --START--
INFO: ReadHtmlCache Behavior ::run [ RunTime:0.001000s ]
INFO: [ app_begin ] --END-- [ RunTime:0.001000s ]
SQL: SHOW COLUMNS FROM `tp_wish` [ RunTime:0.003000s ]
SQL: SELECT COUNT(*) AS tp_count FROM `tp_wish` LIMIT 1   [ RunTime:0.000000s ]
SQL: SELECT * FROM `tp_wish` ORDER BY time DESC LIMIT 0,2   [ RunTime:0.001001s ]
INFO: [ view_parse ] --START--
NOTIC: [8] Undefined index: item D:\Dropbox-List\Net\Dropbox\WebDev\xampp\htdocs\php_demo\shizhan\10\10wish\ThinkPHP\Lib\Driver\TagLib\TagLibCx.class.php 第 130 行.

[ 2014-08-02T01:16:27+08:00 ] 127.0.0.1 /php_demo/shizhan/10/10wish/index.php/Admin/MsgMessage/index/p/1.html
INFO: [ route_check ] --START--
INFO: CheckRoute Behavior ::run [ RunTime:0.001000s ]
INFO: [ route_check ] --END-- [ RunTime:0.002000s ]
INFO: [ app_begin ] --START--
INFO: ReadHtmlCache Behavior ::run [ RunTime:0.002000s ]
INFO: [ app_begin ] --END-- [ RunTime:0.002000s ]
SQL: SHOW COLUMNS FROM `tp_wish` [ RunTime:0.003000s ]
SQL: SELECT COUNT(*) AS tp_count FROM `tp_wish` LIMIT 1   [ RunTime:0.000000s ]
SQL: SELECT * FROM `tp_wish` ORDER BY time DESC LIMIT 0,2   [ RunTime:0.000000s ]
INFO: [ view_parse ] --START--
NOTIC: [8] Undefined index: item D:\Dropbox-List\Net\Dropbox\WebDev\xampp\htdocs\php_demo\shizhan\10\10wish\ThinkPHP\Lib\Driver\TagLib\TagLibCx.class.php 第 130 行.

[ 2014-08-02T01:17:40+08:00 ] 127.0.0.1 /php_demo/shizhan/10/10wish/index.php/Admin/MsgMessage/index/p/1.html
INFO: [ route_check ] --START--
INFO: CheckRoute Behavior ::run [ RunTime:0.001000s ]
INFO: [ route_check ] --END-- [ RunTime:0.001000s ]
INFO: [ app_begin ] --START--
INFO: ReadHtmlCache Behavior ::run [ RunTime:0.001000s ]
INFO: [ app_begin ] --END-- [ RunTime:0.001000s ]
SQL: SHOW COLUMNS FROM `tp_wish` [ RunTime:0.005001s ]
SQL: SELECT COUNT(*) AS tp_count FROM `tp_wish` LIMIT 1   [ RunTime:0.001000s ]
SQL: SELECT * FROM `tp_wish` ORDER BY time DESC LIMIT 0,2   [ RunTime:0.000000s ]
INFO: [ view_parse ] --START--
NOTIC: [8] Undefined index: item D:\Dropbox-List\Net\Dropbox\WebDev\xampp\htdocs\php_demo\shizhan\10\10wish\ThinkPHP\Lib\Driver\TagLib\TagLibCx.class.php 第 130 行.

[ 2014-08-02T01:20:10+08:00 ] 127.0.0.1 /php_demo/shizhan/10/10wish/index.php/Admin/Manage
INFO: [ route_check ] --START--
INFO: CheckRoute Behavior ::run [ RunTime:0.001000s ]
INFO: [ route_check ] --END-- [ RunTime:0.002000s ]
INFO: [ app_begin ] --START--
INFO: ReadHtmlCache Behavior ::run [ RunTime:0.001000s ]
INFO: [ app_begin ] --END-- [ RunTime:0.002000s ]
SQL: SHOW COLUMNS FROM `tp_wish` [ RunTime:0.003000s ]
SQL: SELECT COUNT(*) AS tp_count FROM `tp_wish` LIMIT 1   [ RunTime:0.000000s ]
SQL: SELECT * FROM `tp_wish` ORDER BY time DESC LIMIT 0,2   [ RunTime:0.000000s ]
INFO: [ view_parse ] --START--
NOTIC: [8] Undefined index: item D:\Dropbox-List\Net\Dropbox\WebDev\xampp\htdocs\php_demo\shizhan\10\10wish\ThinkPHP\Lib\Driver\TagLib\TagLibCx.class.php 第 130 行.

[ 2014-08-02T01:21:17+08:00 ] 127.0.0.1 /php_demo/shizhan/10/10wish/index.php/Admin/Manage
INFO: [ route_check ] --START--
INFO: CheckRoute Behavior ::run [ RunTime:0.001000s ]
INFO: [ route_check ] --END-- [ RunTime:0.002000s ]
INFO: [ app_begin ] --START--
INFO: ReadHtmlCache Behavior ::run [ RunTime:0.001000s ]
INFO: [ app_begin ] --END-- [ RunTime:0.001000s ]
SQL: SHOW COLUMNS FROM `tp_wish` [ RunTime:0.020001s ]
SQL: SELECT COUNT(*) AS tp_count FROM `tp_wish` LIMIT 1   [ RunTime:0.001000s ]
SQL: SELECT * FROM `tp_wish` ORDER BY time DESC LIMIT 0,2   [ RunTime:0.001000s ]
INFO: [ view_parse ] --START--
NOTIC: [8] Undefined index: item D:\Dropbox-List\Net\Dropbox\WebDev\xampp\htdocs\php_demo\shizhan\10\10wish\ThinkPHP\Lib\Driver\TagLib\TagLibCx.class.php 第 130 行.

[ 2014-08-02T23:17:43+08:00 ] 127.0.0.1 /php_demo/shizhan/10/10wish/index.php/Admin/Manage
INFO: [ route_check ] --START--
INFO: CheckRoute Behavior ::run [ RunTime:0.001000s ]
INFO: [ route_check ] --END-- [ RunTime:0.001000s ]
INFO: [ app_begin ] --START--
INFO: ReadHtmlCache Behavior ::run [ RunTime:0.001000s ]
INFO: [ app_begin ] --END-- [ RunTime:0.002000s ]
SQL: SHOW COLUMNS FROM `tp_wish` [ RunTime:0.021001s ]
SQL: SELECT COUNT(*) AS tp_count FROM `tp_wish` LIMIT 1   [ RunTime:0.000000s ]
SQL: SELECT * FROM `tp_wish` ORDER BY time DESC LIMIT 0,2   [ RunTime:0.000000s ]
INFO: [ view_parse ] --START--
NOTIC: [8] Undefined index: item D:\Dropbox-List\Net\Dropbox\WebDev\xampp\htdocs\php_demo\shizhan\10\10wish\ThinkPHP\Lib\Driver\TagLib\TagLibCx.class.php 第 130 行.

[ 2014-08-02T23:19:00+08:00 ] 127.0.0.1 /php_demo/shizhan/10/10wish/index.php/Admin/Manage
INFO: [ route_check ] --START--
INFO: CheckRoute Behavior ::run [ RunTime:0.001000s ]
INFO: [ route_check ] --END-- [ RunTime:0.001000s ]
INFO: [ app_begin ] --START--
INFO: ReadHtmlCache Behavior ::run [ RunTime:0.001000s ]
INFO: [ app_begin ] --END-- [ RunTime:0.002000s ]
SQL: SHOW COLUMNS FROM `tp_wish` [ RunTime:0.003000s ]
SQL: SELECT COUNT(*) AS tp_count FROM `tp_wish` LIMIT 1   [ RunTime:0.000000s ]
SQL: SELECT * FROM `tp_wish` ORDER BY time DESC LIMIT 0,2   [ RunTime:0.001000s ]
INFO: [ view_parse ] --START--
NOTIC: [8] Undefined index: item D:\Dropbox-List\Net\Dropbox\WebDev\xampp\htdocs\php_demo\shizhan\10\10wish\ThinkPHP\Lib\Driver\TagLib\TagLibCx.class.php 第 130 行.

[ 2014-08-02T23:19:45+08:00 ] 127.0.0.1 /php_demo/shizhan/10/10wish/index.php/Admin/Manage
INFO: [ route_check ] --START--
INFO: CheckRoute Behavior ::run [ RunTime:0.002000s ]
INFO: [ route_check ] --END-- [ RunTime:0.002000s ]
INFO: [ app_begin ] --START--
INFO: ReadHtmlCache Behavior ::run [ RunTime:0.001000s ]
INFO: [ app_begin ] --END-- [ RunTime:0.002000s ]
SQL: SHOW COLUMNS FROM `tp_wish` [ RunTime:0.013001s ]
SQL: SELECT COUNT(*) AS tp_count FROM `tp_wish` LIMIT 1   [ RunTime:0.001000s ]
SQL: SELECT * FROM `tp_wish` ORDER BY time DESC LIMIT 0,2   [ RunTime:0.000000s ]
INFO: [ view_parse ] --START--
NOTIC: [8] Undefined index: item D:\Dropbox-List\Net\Dropbox\WebDev\xampp\htdocs\php_demo\shizhan\10\10wish\ThinkPHP\Lib\Driver\TagLib\TagLibCx.class.php 第 130 行.

[ 2014-08-02T23:20:25+08:00 ] 127.0.0.1 /php_demo/shizhan/10/10wish/index.php/Admin/Manage
INFO: [ route_check ] --START--
INFO: CheckRoute Behavior ::run [ RunTime:0.001000s ]
INFO: [ route_check ] --END-- [ RunTime:0.002000s ]
INFO: [ app_begin ] --START--
INFO: ReadHtmlCache Behavior ::run [ RunTime:0.001000s ]
INFO: [ app_begin ] --END-- [ RunTime:0.002000s ]
SQL: SHOW COLUMNS FROM `tp_wish` [ RunTime:0.002000s ]
SQL: SELECT COUNT(*) AS tp_count FROM `tp_wish` LIMIT 1   [ RunTime:0.000000s ]
SQL: SELECT * FROM `tp_wish` ORDER BY time DESC LIMIT 0,2   [ RunTime:0.001000s ]
INFO: [ view_parse ] --START--
NOTIC: [8] Undefined index: item D:\Dropbox-List\Net\Dropbox\WebDev\xampp\htdocs\php_demo\shizhan\10\10wish\ThinkPHP\Lib\Driver\TagLib\TagLibCx.class.php 第 130 行.

[ 2014-08-02T23:20:59+08:00 ] 127.0.0.1 /php_demo/shizhan/10/10wish/index.php/Admin/Manage
INFO: [ route_check ] --START--
INFO: CheckRoute Behavior ::run [ RunTime:0.001000s ]
INFO: [ route_check ] --END-- [ RunTime:0.001000s ]
INFO: [ app_begin ] --START--
INFO: ReadHtmlCache Behavior ::run [ RunTime:0.001000s ]
INFO: [ app_begin ] --END-- [ RunTime:0.002000s ]
SQL: SHOW COLUMNS FROM `tp_wish` [ RunTime:0.009000s ]
SQL: SELECT COUNT(*) AS tp_count FROM `tp_wish` LIMIT 1   [ RunTime:0.000000s ]
SQL: SELECT * FROM `tp_wish` ORDER BY time DESC LIMIT 0,2   [ RunTime:0.000000s ]
INFO: [ view_parse ] --START--
NOTIC: [8] Undefined index: item D:\Dropbox-List\Net\Dropbox\WebDev\xampp\htdocs\php_demo\shizhan\10\10wish\ThinkPHP\Lib\Driver\TagLib\TagLibCx.class.php 第 130 行.

[ 2014-08-02T23:21:00+08:00 ] 127.0.0.1 /php_demo/shizhan/10/10wish/index.php/Admin/Manage
INFO: [ route_check ] --START--
INFO: CheckRoute Behavior ::run [ RunTime:0.001000s ]
INFO: [ route_check ] --END-- [ RunTime:0.001000s ]
INFO: [ app_begin ] --START--
INFO: ReadHtmlCache Behavior ::run [ RunTime:0.001000s ]
INFO: [ app_begin ] --END-- [ RunTime:0.001000s ]
SQL: SHOW COLUMNS FROM `tp_wish` [ RunTime:0.002000s ]
SQL: SELECT COUNT(*) AS tp_count FROM `tp_wish` LIMIT 1   [ RunTime:0.000000s ]
SQL: SELECT * FROM `tp_wish` ORDER BY time DESC LIMIT 0,2   [ RunTime:0.000000s ]
INFO: [ view_parse ] --START--
NOTIC: [8] Undefined index: item D:\Dropbox-List\Net\Dropbox\WebDev\xampp\htdocs\php_demo\shizhan\10\10wish\ThinkPHP\Lib\Driver\TagLib\TagLibCx.class.php 第 130 行.

[ 2014-08-02T23:21:50+08:00 ] 127.0.0.1 /php_demo/shizhan/10/10wish/index.php/Admin/Manage
INFO: [ route_check ] --START--
INFO: CheckRoute Behavior ::run [ RunTime:0.001000s ]
INFO: [ route_check ] --END-- [ RunTime:0.001000s ]
INFO: [ app_begin ] --START--
INFO: ReadHtmlCache Behavior ::run [ RunTime:0.001000s ]
INFO: [ app_begin ] --END-- [ RunTime:0.002000s ]
SQL: SHOW COLUMNS FROM `tp_wish` [ RunTime:0.002000s ]
SQL: SELECT COUNT(*) AS tp_count FROM `tp_wish` LIMIT 1   [ RunTime:0.000000s ]
SQL: SELECT * FROM `tp_wish` ORDER BY time DESC LIMIT 0,2   [ RunTime:0.001000s ]
INFO: [ view_parse ] --START--
NOTIC: [8] Undefined index: item D:\Dropbox-List\Net\Dropbox\WebDev\xampp\htdocs\php_demo\shizhan\10\10wish\ThinkPHP\Lib\Driver\TagLib\TagLibCx.class.php 第 130 行.

[ 2014-08-02T23:22:26+08:00 ] 127.0.0.1 /php_demo/shizhan/10/10wish/index.php/Admin/Manage
INFO: [ route_check ] --START--
INFO: CheckRoute Behavior ::run [ RunTime:0.001000s ]
INFO: [ route_check ] --END-- [ RunTime:0.001000s ]
INFO: [ app_begin ] --START--
INFO: ReadHtmlCache Behavior ::run [ RunTime:0.001000s ]
INFO: [ app_begin ] --END-- [ RunTime:0.001000s ]
SQL: SHOW COLUMNS FROM `tp_wish` [ RunTime:0.003000s ]
SQL: SELECT COUNT(*) AS tp_count FROM `tp_wish` LIMIT 1   [ RunTime:0.001000s ]
SQL: SELECT * FROM `tp_wish` ORDER BY time DESC LIMIT 0,2   [ RunTime:0.001000s ]
INFO: [ view_parse ] --START--
NOTIC: [8] Undefined index: item D:\Dropbox-List\Net\Dropbox\WebDev\xampp\htdocs\php_demo\shizhan\10\10wish\ThinkPHP\Lib\Driver\TagLib\TagLibCx.class.php 第 130 行.

[ 2014-08-02T23:26:35+08:00 ] 127.0.0.1 /php_demo/shizhan/10/10wish/index.php/
INFO: [ route_check ] --START--
INFO: CheckRoute Behavior ::run [ RunTime:0.001000s ]
INFO: [ route_check ] --END-- [ RunTime:0.002000s ]
INFO: [ app_begin ] --START--
INFO: ReadHtmlCache Behavior ::run [ RunTime:0.001000s ]
INFO: [ app_begin ] --END-- [ RunTime:0.002000s ]
SQL: SHOW COLUMNS FROM `tp_wish` [ RunTime:0.016000s ]
SQL: SELECT * FROM `tp_wish`  [ RunTime:0.000000s ]
INFO: [ view_parse ] --START--
INFO: ParseTemplate Behavior ::run [ RunTime:0.019001s ]
INFO: [ view_parse ] --END-- [ RunTime:0.020001s ]
INFO: [ view_filter ] --START--
INFO: ContentReplace Behavior ::run [ RunTime:0.001000s ]
INFO: TokenBuild Behavior ::run [ RunTime:0.001000s ]
INFO: WriteHtmlCache Behavior ::run [ RunTime:0.001000s ]
INFO: ShowRuntime Behavior ::run [ RunTime:0.001000s ]
INFO: [ view_filter ] --END-- [ RunTime:0.005000s ]
INFO: [ view_end ] --START--
INFO: ShowPageTrace Behavior ::run [ RunTime:0.001000s ]
INFO: [ view_end ] --END-- [ RunTime:0.002000s ]

[ 2014-08-02T23:26:39+08:00 ] 127.0.0.1 /php_demo/shizhan/10/10wish/index.php/Admin/Manage
INFO: [ route_check ] --START--
INFO: CheckRoute Behavior ::run [ RunTime:0.001000s ]
INFO: [ route_check ] --END-- [ RunTime:0.002000s ]
INFO: [ app_begin ] --START--
INFO: ReadHtmlCache Behavior ::run [ RunTime:0.001000s ]
INFO: [ app_begin ] --END-- [ RunTime:0.002000s ]
SQL: SHOW COLUMNS FROM `tp_wish` [ RunTime:0.002000s ]
SQL: SELECT COUNT(*) AS tp_count FROM `tp_wish` LIMIT 1   [ RunTime:0.001000s ]
SQL: SELECT * FROM `tp_wish` ORDER BY time DESC LIMIT 0,2   [ RunTime:0.000000s ]
INFO: [ view_parse ] --START--
NOTIC: [8] Undefined index: item D:\Dropbox-List\Net\Dropbox\WebDev\xampp\htdocs\php_demo\shizhan\10\10wish\ThinkPHP\Lib\Driver\TagLib\TagLibCx.class.php 第 130 行.

[ 2014-08-02T23:27:51+08:00 ] 127.0.0.1 /php_demo/shizhan/10/10wish/index.php/Admin/Manage
INFO: [ route_check ] --START--
INFO: CheckRoute Behavior ::run [ RunTime:0.001000s ]
INFO: [ route_check ] --END-- [ RunTime:0.002000s ]
INFO: [ app_begin ] --START--
INFO: ReadHtmlCache Behavior ::run [ RunTime:0.002000s ]
INFO: [ app_begin ] --END-- [ RunTime:0.002000s ]
SQL: SHOW COLUMNS FROM `tp_wish` [ RunTime:0.003000s ]
SQL: SELECT COUNT(*) AS tp_count FROM `tp_wish` LIMIT 1   [ RunTime:0.000000s ]
SQL: SELECT * FROM `tp_wish` ORDER BY time DESC LIMIT 0,2   [ RunTime:0.001000s ]
INFO: [ view_parse ] --START--
NOTIC: [8] Undefined index: item D:\Dropbox-List\Net\Dropbox\WebDev\xampp\htdocs\php_demo\shizhan\10\10wish\ThinkPHP\Lib\Driver\TagLib\TagLibCx.class.php 第 130 行.

[ 2014-08-02T23:29:43+08:00 ] 127.0.0.1 /php_demo/shizhan/10/10wish/index.php/Admin/Manage
INFO: [ route_check ] --START--
INFO: CheckRoute Behavior ::run [ RunTime:0.001001s ]
INFO: [ route_check ] --END-- [ RunTime:0.001001s ]
INFO: [ app_begin ] --START--
INFO: ReadHtmlCache Behavior ::run [ RunTime:0.001000s ]
INFO: [ app_begin ] --END-- [ RunTime:0.001000s ]
SQL: SHOW COLUMNS FROM `tp_wish` [ RunTime:0.002000s ]
SQL: SELECT COUNT(*) AS tp_count FROM `tp_wish` LIMIT 1   [ RunTime:0.001000s ]
SQL: SELECT * FROM `tp_wish` ORDER BY time DESC LIMIT 0,2   [ RunTime:0.000000s ]
INFO: [ view_parse ] --START--
NOTIC: [8] Undefined index: item D:\Dropbox-List\Net\Dropbox\WebDev\xampp\htdocs\php_demo\shizhan\10\10wish\ThinkPHP\Lib\Driver\TagLib\TagLibCx.class.php 第 130 行.

[ 2014-08-02T23:29:44+08:00 ] 127.0.0.1 /php_demo/shizhan/10/10wish/index.php/Admin/Manage
INFO: [ route_check ] --START--
INFO: CheckRoute Behavior ::run [ RunTime:0.002000s ]
INFO: [ route_check ] --END-- [ RunTime:0.002000s ]
INFO: [ app_begin ] --START--
INFO: ReadHtmlCache Behavior ::run [ RunTime:0.001000s ]
INFO: [ app_begin ] --END-- [ RunTime:0.001000s ]
SQL: SHOW COLUMNS FROM `tp_wish` [ RunTime:0.002000s ]
SQL: SELECT COUNT(*) AS tp_count FROM `tp_wish` LIMIT 1   [ RunTime:0.000000s ]
SQL: SELECT * FROM `tp_wish` ORDER BY time DESC LIMIT 0,2   [ RunTime:0.001000s ]
INFO: [ view_parse ] --START--
NOTIC: [8] Undefined index: item D:\Dropbox-List\Net\Dropbox\WebDev\xampp\htdocs\php_demo\shizhan\10\10wish\ThinkPHP\Lib\Driver\TagLib\TagLibCx.class.php 第 130 行.

[ 2014-08-02T23:29:45+08:00 ] 127.0.0.1 /php_demo/shizhan/10/10wish/index.php/Admin/Manage
INFO: [ route_check ] --START--
INFO: CheckRoute Behavior ::run [ RunTime:0.002000s ]
INFO: [ route_check ] --END-- [ RunTime:0.002000s ]
INFO: [ app_begin ] --START--
INFO: ReadHtmlCache Behavior ::run [ RunTime:0.001000s ]
INFO: [ app_begin ] --END-- [ RunTime:0.001000s ]
SQL: SHOW COLUMNS FROM `tp_wish` [ RunTime:0.021001s ]
SQL: SELECT COUNT(*) AS tp_count FROM `tp_wish` LIMIT 1   [ RunTime:0.001000s ]
SQL: SELECT * FROM `tp_wish` ORDER BY time DESC LIMIT 0,2   [ RunTime:0.000000s ]
INFO: [ view_parse ] --START--
NOTIC: [8] Undefined index: item D:\Dropbox-List\Net\Dropbox\WebDev\xampp\htdocs\php_demo\shizhan\10\10wish\ThinkPHP\Lib\Driver\TagLib\TagLibCx.class.php 第 130 行.

[ 2014-08-02T23:30:08+08:00 ] 127.0.0.1 /php_demo/shizhan/10/10wish/index.php/Admin/Manage
INFO: [ route_check ] --START--
INFO: CheckRoute Behavior ::run [ RunTime:0.001000s ]
INFO: [ route_check ] --END-- [ RunTime:0.001000s ]
INFO: [ app_begin ] --START--
INFO: ReadHtmlCache Behavior ::run [ RunTime:0.001000s ]
INFO: [ app_begin ] --END-- [ RunTime:0.002000s ]
SQL: SHOW COLUMNS FROM `tp_wish` [ RunTime:0.002001s ]
SQL: SELECT COUNT(*) AS tp_count FROM `tp_wish` LIMIT 1   [ RunTime:0.000000s ]
SQL: SELECT * FROM `tp_wish` ORDER BY time DESC LIMIT 0,2   [ RunTime:0.001000s ]
INFO: [ view_parse ] --START--
NOTIC: [8] Undefined index: item D:\Dropbox-List\Net\Dropbox\WebDev\xampp\htdocs\php_demo\shizhan\10\10wish\ThinkPHP\Lib\Driver\TagLib\TagLibCx.class.php 第 130 行.

[ 2014-08-02T23:30:09+08:00 ] 127.0.0.1 /php_demo/shizhan/10/10wish/index.php/Admin/Manage
INFO: [ route_check ] --START--
INFO: CheckRoute Behavior ::run [ RunTime:0.001000s ]
INFO: [ route_check ] --END-- [ RunTime:0.002000s ]
INFO: [ app_begin ] --START--
INFO: ReadHtmlCache Behavior ::run [ RunTime:0.002000s ]
INFO: [ app_begin ] --END-- [ RunTime:0.002000s ]
SQL: SHOW COLUMNS FROM `tp_wish` [ RunTime:0.002000s ]
SQL: SELECT COUNT(*) AS tp_count FROM `tp_wish` LIMIT 1   [ RunTime:0.001000s ]
SQL: SELECT * FROM `tp_wish` ORDER BY time DESC LIMIT 0,2   [ RunTime:0.000000s ]
INFO: [ view_parse ] --START--
NOTIC: [8] Undefined index: item D:\Dropbox-List\Net\Dropbox\WebDev\xampp\htdocs\php_demo\shizhan\10\10wish\ThinkPHP\Lib\Driver\TagLib\TagLibCx.class.php 第 130 行.

[ 2014-08-02T23:30:09+08:00 ] 127.0.0.1 /php_demo/shizhan/10/10wish/index.php/Admin/Manage
INFO: [ route_check ] --START--
INFO: CheckRoute Behavior ::run [ RunTime:0.001000s ]
INFO: [ route_check ] --END-- [ RunTime:0.002000s ]
INFO: [ app_begin ] --START--
INFO: ReadHtmlCache Behavior ::run [ RunTime:0.001000s ]
INFO: [ app_begin ] --END-- [ RunTime:0.002000s ]
SQL: SHOW COLUMNS FROM `tp_wish` [ RunTime:0.002000s ]
SQL: SELECT COUNT(*) AS tp_count FROM `tp_wish` LIMIT 1   [ RunTime:0.000000s ]
SQL: SELECT * FROM `tp_wish` ORDER BY time DESC LIMIT 0,2   [ RunTime:0.000000s ]
INFO: [ view_parse ] --START--
NOTIC: [8] Undefined index: item D:\Dropbox-List\Net\Dropbox\WebDev\xampp\htdocs\php_demo\shizhan\10\10wish\ThinkPHP\Lib\Driver\TagLib\TagLibCx.class.php 第 130 行.

[ 2014-08-02T23:30:09+08:00 ] 127.0.0.1 /php_demo/shizhan/10/10wish/index.php/Admin/Manage
INFO: [ route_check ] --START--
INFO: CheckRoute Behavior ::run [ RunTime:0.001000s ]
INFO: [ route_check ] --END-- [ RunTime:0.001000s ]
INFO: [ app_begin ] --START--
INFO: ReadHtmlCache Behavior ::run [ RunTime:0.001000s ]
INFO: [ app_begin ] --END-- [ RunTime:0.002000s ]
SQL: SHOW COLUMNS FROM `tp_wish` [ RunTime:0.003000s ]
SQL: SELECT COUNT(*) AS tp_count FROM `tp_wish` LIMIT 1   [ RunTime:0.000000s ]
SQL: SELECT * FROM `tp_wish` ORDER BY time DESC LIMIT 0,2   [ RunTime:0.000000s ]
INFO: [ view_parse ] --START--
NOTIC: [8] Undefined index: item D:\Dropbox-List\Net\Dropbox\WebDev\xampp\htdocs\php_demo\shizhan\10\10wish\ThinkPHP\Lib\Driver\TagLib\TagLibCx.class.php 第 130 行.

[ 2014-08-02T23:31:02+08:00 ] 127.0.0.1 /php_demo/shizhan/10/10wish/index.php/Admin/Manage
INFO: [ route_check ] --START--
INFO: CheckRoute Behavior ::run [ RunTime:0.001000s ]
INFO: [ route_check ] --END-- [ RunTime:0.001000s ]
INFO: [ app_begin ] --START--
INFO: ReadHtmlCache Behavior ::run [ RunTime:0.000000s ]
INFO: [ app_begin ] --END-- [ RunTime:0.002000s ]
SQL: SHOW COLUMNS FROM `tp_wish` [ RunTime:0.002000s ]
SQL: SELECT COUNT(*) AS tp_count FROM `tp_wish` LIMIT 1   [ RunTime:0.001000s ]
SQL: SELECT * FROM `tp_wish` ORDER BY time DESC LIMIT 0,2   [ RunTime:0.000000s ]
INFO: [ view_parse ] --START--
NOTIC: [8] Undefined index: item D:\Dropbox-List\Net\Dropbox\WebDev\xampp\htdocs\php_demo\shizhan\10\10wish\ThinkPHP\Lib\Driver\TagLib\TagLibCx.class.php 第 130 行.

[ 2014-08-02T23:31:16+08:00 ] 127.0.0.1 /php_demo/shizhan/10/10wish/index.php/Admin/Manage
INFO: [ route_check ] --START--
INFO: CheckRoute Behavior ::run [ RunTime:0.001000s ]
INFO: [ route_check ] --END-- [ RunTime:0.001000s ]
INFO: [ app_begin ] --START--
INFO: ReadHtmlCache Behavior ::run [ RunTime:0.001001s ]
INFO: [ app_begin ] --END-- [ RunTime:0.001001s ]
SQL: SHOW COLUMNS FROM `tp_wish` [ RunTime:0.002000s ]
SQL: SELECT COUNT(*) AS tp_count FROM `tp_wish` LIMIT 1   [ RunTime:0.001000s ]
SQL: SELECT * FROM `tp_wish` ORDER BY time DESC LIMIT 0,2   [ RunTime:0.000000s ]
INFO: [ view_parse ] --START--
NOTIC: [8] Undefined index: item D:\Dropbox-List\Net\Dropbox\WebDev\xampp\htdocs\php_demo\shizhan\10\10wish\ThinkPHP\Lib\Driver\TagLib\TagLibCx.class.php 第 130 行.

[ 2014-08-02T23:31:17+08:00 ] 127.0.0.1 /php_demo/shizhan/10/10wish/index.php/Admin/Manage
INFO: [ route_check ] --START--
INFO: CheckRoute Behavior ::run [ RunTime:0.001000s ]
INFO: [ route_check ] --END-- [ RunTime:0.001000s ]
INFO: [ app_begin ] --START--
INFO: ReadHtmlCache Behavior ::run [ RunTime:0.001000s ]
INFO: [ app_begin ] --END-- [ RunTime:0.001000s ]
SQL: SHOW COLUMNS FROM `tp_wish` [ RunTime:0.002000s ]
SQL: SELECT COUNT(*) AS tp_count FROM `tp_wish` LIMIT 1   [ RunTime:0.000000s ]
SQL: SELECT * FROM `tp_wish` ORDER BY time DESC LIMIT 0,2   [ RunTime:0.001000s ]
INFO: [ view_parse ] --START--
NOTIC: [8] Undefined index: item D:\Dropbox-List\Net\Dropbox\WebDev\xampp\htdocs\php_demo\shizhan\10\10wish\ThinkPHP\Lib\Driver\TagLib\TagLibCx.class.php 第 130 行.

[ 2014-08-02T23:31:50+08:00 ] 127.0.0.1 /php_demo/shizhan/10/10wish/index.php/Admin/Manage
INFO: [ route_check ] --START--
INFO: CheckRoute Behavior ::run [ RunTime:0.002000s ]
INFO: [ route_check ] --END-- [ RunTime:0.002000s ]
INFO: [ app_begin ] --START--
INFO: ReadHtmlCache Behavior ::run [ RunTime:0.001000s ]
INFO: [ app_begin ] --END-- [ RunTime:0.002000s ]
SQL: SHOW COLUMNS FROM `tp_wish` [ RunTime:0.002000s ]
SQL: SELECT COUNT(*) AS tp_count FROM `tp_wish` LIMIT 1   [ RunTime:0.000000s ]
SQL: SELECT * FROM `tp_wish` ORDER BY time DESC LIMIT 0,2   [ RunTime:0.000000s ]
INFO: [ view_parse ] --START--
NOTIC: [8] Undefined index: item D:\Dropbox-List\Net\Dropbox\WebDev\xampp\htdocs\php_demo\shizhan\10\10wish\ThinkPHP\Lib\Driver\TagLib\TagLibCx.class.php 第 130 行.

[ 2014-08-02T23:31:51+08:00 ] 127.0.0.1 /php_demo/shizhan/10/10wish/index.php/Admin/Manage
INFO: [ route_check ] --START--
INFO: CheckRoute Behavior ::run [ RunTime:0.001000s ]
INFO: [ route_check ] --END-- [ RunTime:0.001000s ]
INFO: [ app_begin ] --START--
INFO: ReadHtmlCache Behavior ::run [ RunTime:0.001000s ]
INFO: [ app_begin ] --END-- [ RunTime:0.001000s ]
SQL: SHOW COLUMNS FROM `tp_wish` [ RunTime:0.002000s ]
SQL: SELECT COUNT(*) AS tp_count FROM `tp_wish` LIMIT 1   [ RunTime:0.000000s ]
SQL: SELECT * FROM `tp_wish` ORDER BY time DESC LIMIT 0,2   [ RunTime:0.000000s ]
INFO: [ view_parse ] --START--
NOTIC: [8] Undefined index: item D:\Dropbox-List\Net\Dropbox\WebDev\xampp\htdocs\php_demo\shizhan\10\10wish\ThinkPHP\Lib\Driver\TagLib\TagLibCx.class.php 第 130 行.

[ 2014-08-02T23:38:09+08:00 ] 127.0.0.1 /php_demo/shizhan/10/10wish/index.php/Admin/Manage/index
INFO: [ route_check ] --START--
INFO: CheckRoute Behavior ::run [ RunTime:0.001000s ]
INFO: [ route_check ] --END-- [ RunTime:0.002000s ]
INFO: [ app_begin ] --START--
INFO: ReadHtmlCache Behavior ::run [ RunTime:0.001000s ]
INFO: [ app_begin ] --END-- [ RunTime:0.001000s ]
SQL: SHOW COLUMNS FROM `tp_wish` [ RunTime:0.012001s ]
SQL: SELECT COUNT(*) AS tp_count FROM `tp_wish` LIMIT 1   [ RunTime:0.000000s ]
SQL: SELECT * FROM `tp_wish` ORDER BY time DESC LIMIT 0,2   [ RunTime:0.000000s ]
INFO: [ view_parse ] --START--
NOTIC: [8] Undefined index: item D:\Dropbox-List\Net\Dropbox\WebDev\xampp\htdocs\php_demo\shizhan\10\10wish\ThinkPHP\Lib\Driver\TagLib\TagLibCx.class.php 第 130 行.

[ 2014-08-02T23:38:14+08:00 ] 127.0.0.1 /php_demo/shizhan/10/10wish/index.php/Admin/Manage/test
INFO: [ route_check ] --START--
INFO: CheckRoute Behavior ::run [ RunTime:0.001000s ]
INFO: [ route_check ] --END-- [ RunTime:0.001000s ]
INFO: [ app_begin ] --START--
INFO: ReadHtmlCache Behavior ::run [ RunTime:0.001000s ]
INFO: [ app_begin ] --END-- [ RunTime:0.001000s ]
INFO: [ view_parse ] --START--
NOTIC: [8] Undefined index: item D:\Dropbox-List\Net\Dropbox\WebDev\xampp\htdocs\php_demo\shizhan\10\10wish\ThinkPHP\Lib\Driver\TagLib\TagLibCx.class.php 第 130 行.

[ 2014-08-02T23:39:17+08:00 ] 127.0.0.1 /php_demo/shizhan/10/10wish/index.php/Admin/Manage/test
INFO: [ route_check ] --START--
INFO: CheckRoute Behavior ::run [ RunTime:0.001000s ]
INFO: [ route_check ] --END-- [ RunTime:0.002000s ]
INFO: [ app_begin ] --START--
INFO: ReadHtmlCache Behavior ::run [ RunTime:0.001000s ]
INFO: [ app_begin ] --END-- [ RunTime:0.001000s ]
INFO: [ view_parse ] --START--
NOTIC: [8] Undefined index: item D:\Dropbox-List\Net\Dropbox\WebDev\xampp\htdocs\php_demo\shizhan\10\10wish\ThinkPHP\Lib\Driver\TagLib\TagLibCx.class.php 第 130 行.

[ 2014-08-02T23:39:45+08:00 ] 127.0.0.1 /php_demo/shizhan/10/10wish/index.php/Admin/Manage/test
INFO: [ route_check ] --START--
INFO: CheckRoute Behavior ::run [ RunTime:0.001000s ]
INFO: [ route_check ] --END-- [ RunTime:0.002000s ]
INFO: [ app_begin ] --START--
INFO: ReadHtmlCache Behavior ::run [ RunTime:0.001000s ]
INFO: [ app_begin ] --END-- [ RunTime:0.001000s ]
INFO: [ view_parse ] --START--
NOTIC: [8] Undefined index: item D:\Dropbox-List\Net\Dropbox\WebDev\xampp\htdocs\php_demo\shizhan\10\10wish\ThinkPHP\Lib\Driver\TagLib\TagLibCx.class.php 第 130 行.

[ 2014-08-02T23:41:36+08:00 ] 127.0.0.1 /php_demo/shizhan/10/10wish/index.php/Admin/Manage/test
INFO: [ route_check ] --START--
INFO: CheckRoute Behavior ::run [ RunTime:0.001000s ]
INFO: [ route_check ] --END-- [ RunTime:0.002000s ]
INFO: [ app_begin ] --START--
INFO: ReadHtmlCache Behavior ::run [ RunTime:0.001000s ]
INFO: [ app_begin ] --END-- [ RunTime:0.001000s ]
ERR: 非法操作:test

[ 2014-08-02T23:41:41+08:00 ] 127.0.0.1 /php_demo/shizhan/10/10wish/index.php/Admin/Manage/
INFO: [ route_check ] --START--
INFO: CheckRoute Behavior ::run [ RunTime:0.001000s ]
INFO: [ route_check ] --END-- [ RunTime:0.002000s ]
INFO: [ app_begin ] --START--
INFO: ReadHtmlCache Behavior ::run [ RunTime:0.001000s ]
INFO: [ app_begin ] --END-- [ RunTime:0.001000s ]
SQL: SHOW COLUMNS FROM `tp_wish` [ RunTime:0.029001s ]
SQL: SELECT COUNT(*) AS tp_count FROM `tp_wish` LIMIT 1   [ RunTime:0.000000s ]
SQL: SELECT * FROM `tp_wish` ORDER BY time DESC LIMIT 0,2   [ RunTime:0.000000s ]
INFO: [ view_parse ] --START--
NOTIC: [8] Undefined index: item D:\Dropbox-List\Net\Dropbox\WebDev\xampp\htdocs\php_demo\shizhan\10\10wish\ThinkPHP\Lib\Driver\TagLib\TagLibCx.class.php 第 130 行.

[ 2014-08-02T23:41:55+08:00 ] 127.0.0.1 /php_demo/shizhan/10/10wish/index.php/Admin/Manage/
INFO: [ route_check ] --START--
INFO: CheckRoute Behavior ::run [ RunTime:0.001000s ]
INFO: [ route_check ] --END-- [ RunTime:0.001000s ]
INFO: [ app_begin ] --START--
INFO: ReadHtmlCache Behavior ::run [ RunTime:0.001000s ]
INFO: [ app_begin ] --END-- [ RunTime:0.002000s ]
SQL: SHOW COLUMNS FROM `tp_wish` [ RunTime:0.002000s ]
SQL: SELECT COUNT(*) AS tp_count FROM `tp_wish` LIMIT 1   [ RunTime:0.000000s ]
SQL: SELECT * FROM `tp_wish` ORDER BY time DESC LIMIT 0,2   [ RunTime:0.000000s ]
INFO: [ view_parse ] --START--
NOTIC: [8] Undefined index: item D:\Dropbox-List\Net\Dropbox\WebDev\xampp\htdocs\php_demo\shizhan\10\10wish\ThinkPHP\Lib\Driver\TagLib\TagLibCx.class.php 第 130 行.

[ 2014-08-02T23:43:18+08:00 ] 127.0.0.1 /php_demo/shizhan/10/10wish/index.php/Admin/Manage/
INFO: [ route_check ] --START--
INFO: CheckRoute Behavior ::run [ RunTime:0.001000s ]
INFO: [ route_check ] --END-- [ RunTime:0.001000s ]
INFO: [ app_begin ] --START--
INFO: ReadHtmlCache Behavior ::run [ RunTime:0.000000s ]
INFO: [ app_begin ] --END-- [ RunTime:0.002000s ]
INFO: [ view_parse ] --START--
NOTIC: [8] Undefined index: item D:\Dropbox-List\Net\Dropbox\WebDev\xampp\htdocs\php_demo\shizhan\10\10wish\ThinkPHP\Lib\Driver\TagLib\TagLibCx.class.php 第 130 行.

[ 2014-08-02T23:43:27+08:00 ] 127.0.0.1 /php_demo/shizhan/10/10wish/index.php/Admin/
INFO: [ route_check ] --START--
INFO: CheckRoute Behavior ::run [ RunTime:0.001000s ]
INFO: [ route_check ] --END-- [ RunTime:0.001000s ]
INFO: [ app_begin ] --START--
INFO: ReadHtmlCache Behavior ::run [ RunTime:0.001000s ]
INFO: [ app_begin ] --END-- [ RunTime:0.001000s ]
INFO: [ view_parse ] --START--
INFO: ParseTemplate Behavior ::run [ RunTime:0.013001s ]
INFO: [ view_parse ] --END-- [ RunTime:0.013001s ]
INFO: [ view_filter ] --START--
INFO: ContentReplace Behavior ::run [ RunTime:0.001000s ]
INFO: TokenBuild Behavior ::run [ RunTime:0.001000s ]
INFO: WriteHtmlCache Behavior ::run [ RunTime:0.001000s ]
INFO: ShowRuntime Behavior ::run [ RunTime:0.001000s ]
INFO: [ view_filter ] --END-- [ RunTime:0.005000s ]
INFO: [ view_end ] --START--
INFO: ShowPageTrace Behavior ::run [ RunTime:0.001000s ]
INFO: [ view_end ] --END-- [ RunTime:0.002000s ]

[ 2014-08-02T23:43:31+08:00 ] 127.0.0.1 /php_demo/shizhan/10/10wish/index.php/Admin/
INFO: [ route_check ] --START--
INFO: CheckRoute Behavior ::run [ RunTime:0.002000s ]
INFO: [ route_check ] --END-- [ RunTime:0.002000s ]
INFO: [ app_begin ] --START--
INFO: ReadHtmlCache Behavior ::run [ RunTime:0.002000s ]
INFO: [ app_begin ] --END-- [ RunTime:0.002000s ]
INFO: [ view_parse ] --START--
INFO: ParseTemplate Behavior ::run [ RunTime:0.018001s ]
INFO: [ view_parse ] --END-- [ RunTime:0.020001s ]
INFO: [ view_filter ] --START--
INFO: ContentReplace Behavior ::run [ RunTime:0.001000s ]
INFO: TokenBuild Behavior ::run [ RunTime:0.001000s ]
INFO: WriteHtmlCache Behavior ::run [ RunTime:0.001000s ]
INFO: ShowRuntime Behavior ::run [ RunTime:0.001000s ]
INFO: [ view_filter ] --END-- [ RunTime:0.005000s ]
INFO: [ view_end ] --START--
INFO: ShowPageTrace Behavior ::run [ RunTime:0.001000s ]
INFO: [ view_end ] --END-- [ RunTime:0.001000s ]

[ 2014-08-02T23:46:30+08:00 ] 127.0.0.1 /php_demo/shizhan/10/10wish/index.php/Admin/WishManage
INFO: [ route_check ] --START--
INFO: CheckRoute Behavior ::run [ RunTime:0.001000s ]
INFO: [ route_check ] --END-- [ RunTime:0.001000s ]
INFO: [ app_begin ] --START--
INFO: ReadHtmlCache Behavior ::run [ RunTime:0.001000s ]
INFO: [ app_begin ] --END-- [ RunTime:0.001000s ]

[ 2014-08-02T23:47:58+08:00 ] 127.0.0.1 /php_demo/shizhan/10/10wish/index.php/Admin/WishManage
INFO: [ route_check ] --START--
INFO: CheckRoute Behavior ::run [ RunTime:0.001000s ]
INFO: [ route_check ] --END-- [ RunTime:0.002000s ]
INFO: [ app_begin ] --START--
INFO: ReadHtmlCache Behavior ::run [ RunTime:0.002000s ]
INFO: [ app_begin ] --END-- [ RunTime:0.002000s ]
INFO: [ view_parse ] --START--
NOTIC: [8] Undefined index: item D:\Dropbox-List\Net\Dropbox\WebDev\xampp\htdocs\php_demo\shizhan\10\10wish\ThinkPHP\Lib\Driver\TagLib\TagLibCx.class.php 第 130 行.

[ 2014-08-02T23:48:43+08:00 ] 127.0.0.1 /php_demo/shizhan/10/10wish/index.php/Admin/WishManage
INFO: [ route_check ] --START--
INFO: CheckRoute Behavior ::run [ RunTime:0.001000s ]
INFO: [ route_check ] --END-- [ RunTime:0.001000s ]
INFO: [ app_begin ] --START--
INFO: ReadHtmlCache Behavior ::run [ RunTime:0.001000s ]
INFO: [ app_begin ] --END-- [ RunTime:0.001000s ]
INFO: [ view_parse ] --START--
NOTIC: [8] Undefined index: item D:\Dropbox-List\Net\Dropbox\WebDev\xampp\htdocs\php_demo\shizhan\10\10wish\ThinkPHP\Lib\Driver\TagLib\TagLibCx.class.php 第 130 行.

[ 2014-08-02T23:48:44+08:00 ] 127.0.0.1 /php_demo/shizhan/10/10wish/index.php/Admin/WishManage
INFO: [ route_check ] --START--
INFO: CheckRoute Behavior ::run [ RunTime:0.001000s ]
INFO: [ route_check ] --END-- [ RunTime:0.001000s ]
INFO: [ app_begin ] --START--
INFO: ReadHtmlCache Behavior ::run [ RunTime:0.001000s ]
INFO: [ app_begin ] --END-- [ RunTime:0.002000s ]
INFO: [ view_parse ] --START--
NOTIC: [8] Undefined index: item D:\Dropbox-List\Net\Dropbox\WebDev\xampp\htdocs\php_demo\shizhan\10\10wish\ThinkPHP\Lib\Driver\TagLib\TagLibCx.class.php 第 130 行.

[ 2014-08-02T23:49:24+08:00 ] 127.0.0.1 /php_demo/shizhan/10/10wish/index.php/Admin/WishManage
INFO: [ route_check ] --START--
INFO: CheckRoute Behavior ::run [ RunTime:0.001000s ]
INFO: [ route_check ] --END-- [ RunTime:0.001000s ]
INFO: [ app_begin ] --START--
INFO: ReadHtmlCache Behavior ::run [ RunTime:0.001000s ]
INFO: [ app_begin ] --END-- [ RunTime:0.001000s ]
INFO: [ view_parse ] --START--
NOTIC: [8] Undefined index: item D:\Dropbox-List\Net\Dropbox\WebDev\xampp\htdocs\php_demo\shizhan\10\10wish\ThinkPHP\Lib\Driver\TagLib\TagLibCx.class.php 第 130 行.

[ 2014-08-02T23:49:25+08:00 ] 127.0.0.1 /php_demo/shizhan/10/10wish/index.php/Admin/WishManage
INFO: [ route_check ] --START--
INFO: CheckRoute Behavior ::run [ RunTime:0.001000s ]
INFO: [ route_check ] --END-- [ RunTime:0.001000s ]
INFO: [ app_begin ] --START--
INFO: ReadHtmlCache Behavior ::run [ RunTime:0.001000s ]
INFO: [ app_begin ] --END-- [ RunTime:0.002000s ]
INFO: [ view_parse ] --START--
NOTIC: [8] Undefined index: item D:\Dropbox-List\Net\Dropbox\WebDev\xampp\htdocs\php_demo\shizhan\10\10wish\ThinkPHP\Lib\Driver\TagLib\TagLibCx.class.php 第 130 行.

[ 2014-08-02T23:49:25+08:00 ] 127.0.0.1 /php_demo/shizhan/10/10wish/index.php/Admin/WishManage
INFO: [ route_check ] --START--
INFO: CheckRoute Behavior ::run [ RunTime:0.001000s ]
INFO: [ route_check ] --END-- [ RunTime:0.002000s ]
INFO: [ app_begin ] --START--
INFO: ReadHtmlCache Behavior ::run [ RunTime:0.001000s ]
INFO: [ app_begin ] --END-- [ RunTime:0.001000s ]
INFO: [ view_parse ] --START--
NOTIC: [8] Undefined index: item D:\Dropbox-List\Net\Dropbox\WebDev\xampp\htdocs\php_demo\shizhan\10\10wish\ThinkPHP\Lib\Driver\TagLib\TagLibCx.class.php 第 130 行.

[ 2014-08-02T23:49:40+08:00 ] 127.0.0.1 /php_demo/shizhan/10/10wish/index.php/Admin/WishManage
INFO: [ route_check ] --START--
INFO: CheckRoute Behavior ::run [ RunTime:0.001000s ]
INFO: [ route_check ] --END-- [ RunTime:0.002000s ]
INFO: [ app_begin ] --START--
INFO: ReadHtmlCache Behavior ::run [ RunTime:0.001001s ]
INFO: [ app_begin ] --END-- [ RunTime:0.001001s ]
ERR: 模板不存在[./APP/Tpl/Admin/WishManage/test.html.html]

[ 2014-08-02T23:49:47+08:00 ] 127.0.0.1 /php_demo/shizhan/10/10wish/index.php/Admin/WishManage
INFO: [ route_check ] --START--
INFO: CheckRoute Behavior ::run [ RunTime:0.001000s ]
INFO: [ route_check ] --END-- [ RunTime:0.002000s ]
INFO: [ app_begin ] --START--
INFO: ReadHtmlCache Behavior ::run [ RunTime:0.001000s ]
INFO: [ app_begin ] --END-- [ RunTime:0.001000s ]
INFO: [ view_parse ] --START--
INFO: ParseTemplate Behavior ::run [ RunTime:0.016001s ]
INFO: [ view_parse ] --END-- [ RunTime:0.016001s ]
INFO: [ view_filter ] --START--
INFO: ContentReplace Behavior ::run [ RunTime:0.001000s ]
INFO: TokenBuild Behavior ::run [ RunTime:0.001000s ]
INFO: WriteHtmlCache Behavior ::run [ RunTime:0.001000s ]
INFO: ShowRuntime Behavior ::run [ RunTime:0.001000s ]
INFO: [ view_filter ] --END-- [ RunTime:0.006000s ]
INFO: [ view_end ] --START--
INFO: ShowPageTrace Behavior ::run [ RunTime:0.002000s ]
INFO: [ view_end ] --END-- [ RunTime:0.002000s ]

[ 2014-08-02T23:50:18+08:00 ] 127.0.0.1 /php_demo/shizhan/10/10wish/index.php/Admin/WishManage
INFO: [ route_check ] --START--
INFO: CheckRoute Behavior ::run [ RunTime:0.001000s ]
INFO: [ route_check ] --END-- [ RunTime:0.001000s ]
INFO: [ app_begin ] --START--
INFO: ReadHtmlCache Behavior ::run [ RunTime:0.001000s ]
INFO: [ app_begin ] --END-- [ RunTime:0.001000s ]
INFO: [ view_parse ] --START--
NOTIC: [8] Undefined variable: wish D:\Dropbox-List\Net\Dropbox\WebDev\xampp\htdocs\php_demo\shizhan\10\10wish\APP\Runtime\Cache\Admin\680f8b87229565a46b7aba4e6d31646d.php 第 19 行.
INFO: ParseTemplate Behavior ::run [ RunTime:0.033002s ]
INFO: [ view_parse ] --END-- [ RunTime:0.033002s ]
INFO: [ view_filter ] --START--
INFO: ContentReplace Behavior ::run [ RunTime:0.001000s ]
INFO: TokenBuild Behavior ::run [ RunTime:0.001000s ]
INFO: WriteHtmlCache Behavior ::run [ RunTime:0.001001s ]
INFO: ShowRuntime Behavior ::run [ RunTime:0.001000s ]
INFO: [ view_filter ] --END-- [ RunTime:0.005001s ]
INFO: [ view_end ] --START--
INFO: ShowPageTrace Behavior ::run [ RunTime:0.001000s ]
INFO: [ view_end ] --END-- [ RunTime:0.001000s ]

[ 2014-08-02T23:50:43+08:00 ] 127.0.0.1 /php_demo/shizhan/10/10wish/index.php/Admin/WishManage
INFO: [ route_check ] --START--
INFO: CheckRoute Behavior ::run [ RunTime:0.001000s ]
INFO: [ route_check ] --END-- [ RunTime:0.002001s ]
INFO: [ app_begin ] --START--
INFO: ReadHtmlCache Behavior ::run [ RunTime:0.001000s ]
INFO: [ app_begin ] --END-- [ RunTime:0.001000s ]
SQL: SHOW COLUMNS FROM `tp_wish` [ RunTime:0.003000s ]
SQL: SELECT COUNT(*) AS tp_count FROM `tp_wish` LIMIT 1   [ RunTime:0.000000s ]
SQL: SELECT * FROM `tp_wish` ORDER BY time DESC LIMIT 0,2   [ RunTime:0.001000s ]
INFO: [ view_parse ] --START--
INFO: ParseTemplate Behavior ::run [ RunTime:0.013001s ]
INFO: [ view_parse ] --END-- [ RunTime:0.013001s ]
INFO: [ view_filter ] --START--
INFO: ContentReplace Behavior ::run [ RunTime:0.001000s ]
INFO: TokenBuild Behavior ::run [ RunTime:0.001000s ]
INFO: WriteHtmlCache Behavior ::run [ RunTime:0.001000s ]
INFO: ShowRuntime Behavior ::run [ RunTime:0.002000s ]
INFO: [ view_filter ] --END-- [ RunTime:0.005000s ]
INFO: [ view_end ] --START--
INFO: ShowPageTrace Behavior ::run [ RunTime:0.001000s ]
INFO: [ view_end ] --END-- [ RunTime:0.002000s ]

[ 2014-08-02T23:51:07+08:00 ] 127.0.0.1 /php_demo/shizhan/10/10wish/index.php/Admin/WishManage
INFO: [ route_check ] --START--
INFO: CheckRoute Behavior ::run [ RunTime:0.002000s ]
INFO: [ route_check ] --END-- [ RunTime:0.002000s ]
INFO: [ app_begin ] --START--
INFO: ReadHtmlCache Behavior ::run [ RunTime:0.001000s ]
INFO: [ app_begin ] --END-- [ RunTime:0.001000s ]
SQL: SHOW COLUMNS FROM `tp_wish` [ RunTime:0.002000s ]
SQL: SELECT COUNT(*) AS tp_count FROM `tp_wish` LIMIT 1   [ RunTime:0.000000s ]
SQL: SELECT * FROM `tp_wish` ORDER BY time DESC LIMIT 0,2   [ RunTime:0.000000s ]
INFO: [ view_parse ] --START--
INFO: ParseTemplate Behavior ::run [ RunTime:0.015001s ]
INFO: [ view_parse ] --END-- [ RunTime:0.015001s ]
INFO: [ view_filter ] --START--
INFO: ContentReplace Behavior ::run [ RunTime:0.001000s ]
INFO: TokenBuild Behavior ::run [ RunTime:0.001000s ]
INFO: WriteHtmlCache Behavior ::run [ RunTime:0.002000s ]
INFO: ShowRuntime Behavior ::run [ RunTime:0.001001s ]
INFO: [ view_filter ] --END-- [ RunTime:0.006001s ]
INFO: [ view_end ] --START--
INFO: ShowPageTrace Behavior ::run [ RunTime:0.001000s ]
INFO: [ view_end ] --END-- [ RunTime:0.001000s ]

[ 2014-08-02T23:51:08+08:00 ] 127.0.0.1 /php_demo/shizhan/10/10wish/index.php/Admin/WishManage
INFO: [ route_check ] --START--
INFO: CheckRoute Behavior ::run [ RunTime:0.002000s ]
INFO: [ route_check ] --END-- [ RunTime:0.002000s ]
INFO: [ app_begin ] --START--
INFO: ReadHtmlCache Behavior ::run [ RunTime:0.002000s ]
INFO: [ app_begin ] --END-- [ RunTime:0.002000s ]
SQL: SHOW COLUMNS FROM `tp_wish` [ RunTime:0.002000s ]
SQL: SELECT COUNT(*) AS tp_count FROM `tp_wish` LIMIT 1   [ RunTime:0.000000s ]
SQL: SELECT * FROM `tp_wish` ORDER BY time DESC LIMIT 0,2   [ RunTime:0.000000s ]
INFO: [ view_parse ] --START--
INFO: ParseTemplate Behavior ::run [ RunTime:0.013001s ]
INFO: [ view_parse ] --END-- [ RunTime:0.013001s ]
INFO: [ view_filter ] --START--
INFO: ContentReplace Behavior ::run [ RunTime:0.001000s ]
INFO: TokenBuild Behavior ::run [ RunTime:0.001000s ]
INFO: WriteHtmlCache Behavior ::run [ RunTime:0.001000s ]
INFO: ShowRuntime Behavior ::run [ RunTime:0.001001s ]
INFO: [ view_filter ] --END-- [ RunTime:0.004001s ]
INFO: [ view_end ] --START--
INFO: ShowPageTrace Behavior ::run [ RunTime:0.001000s ]
INFO: [ view_end ] --END-- [ RunTime:0.001000s ]

[ 2014-08-02T23:51:12+08:00 ] 127.0.0.1 /php_demo/shizhan/10/10wish/index.php/Admin/WishManage
INFO: [ route_check ] --START--
INFO: CheckRoute Behavior ::run [ RunTime:0.001000s ]
INFO: [ route_check ] --END-- [ RunTime:0.001000s ]
INFO: [ app_begin ] --START--
INFO: ReadHtmlCache Behavior ::run [ RunTime:0.000000s ]
INFO: [ app_begin ] --END-- [ RunTime:0.002000s ]
SQL: SHOW COLUMNS FROM `tp_wish` [ RunTime:0.002000s ]
SQL: SELECT COUNT(*) AS tp_count FROM `tp_wish` LIMIT 1   [ RunTime:0.001000s ]
SQL: SELECT * FROM `tp_wish` ORDER BY time DESC LIMIT 0,2   [ RunTime:0.000000s ]
INFO: [ view_parse ] --START--
INFO: ParseTemplate Behavior ::run [ RunTime:0.013001s ]
INFO: [ view_parse ] --END-- [ RunTime:0.013001s ]
INFO: [ view_filter ] --START--
INFO: ContentReplace Behavior ::run [ RunTime:0.000000s ]
INFO: TokenBuild Behavior ::run [ RunTime:0.001000s ]
INFO: WriteHtmlCache Behavior ::run [ RunTime:0.000000s ]
INFO: ShowRuntime Behavior ::run [ RunTime:0.001000s ]
INFO: [ view_filter ] --END-- [ RunTime:0.005000s ]
INFO: [ view_end ] --START--
INFO: ShowPageTrace Behavior ::run [ RunTime:0.001000s ]
INFO: [ view_end ] --END-- [ RunTime:0.002000s ]

[ 2014-08-02T23:52:05+08:00 ] 127.0.0.1 /php_demo/shizhan/10/10wish/index.php/Admin/WishManage
INFO: [ route_check ] --START--
INFO: CheckRoute Behavior ::run [ RunTime:0.001000s ]
INFO: [ route_check ] --END-- [ RunTime:0.002000s ]
INFO: [ app_begin ] --START--
INFO: ReadHtmlCache Behavior ::run [ RunTime:0.001000s ]
INFO: [ app_begin ] --END-- [ RunTime:0.001000s ]
SQL: SHOW COLUMNS FROM `tp_wish` [ RunTime:0.002000s ]
SQL: SELECT COUNT(*) AS tp_count FROM `tp_wish` LIMIT 1   [ RunTime:0.000000s ]
SQL: SELECT * FROM `tp_wish` ORDER BY time DESC LIMIT 0,2   [ RunTime:0.000000s ]
INFO: [ view_parse ] --START--
INFO: ParseTemplate Behavior ::run [ RunTime:0.014000s ]
INFO: [ view_parse ] --END-- [ RunTime:0.014000s ]
INFO: [ view_filter ] --START--
INFO: ContentReplace Behavior ::run [ RunTime:0.001000s ]
INFO: TokenBuild Behavior ::run [ RunTime:0.001001s ]
INFO: WriteHtmlCache Behavior ::run [ RunTime:0.001000s ]
INFO: ShowRuntime Behavior ::run [ RunTime:0.001000s ]
INFO: [ view_filter ] --END-- [ RunTime:0.005001s ]
INFO: [ view_end ] --START--
INFO: ShowPageTrace Behavior ::run [ RunTime:0.001000s ]
INFO: [ view_end ] --END-- [ RunTime:0.001000s ]

[ 2014-08-02T23:55:00+08:00 ] 127.0.0.1 /php_demo/shizhan/10/10wish/index.php/Admin/WishManage
INFO: [ route_check ] --START--
INFO: CheckRoute Behavior ::run [ RunTime:0.002000s ]
INFO: [ route_check ] --END-- [ RunTime:0.002000s ]
INFO: [ app_begin ] --START--
INFO: ReadHtmlCache Behavior ::run [ RunTime:0.001000s ]
INFO: [ app_begin ] --END-- [ RunTime:0.002000s ]
SQL: SHOW COLUMNS FROM `tp_wish` [ RunTime:0.003000s ]
SQL: SELECT COUNT(*) AS tp_count FROM `tp_wish` LIMIT 1   [ RunTime:0.000000s ]
SQL: SELECT * FROM `tp_wish` ORDER BY time DESC LIMIT 0,2   [ RunTime:0.000000s ]
INFO: [ view_parse ] --START--

[ 2014-08-02T23:55:15+08:00 ] 127.0.0.1 /php_demo/shizhan/10/10wish/index.php/Admin/WishManage
INFO: [ route_check ] --START--
INFO: CheckRoute Behavior ::run [ RunTime:0.002000s ]
INFO: [ route_check ] --END-- [ RunTime:0.002000s ]
INFO: [ app_begin ] --START--
INFO: ReadHtmlCache Behavior ::run [ RunTime:0.001000s ]
INFO: [ app_begin ] --END-- [ RunTime:0.002000s ]
SQL: SHOW COLUMNS FROM `tp_wish` [ RunTime:0.003000s ]
SQL: SELECT COUNT(*) AS tp_count FROM `tp_wish` LIMIT 1   [ RunTime:0.000000s ]
SQL: SELECT * FROM `tp_wish` ORDER BY time DESC LIMIT 0,2   [ RunTime:0.001000s ]
INFO: [ view_parse ] --START--
INFO: ParseTemplate Behavior ::run [ RunTime:0.014000s ]
INFO: [ view_parse ] --END-- [ RunTime:0.014000s ]
INFO: [ view_filter ] --START--
INFO: ContentReplace Behavior ::run [ RunTime:0.001000s ]
INFO: TokenBuild Behavior ::run [ RunTime:0.001000s ]
INFO: WriteHtmlCache Behavior ::run [ RunTime:0.001000s ]
INFO: ShowRuntime Behavior ::run [ RunTime:0.001000s ]
INFO: [ view_filter ] --END-- [ RunTime:0.004000s ]
INFO: [ view_end ] --START--
INFO: ShowPageTrace Behavior ::run [ RunTime:0.001000s ]
INFO: [ view_end ] --END-- [ RunTime:0.001000s ]

[ 2014-08-02T23:55:29+08:00 ] 127.0.0.1 /php_demo/shizhan/10/10wish/index.php/Admin/WishManage
INFO: [ route_check ] --START--
INFO: CheckRoute Behavior ::run [ RunTime:0.001000s ]
INFO: [ route_check ] --END-- [ RunTime:0.001000s ]
INFO: [ app_begin ] --START--
INFO: ReadHtmlCache Behavior ::run [ RunTime:0.001000s ]
INFO: [ app_begin ] --END-- [ RunTime:0.001000s ]
SQL: SHOW COLUMNS FROM `tp_wish` [ RunTime:0.003000s ]
SQL: SELECT COUNT(*) AS tp_count FROM `tp_wish` LIMIT 1   [ RunTime:0.000000s ]
SQL: SELECT * FROM `tp_wish` ORDER BY time DESC LIMIT 0,2   [ RunTime:0.001000s ]
INFO: [ view_parse ] --START--
INFO: ParseTemplate Behavior ::run [ RunTime:0.014001s ]
INFO: [ view_parse ] --END-- [ RunTime:0.016001s ]
INFO: [ view_filter ] --START--
INFO: ContentReplace Behavior ::run [ RunTime:0.001000s ]
INFO: TokenBuild Behavior ::run [ RunTime:0.001000s ]
INFO: WriteHtmlCache Behavior ::run [ RunTime:0.001000s ]
INFO: ShowRuntime Behavior ::run [ RunTime:0.002000s ]
INFO: [ view_filter ] --END-- [ RunTime:0.005000s ]
INFO: [ view_end ] --START--
INFO: ShowPageTrace Behavior ::run [ RunTime:0.001000s ]
INFO: [ view_end ] --END-- [ RunTime:0.001000s ]

[ 2014-08-02T23:55:38+08:00 ] 127.0.0.1 /php_demo/shizhan/10/10wish/index.php/Admin/WishManage
INFO: [ route_check ] --START--
INFO: CheckRoute Behavior ::run [ RunTime:0.001000s ]
INFO: [ route_check ] --END-- [ RunTime:0.001000s ]
INFO: [ app_begin ] --START--
INFO: ReadHtmlCache Behavior ::run [ RunTime:0.001000s ]
INFO: [ app_begin ] --END-- [ RunTime:0.001000s ]
SQL: SHOW COLUMNS FROM `tp_wish` [ RunTime:0.003001s ]
SQL: SELECT COUNT(*) AS tp_count FROM `tp_wish` LIMIT 1   [ RunTime:0.000000s ]
SQL: SELECT * FROM `tp_wish` ORDER BY time DESC LIMIT 0,2   [ RunTime:0.001000s ]
INFO: [ view_parse ] --START--
INFO: ParseTemplate Behavior ::run [ RunTime:0.014001s ]
INFO: [ view_parse ] --END-- [ RunTime:0.015001s ]
INFO: [ view_filter ] --START--
INFO: ContentReplace Behavior ::run [ RunTime:0.001000s ]
INFO: TokenBuild Behavior ::run [ RunTime:0.001000s ]
INFO: WriteHtmlCache Behavior ::run [ RunTime:0.000000s ]
INFO: ShowRuntime Behavior ::run [ RunTime:0.002000s ]
INFO: [ view_filter ] --END-- [ RunTime:0.005000s ]
INFO: [ view_end ] --START--
INFO: ShowPageTrace Behavior ::run [ RunTime:0.001000s ]
INFO: [ view_end ] --END-- [ RunTime:0.002000s ]

[ 2014-08-02T23:56:29+08:00 ] 127.0.0.1 /php_demo/shizhan/10/10wish/index.php/Admin/WishManage
INFO: [ route_check ] --START--
INFO: CheckRoute Behavior ::run [ RunTime:0.001000s ]
INFO: [ route_check ] --END-- [ RunTime:0.001000s ]
INFO: [ app_begin ] --START--
INFO: ReadHtmlCache Behavior ::run [ RunTime:0.001000s ]
INFO: [ app_begin ] --END-- [ RunTime:0.001000s ]
SQL: SHOW COLUMNS FROM `tp_wish` [ RunTime:0.003000s ]
SQL: SELECT COUNT(*) AS tp_count FROM `tp_wish` LIMIT 1   [ RunTime:0.000000s ]
SQL: SELECT * FROM `tp_wish` ORDER BY time DESC LIMIT 0,2   [ RunTime:0.001000s ]
INFO: [ view_parse ] --START--
INFO: ParseTemplate Behavior ::run [ RunTime:0.014001s ]
INFO: [ view_parse ] --END-- [ RunTime:0.014001s ]
INFO: [ view_filter ] --START--
INFO: ContentReplace Behavior ::run [ RunTime:0.003000s ]
INFO: TokenBuild Behavior ::run [ RunTime:0.001000s ]
INFO: WriteHtmlCache Behavior ::run [ RunTime:0.001000s ]
INFO: ShowRuntime Behavior ::run [ RunTime:0.001001s ]
INFO: [ view_filter ] --END-- [ RunTime:0.008001s ]
INFO: [ view_end ] --START--
INFO: ShowPageTrace Behavior ::run [ RunTime:0.001000s ]
INFO: [ view_end ] --END-- [ RunTime:0.001000s ]

