[ 2014-07-28T22:19:56+08:00 ] 127.0.0.1 /php_demo/shizhan/10/10wish/
INFO: [ app_begin ] --START--
INFO: ReadHtmlCache Behavior ::run [ RunTime:0.012000s ]
INFO: [ app_begin ] --END-- [ RunTime:0.014001s ]
SQL: SHOW COLUMNS FROM `tp_wish` [ RunTime:0.046002s ]
SQL: SELECT * FROM `tp_wish`  [ RunTime:0.001000s ]
INFO: [ view_parse ] --START--
INFO: ParseTemplate Behavior ::run [ RunTime:0.045003s ]
INFO: [ view_parse ] --END-- [ RunTime:0.045003s ]
INFO: [ view_filter ] --START--
INFO: ContentReplace Behavior ::run [ RunTime:0.002000s ]
INFO: TokenBuild Behavior ::run [ RunTime:0.012001s ]
INFO: WriteHtmlCache Behavior ::run [ RunTime:0.003000s ]
INFO: ShowRuntime Behavior ::run [ RunTime:0.002000s ]
INFO: [ view_filter ] --END-- [ RunTime:0.020001s ]
INFO: [ view_end ] --START--
INFO: ShowPageTrace Behavior ::run [ RunTime:0.008001s ]
INFO: [ view_end ] --END-- [ RunTime:0.009001s ]

[ 2014-07-28T22:19:58+08:00 ] 127.0.0.1 /php_demo/shizhan/10/10wish/index.php/Home/Index/del/id/25
INFO: [ route_check ] --START--
INFO: CheckRoute Behavior ::run [ RunTime:0.014001s ]
INFO: [ route_check ] --END-- [ RunTime:0.015001s ]
INFO: [ app_begin ] --START--
INFO: ReadHtmlCache Behavior ::run [ RunTime:0.002000s ]
INFO: [ app_begin ] --END-- [ RunTime:0.002000s ]
SQL: SHOW COLUMNS FROM `tp_wish` [ RunTime:0.004000s ]
SQL: DELETE FROM `tp_wish` WHERE ( `id` = 25 ) [ RunTime:0.018001s ]
NOTIC: [8] Use of undefined constant del_status - assumed 'del_status' D:\Dropbox-List\Net\Dropbox\WebDev\xampp\htdocs\php_demo\shizhan\10\10wish\APP\Lib\Action\Home\IndexAction.class.php 第 81 行.

[ 2014-07-28T22:20:03+08:00 ] 127.0.0.1 /php_demo/shizhan/10/10wish/index.php/Home/Index/del/id/30
INFO: [ route_check ] --START--
INFO: CheckRoute Behavior ::run [ RunTime:0.001000s ]
INFO: [ route_check ] --END-- [ RunTime:0.002000s ]
INFO: [ app_begin ] --START--
INFO: ReadHtmlCache Behavior ::run [ RunTime:0.001000s ]
INFO: [ app_begin ] --END-- [ RunTime:0.001000s ]
SQL: SHOW COLUMNS FROM `tp_wish` [ RunTime:0.004000s ]
SQL: DELETE FROM `tp_wish` WHERE ( `id` = 30 ) [ RunTime:0.001000s ]
NOTIC: [8] Use of undefined constant del_status - assumed 'del_status' D:\Dropbox-List\Net\Dropbox\WebDev\xampp\htdocs\php_demo\shizhan\10\10wish\APP\Lib\Action\Home\IndexAction.class.php 第 81 行.

[ 2014-07-28T22:20:05+08:00 ] 127.0.0.1 /php_demo/shizhan/10/10wish/index.php/Home/Index/del/id/31
INFO: [ route_check ] --START--
INFO: CheckRoute Behavior ::run [ RunTime:0.001000s ]
INFO: [ route_check ] --END-- [ RunTime:0.002000s ]
INFO: [ app_begin ] --START--
INFO: ReadHtmlCache Behavior ::run [ RunTime:0.001000s ]
INFO: [ app_begin ] --END-- [ RunTime:0.001000s ]
SQL: SHOW COLUMNS FROM `tp_wish` [ RunTime:0.008000s ]
SQL: DELETE FROM `tp_wish` WHERE ( `id` = 31 ) [ RunTime:0.001000s ]
NOTIC: [8] Use of undefined constant del_status - assumed 'del_status' D:\Dropbox-List\Net\Dropbox\WebDev\xampp\htdocs\php_demo\shizhan\10\10wish\APP\Lib\Action\Home\IndexAction.class.php 第 81 行.

[ 2014-07-28T22:20:07+08:00 ] 127.0.0.1 /php_demo/shizhan/10/10wish/index.php/Home/Index/del/id/26
INFO: [ route_check ] --START--
INFO: CheckRoute Behavior ::run [ RunTime:0.001000s ]
INFO: [ route_check ] --END-- [ RunTime:0.002000s ]
INFO: [ app_begin ] --START--
INFO: ReadHtmlCache Behavior ::run [ RunTime:0.001001s ]
INFO: [ app_begin ] --END-- [ RunTime:0.001001s ]
SQL: SHOW COLUMNS FROM `tp_wish` [ RunTime:0.002000s ]
SQL: DELETE FROM `tp_wish` WHERE ( `id` = 26 ) [ RunTime:0.000000s ]
NOTIC: [8] Use of undefined constant del_status - assumed 'del_status' D:\Dropbox-List\Net\Dropbox\WebDev\xampp\htdocs\php_demo\shizhan\10\10wish\APP\Lib\Action\Home\IndexAction.class.php 第 81 行.

[ 2014-07-28T22:20:09+08:00 ] 127.0.0.1 /php_demo/shizhan/10/10wish/index.php/Home/Index/del/id/29
INFO: [ route_check ] --START--
INFO: CheckRoute Behavior ::run [ RunTime:0.001000s ]
INFO: [ route_check ] --END-- [ RunTime:0.002000s ]
INFO: [ app_begin ] --START--
INFO: ReadHtmlCache Behavior ::run [ RunTime:0.001000s ]
INFO: [ app_begin ] --END-- [ RunTime:0.001000s ]
SQL: SHOW COLUMNS FROM `tp_wish` [ RunTime:0.003000s ]
SQL: DELETE FROM `tp_wish` WHERE ( `id` = 29 ) [ RunTime:0.000000s ]
NOTIC: [8] Use of undefined constant del_status - assumed 'del_status' D:\Dropbox-List\Net\Dropbox\WebDev\xampp\htdocs\php_demo\shizhan\10\10wish\APP\Lib\Action\Home\IndexAction.class.php 第 81 行.

[ 2014-07-28T22:20:11+08:00 ] 127.0.0.1 /php_demo/shizhan/10/10wish/index.php/Home/Index/del/id/32
INFO: [ route_check ] --START--
INFO: CheckRoute Behavior ::run [ RunTime:0.002000s ]
INFO: [ route_check ] --END-- [ RunTime:0.002000s ]
INFO: [ app_begin ] --START--
INFO: ReadHtmlCache Behavior ::run [ RunTime:0.001000s ]
INFO: [ app_begin ] --END-- [ RunTime:0.001000s ]
SQL: SHOW COLUMNS FROM `tp_wish` [ RunTime:0.003000s ]
SQL: DELETE FROM `tp_wish` WHERE ( `id` = 32 ) [ RunTime:0.000000s ]
NOTIC: [8] Use of undefined constant del_status - assumed 'del_status' D:\Dropbox-List\Net\Dropbox\WebDev\xampp\htdocs\php_demo\shizhan\10\10wish\APP\Lib\Action\Home\IndexAction.class.php 第 81 行.

[ 2014-07-28T22:20:13+08:00 ] 127.0.0.1 /php_demo/shizhan/10/10wish/index.php/Home/Index/del/id/33
INFO: [ route_check ] --START--
INFO: CheckRoute Behavior ::run [ RunTime:0.001000s ]
INFO: [ route_check ] --END-- [ RunTime:0.002000s ]
INFO: [ app_begin ] --START--
INFO: ReadHtmlCache Behavior ::run [ RunTime:0.001000s ]
INFO: [ app_begin ] --END-- [ RunTime:0.002000s ]
SQL: SHOW COLUMNS FROM `tp_wish` [ RunTime:0.003000s ]
SQL: DELETE FROM `tp_wish` WHERE ( `id` = 33 ) [ RunTime:0.001000s ]
NOTIC: [8] Use of undefined constant del_status - assumed 'del_status' D:\Dropbox-List\Net\Dropbox\WebDev\xampp\htdocs\php_demo\shizhan\10\10wish\APP\Lib\Action\Home\IndexAction.class.php 第 81 行.

[ 2014-07-28T22:20:15+08:00 ] 127.0.0.1 /php_demo/shizhan/10/10wish/index.php/Home/Index/del/id/28
INFO: [ route_check ] --START--
INFO: CheckRoute Behavior ::run [ RunTime:0.001000s ]
INFO: [ route_check ] --END-- [ RunTime:0.001000s ]
INFO: [ app_begin ] --START--
INFO: ReadHtmlCache Behavior ::run [ RunTime:0.001000s ]
INFO: [ app_begin ] --END-- [ RunTime:0.001000s ]
SQL: SHOW COLUMNS FROM `tp_wish` [ RunTime:0.003000s ]
SQL: DELETE FROM `tp_wish` WHERE ( `id` = 28 ) [ RunTime:0.001000s ]
NOTIC: [8] Use of undefined constant del_status - assumed 'del_status' D:\Dropbox-List\Net\Dropbox\WebDev\xampp\htdocs\php_demo\shizhan\10\10wish\APP\Lib\Action\Home\IndexAction.class.php 第 81 行.

[ 2014-07-28T22:20:18+08:00 ] 127.0.0.1 /php_demo/shizhan/10/10wish/
INFO: [ app_begin ] --START--
INFO: ReadHtmlCache Behavior ::run [ RunTime:0.001000s ]
INFO: [ app_begin ] --END-- [ RunTime:0.002000s ]
SQL: SHOW COLUMNS FROM `tp_wish` [ RunTime:0.003000s ]
SQL: SELECT * FROM `tp_wish`  [ RunTime:0.001000s ]
INFO: [ view_parse ] --START--
INFO: ParseTemplate Behavior ::run [ RunTime:0.017001s ]
INFO: [ view_parse ] --END-- [ RunTime:0.017001s ]
INFO: [ view_filter ] --START--
INFO: ContentReplace Behavior ::run [ RunTime:0.001000s ]
INFO: TokenBuild Behavior ::run [ RunTime:0.001000s ]
INFO: WriteHtmlCache Behavior ::run [ RunTime:0.001000s ]
INFO: ShowRuntime Behavior ::run [ RunTime:0.002000s ]
INFO: [ view_filter ] --END-- [ RunTime:0.006000s ]
INFO: [ view_end ] --START--
INFO: ShowPageTrace Behavior ::run [ RunTime:0.002001s ]
INFO: [ view_end ] --END-- [ RunTime:0.003001s ]

[ 2014-07-28T22:23:01+08:00 ] 127.0.0.1 /php_demo/shizhan/10/10wish/index.php/Home/Index
INFO: [ route_check ] --START--
INFO: CheckRoute Behavior ::run [ RunTime:0.001000s ]
INFO: [ route_check ] --END-- [ RunTime:0.002000s ]
INFO: [ app_begin ] --START--
INFO: ReadHtmlCache Behavior ::run [ RunTime:0.002000s ]
INFO: [ app_begin ] --END-- [ RunTime:0.002000s ]
SQL: SHOW COLUMNS FROM `tp_wish` [ RunTime:0.005000s ]
SQL: SELECT * FROM `tp_wish`  [ RunTime:0.000000s ]
INFO: [ view_parse ] --START--
INFO: ParseTemplate Behavior ::run [ RunTime:0.018001s ]
INFO: [ view_parse ] --END-- [ RunTime:0.019001s ]
INFO: [ view_filter ] --START--
INFO: ContentReplace Behavior ::run [ RunTime:0.001000s ]
INFO: TokenBuild Behavior ::run [ RunTime:0.001000s ]
INFO: WriteHtmlCache Behavior ::run [ RunTime:0.000000s ]
INFO: ShowRuntime Behavior ::run [ RunTime:0.001000s ]
INFO: [ view_filter ] --END-- [ RunTime:0.005000s ]
INFO: [ view_end ] --START--
INFO: ShowPageTrace Behavior ::run [ RunTime:0.001000s ]
INFO: [ view_end ] --END-- [ RunTime:0.001000s ]

[ 2014-07-28T22:23:15+08:00 ] 127.0.0.1 /php_demo/shizhan/10/10wish/index.php/Home/Index/test
INFO: [ route_check ] --START--
INFO: CheckRoute Behavior ::run [ RunTime:0.002000s ]
INFO: [ route_check ] --END-- [ RunTime:0.002000s ]
INFO: [ app_begin ] --START--
INFO: ReadHtmlCache Behavior ::run [ RunTime:0.001001s ]
INFO: [ app_begin ] --END-- [ RunTime:0.002001s ]

[ 2014-07-28T22:25:07+08:00 ] 127.0.0.1 /php_demo/shizhan/10/10wish/index.php/Admin/Login
INFO: [ route_check ] --START--
INFO: CheckRoute Behavior ::run [ RunTime:0.002000s ]
INFO: [ route_check ] --END-- [ RunTime:0.002000s ]
INFO: [ app_begin ] --START--
INFO: ReadHtmlCache Behavior ::run [ RunTime:0.002000s ]
INFO: [ app_begin ] --END-- [ RunTime:0.002000s ]
NOTIC: [8] A session had already been started - ignoring session_start() D:\Dropbox-List\Net\Dropbox\WebDev\xampp\htdocs\php_demo\shizhan\10\10wish\APP\Lib\Action\Admin\LoginAction.class.php 第 5 行.
INFO: [ view_parse ] --START--
INFO: ParseTemplate Behavior ::run [ RunTime:0.030002s ]
INFO: [ view_parse ] --END-- [ RunTime:0.032002s ]
INFO: [ view_filter ] --START--
INFO: ContentReplace Behavior ::run [ RunTime:0.001000s ]
INFO: TokenBuild Behavior ::run [ RunTime:0.002000s ]
INFO: WriteHtmlCache Behavior ::run [ RunTime:0.001001s ]
INFO: ShowRuntime Behavior ::run [ RunTime:0.001000s ]
INFO: [ view_filter ] --END-- [ RunTime:0.006001s ]
INFO: [ view_end ] --START--
INFO: ShowPageTrace Behavior ::run [ RunTime:0.001000s ]
INFO: [ view_end ] --END-- [ RunTime:0.002000s ]

[ 2014-07-28T22:25:07+08:00 ] 127.0.0.1 /php_demo/shizhan/10/10wish/index.php/Admin/Login/vertify.html
INFO: [ route_check ] --START--
INFO: CheckRoute Behavior ::run [ RunTime:0.001000s ]
INFO: [ route_check ] --END-- [ RunTime:0.001000s ]
INFO: [ app_begin ] --START--
INFO: ReadHtmlCache Behavior ::run [ RunTime:0.001000s ]
INFO: [ app_begin ] --END-- [ RunTime:0.001000s ]
NOTIC: [8] A session had already been started - ignoring session_start() D:\Dropbox-List\Net\Dropbox\WebDev\xampp\htdocs\php_demo\shizhan\10\10wish\APP\Lib\Action\Admin\LoginAction.class.php 第 5 行.

[ 2014-07-28T22:25:19+08:00 ] 127.0.0.1 /php_demo/shizhan/10/10wish/index.php/Admin/Login/checkcode
INFO: [ route_check ] --START--
INFO: CheckRoute Behavior ::run [ RunTime:0.002000s ]
INFO: [ route_check ] --END-- [ RunTime:0.002000s ]
INFO: [ app_begin ] --START--
INFO: ReadHtmlCache Behavior ::run [ RunTime:0.001000s ]
INFO: [ app_begin ] --END-- [ RunTime:0.001000s ]
NOTIC: [8] A session had already been started - ignoring session_start() D:\Dropbox-List\Net\Dropbox\WebDev\xampp\htdocs\php_demo\shizhan\10\10wish\APP\Lib\Action\Admin\LoginAction.class.php 第 5 行.
NOTIC: [8] Use of undefined constant verify - assumed 'verify' D:\Dropbox-List\Net\Dropbox\WebDev\xampp\htdocs\php_demo\shizhan\10\10wish\APP\Lib\Action\Admin\LoginAction.class.php 第 62 行.
NOTIC: [8] Array to string conversion D:\Dropbox-List\Net\Dropbox\WebDev\xampp\htdocs\php_demo\shizhan\10\10wish\APP\Lib\Action\Admin\LoginAction.class.php 第 62 行.

[ 2014-07-28T22:25:20+08:00 ] 127.0.0.1 /php_demo/shizhan/10/10wish/index.php/Admin/Login/login
INFO: [ route_check ] --START--
INFO: CheckRoute Behavior ::run [ RunTime:0.047003s ]
INFO: [ route_check ] --END-- [ RunTime:0.047003s ]
INFO: [ app_begin ] --START--
INFO: ReadHtmlCache Behavior ::run [ RunTime:0.036002s ]
INFO: [ app_begin ] --END-- [ RunTime:0.037002s ]
NOTIC: [8] A session had already been started - ignoring session_start() D:\Dropbox-List\Net\Dropbox\WebDev\xampp\htdocs\php_demo\shizhan\10\10wish\APP\Lib\Action\Admin\LoginAction.class.php 第 5 行.
SQL: SHOW COLUMNS FROM `tp_user` [ RunTime:0.020002s ]
SQL: SELECT * FROM `tp_user` WHERE ( `username` = 'admin' ) LIMIT 1   [ RunTime:0.000000s ]
NOTIC: [8] Use of undefined constant user - assumed 'user' D:\Dropbox-List\Net\Dropbox\WebDev\xampp\htdocs\php_demo\shizhan\10\10wish\APP\Lib\Action\Admin\LoginAction.class.php 第 32 行.
SQL: UPDATE `tp_user` SET `loginip`='127.0.0.1' WHERE ( `id` = 1 ) [ RunTime:0.012001s ]

[ 2014-07-28T22:25:20+08:00 ] 127.0.0.1 /php_demo/shizhan/10/10wish/index.php/Admin/Index/index.html
INFO: [ route_check ] --START--
INFO: CheckRoute Behavior ::run [ RunTime:0.002000s ]
INFO: [ route_check ] --END-- [ RunTime:0.002000s ]
INFO: [ app_begin ] --START--
INFO: ReadHtmlCache Behavior ::run [ RunTime:0.001000s ]
INFO: [ app_begin ] --END-- [ RunTime:0.002000s ]
INFO: [ view_parse ] --START--
INFO: ParseTemplate Behavior ::run [ RunTime:0.031002s ]
INFO: [ view_parse ] --END-- [ RunTime:0.031002s ]
INFO: [ view_filter ] --START--
INFO: ContentReplace Behavior ::run [ RunTime:0.001000s ]
INFO: TokenBuild Behavior ::run [ RunTime:0.001000s ]
INFO: WriteHtmlCache Behavior ::run [ RunTime:0.001000s ]
INFO: ShowRuntime Behavior ::run [ RunTime:0.002000s ]
INFO: [ view_filter ] --END-- [ RunTime:0.006000s ]
INFO: [ view_end ] --START--
INFO: ShowPageTrace Behavior ::run [ RunTime:0.002001s ]
INFO: [ view_end ] --END-- [ RunTime:0.002001s ]

[ 2014-07-28T22:25:49+08:00 ] 127.0.0.1 /php_demo/shizhan/10/10wish/index.php/Admin/Login
INFO: [ route_check ] --START--
INFO: CheckRoute Behavior ::run [ RunTime:0.001000s ]
INFO: [ route_check ] --END-- [ RunTime:0.002001s ]
INFO: [ app_begin ] --START--
INFO: ReadHtmlCache Behavior ::run [ RunTime:0.002000s ]
INFO: [ app_begin ] --END-- [ RunTime:0.002000s ]
NOTIC: [8] A session had already been started - ignoring session_start() D:\Dropbox-List\Net\Dropbox\WebDev\xampp\htdocs\php_demo\shizhan\10\10wish\APP\Lib\Action\Admin\LoginAction.class.php 第 5 行.
INFO: [ view_parse ] --START--
INFO: ParseTemplate Behavior ::run [ RunTime:0.028002s ]
INFO: [ view_parse ] --END-- [ RunTime:0.028002s ]
INFO: [ view_filter ] --START--
INFO: ContentReplace Behavior ::run [ RunTime:0.001000s ]
INFO: TokenBuild Behavior ::run [ RunTime:0.001000s ]
INFO: WriteHtmlCache Behavior ::run [ RunTime:0.001000s ]
INFO: ShowRuntime Behavior ::run [ RunTime:0.002000s ]
INFO: [ view_filter ] --END-- [ RunTime:0.006000s ]
INFO: [ view_end ] --START--
INFO: ShowPageTrace Behavior ::run [ RunTime:0.001000s ]
INFO: [ view_end ] --END-- [ RunTime:0.001000s ]

[ 2014-07-28T22:25:50+08:00 ] 127.0.0.1 /php_demo/shizhan/10/10wish/index.php/Admin/Login/vertify.html
INFO: [ route_check ] --START--
INFO: CheckRoute Behavior ::run [ RunTime:0.002000s ]
INFO: [ route_check ] --END-- [ RunTime:0.002000s ]
INFO: [ app_begin ] --START--
INFO: ReadHtmlCache Behavior ::run [ RunTime:0.001000s ]
INFO: [ app_begin ] --END-- [ RunTime:0.002000s ]
NOTIC: [8] A session had already been started - ignoring session_start() D:\Dropbox-List\Net\Dropbox\WebDev\xampp\htdocs\php_demo\shizhan\10\10wish\APP\Lib\Action\Admin\LoginAction.class.php 第 5 行.

[ 2014-07-28T22:26:03+08:00 ] 127.0.0.1 /php_demo/shizhan/10/10wish/index.php/Admin/Login/checkcode
INFO: [ route_check ] --START--
INFO: CheckRoute Behavior ::run [ RunTime:0.001000s ]
INFO: [ route_check ] --END-- [ RunTime:0.001000s ]
INFO: [ app_begin ] --START--
INFO: ReadHtmlCache Behavior ::run [ RunTime:0.001001s ]
INFO: [ app_begin ] --END-- [ RunTime:0.001001s ]
NOTIC: [8] A session had already been started - ignoring session_start() D:\Dropbox-List\Net\Dropbox\WebDev\xampp\htdocs\php_demo\shizhan\10\10wish\APP\Lib\Action\Admin\LoginAction.class.php 第 5 行.
NOTIC: [8] Use of undefined constant verify - assumed 'verify' D:\Dropbox-List\Net\Dropbox\WebDev\xampp\htdocs\php_demo\shizhan\10\10wish\APP\Lib\Action\Admin\LoginAction.class.php 第 62 行.
NOTIC: [8] Array to string conversion D:\Dropbox-List\Net\Dropbox\WebDev\xampp\htdocs\php_demo\shizhan\10\10wish\APP\Lib\Action\Admin\LoginAction.class.php 第 62 行.

[ 2014-07-28T22:26:05+08:00 ] 127.0.0.1 /php_demo/shizhan/10/10wish/index.php/Admin/Login/checkcode
INFO: [ route_check ] --START--
INFO: CheckRoute Behavior ::run [ RunTime:0.001000s ]
INFO: [ route_check ] --END-- [ RunTime:0.002000s ]
INFO: [ app_begin ] --START--
INFO: ReadHtmlCache Behavior ::run [ RunTime:0.001000s ]
INFO: [ app_begin ] --END-- [ RunTime:0.001000s ]
NOTIC: [8] A session had already been started - ignoring session_start() D:\Dropbox-List\Net\Dropbox\WebDev\xampp\htdocs\php_demo\shizhan\10\10wish\APP\Lib\Action\Admin\LoginAction.class.php 第 5 行.
NOTIC: [8] Use of undefined constant verify - assumed 'verify' D:\Dropbox-List\Net\Dropbox\WebDev\xampp\htdocs\php_demo\shizhan\10\10wish\APP\Lib\Action\Admin\LoginAction.class.php 第 62 行.
NOTIC: [8] Array to string conversion D:\Dropbox-List\Net\Dropbox\WebDev\xampp\htdocs\php_demo\shizhan\10\10wish\APP\Lib\Action\Admin\LoginAction.class.php 第 62 行.

[ 2014-07-28T22:26:05+08:00 ] 127.0.0.1 /php_demo/shizhan/10/10wish/index.php/Admin/Login/login
INFO: [ route_check ] --START--
INFO: CheckRoute Behavior ::run [ RunTime:0.002000s ]
INFO: [ route_check ] --END-- [ RunTime:0.002000s ]
INFO: [ app_begin ] --START--
INFO: ReadHtmlCache Behavior ::run [ RunTime:0.001000s ]
INFO: [ app_begin ] --END-- [ RunTime:0.002000s ]
NOTIC: [8] A session had already been started - ignoring session_start() D:\Dropbox-List\Net\Dropbox\WebDev\xampp\htdocs\php_demo\shizhan\10\10wish\APP\Lib\Action\Admin\LoginAction.class.php 第 5 行.
SQL: SHOW COLUMNS FROM `tp_user` [ RunTime:0.003000s ]
SQL: SELECT * FROM `tp_user` WHERE ( `username` = 'admin' ) LIMIT 1   [ RunTime:0.000000s ]
NOTIC: [8] Use of undefined constant user - assumed 'user' D:\Dropbox-List\Net\Dropbox\WebDev\xampp\htdocs\php_demo\shizhan\10\10wish\APP\Lib\Action\Admin\LoginAction.class.php 第 32 行.
SQL: UPDATE `tp_user` SET `loginip`='127.0.0.1' WHERE ( `id` = 1 ) [ RunTime:0.000000s ]

[ 2014-07-28T22:26:05+08:00 ] 127.0.0.1 /php_demo/shizhan/10/10wish/index.php/Admin/Index/index.html
INFO: [ route_check ] --START--
INFO: CheckRoute Behavior ::run [ RunTime:0.002000s ]
INFO: [ route_check ] --END-- [ RunTime:0.002000s ]
INFO: [ app_begin ] --START--
INFO: ReadHtmlCache Behavior ::run [ RunTime:0.001000s ]
INFO: [ app_begin ] --END-- [ RunTime:0.001000s ]
INFO: [ view_parse ] --START--
INFO: ParseTemplate Behavior ::run [ RunTime:0.011001s ]
INFO: [ view_parse ] --END-- [ RunTime:0.012001s ]
INFO: [ view_filter ] --START--
INFO: ContentReplace Behavior ::run [ RunTime:0.001000s ]
INFO: TokenBuild Behavior ::run [ RunTime:0.001000s ]
INFO: WriteHtmlCache Behavior ::run [ RunTime:0.001000s ]
INFO: ShowRuntime Behavior ::run [ RunTime:0.001000s ]
INFO: [ view_filter ] --END-- [ RunTime:0.006000s ]
INFO: [ view_end ] --START--
INFO: ShowPageTrace Behavior ::run [ RunTime:0.001000s ]
INFO: [ view_end ] --END-- [ RunTime:0.001000s ]

[ 2014-07-28T22:26:14+08:00 ] 127.0.0.1 /php_demo/shizhan/10/10wish/index.php/Admin/Login/checkcode
INFO: [ route_check ] --START--
INFO: CheckRoute Behavior ::run [ RunTime:0.001000s ]
INFO: [ route_check ] --END-- [ RunTime:0.002000s ]
INFO: [ app_begin ] --START--
INFO: ReadHtmlCache Behavior ::run [ RunTime:0.001000s ]
INFO: [ app_begin ] --END-- [ RunTime:0.001000s ]
NOTIC: [8] A session had already been started - ignoring session_start() D:\Dropbox-List\Net\Dropbox\WebDev\xampp\htdocs\php_demo\shizhan\10\10wish\APP\Lib\Action\Admin\LoginAction.class.php 第 5 行.
NOTIC: [8] Use of undefined constant verify - assumed 'verify' D:\Dropbox-List\Net\Dropbox\WebDev\xampp\htdocs\php_demo\shizhan\10\10wish\APP\Lib\Action\Admin\LoginAction.class.php 第 62 行.
NOTIC: [8] Array to string conversion D:\Dropbox-List\Net\Dropbox\WebDev\xampp\htdocs\php_demo\shizhan\10\10wish\APP\Lib\Action\Admin\LoginAction.class.php 第 62 行.

[ 2014-07-28T22:29:59+08:00 ] 127.0.0.1 /php_demo/shizhan/10/10wish/index.php/Admin/Login/checkcode
INFO: [ route_check ] --START--
INFO: CheckRoute Behavior ::run [ RunTime:0.001000s ]
INFO: [ route_check ] --END-- [ RunTime:0.002000s ]
INFO: [ app_begin ] --START--
INFO: ReadHtmlCache Behavior ::run [ RunTime:0.002000s ]
INFO: [ app_begin ] --END-- [ RunTime:0.002000s ]
NOTIC: [8] A session had already been started - ignoring session_start() D:\Dropbox-List\Net\Dropbox\WebDev\xampp\htdocs\php_demo\shizhan\10\10wish\APP\Lib\Action\Admin\LoginAction.class.php 第 5 行.
NOTIC: [8] Use of undefined constant verify - assumed 'verify' D:\Dropbox-List\Net\Dropbox\WebDev\xampp\htdocs\php_demo\shizhan\10\10wish\APP\Lib\Action\Admin\LoginAction.class.php 第 62 行.
NOTIC: [8] Array to string conversion D:\Dropbox-List\Net\Dropbox\WebDev\xampp\htdocs\php_demo\shizhan\10\10wish\APP\Lib\Action\Admin\LoginAction.class.php 第 62 行.

[ 2014-07-28T22:30:14+08:00 ] 127.0.0.1 /php_demo/shizhan/10/10wish/index.php/Admin/Login
INFO: [ route_check ] --START--
INFO: CheckRoute Behavior ::run [ RunTime:0.002000s ]
INFO: [ route_check ] --END-- [ RunTime:0.002000s ]
INFO: [ app_begin ] --START--
INFO: ReadHtmlCache Behavior ::run [ RunTime:0.001000s ]
INFO: [ app_begin ] --END-- [ RunTime:0.001000s ]
INFO: [ view_parse ] --START--
INFO: ParseTemplate Behavior ::run [ RunTime:0.022002s ]
INFO: [ view_parse ] --END-- [ RunTime:0.023002s ]
INFO: [ view_filter ] --START--
INFO: ContentReplace Behavior ::run [ RunTime:0.001000s ]
INFO: TokenBuild Behavior ::run [ RunTime:0.001000s ]
INFO: WriteHtmlCache Behavior ::run [ RunTime:0.001000s ]
INFO: ShowRuntime Behavior ::run [ RunTime:0.002000s ]
INFO: [ view_filter ] --END-- [ RunTime:0.006000s ]
INFO: [ view_end ] --START--
INFO: ShowPageTrace Behavior ::run [ RunTime:0.001000s ]
INFO: [ view_end ] --END-- [ RunTime:0.001000s ]

[ 2014-07-28T22:30:14+08:00 ] 127.0.0.1 /php_demo/shizhan/10/10wish/index.php/Admin/Login/vertify.html
INFO: [ route_check ] --START--
INFO: CheckRoute Behavior ::run [ RunTime:0.001000s ]
INFO: [ route_check ] --END-- [ RunTime:0.002000s ]
INFO: [ app_begin ] --START--
INFO: ReadHtmlCache Behavior ::run [ RunTime:0.001000s ]
INFO: [ app_begin ] --END-- [ RunTime:0.002000s ]

[ 2014-07-28T22:30:18+08:00 ] 127.0.0.1 /php_demo/shizhan/10/10wish/index.php/Admin/Login/checkcode
INFO: [ route_check ] --START--
INFO: CheckRoute Behavior ::run [ RunTime:0.002000s ]
INFO: [ route_check ] --END-- [ RunTime:0.002000s ]
INFO: [ app_begin ] --START--
INFO: ReadHtmlCache Behavior ::run [ RunTime:0.001000s ]
INFO: [ app_begin ] --END-- [ RunTime:0.002000s ]
NOTIC: [8] Use of undefined constant verify - assumed 'verify' D:\Dropbox-List\Net\Dropbox\WebDev\xampp\htdocs\php_demo\shizhan\10\10wish\APP\Lib\Action\Admin\LoginAction.class.php 第 62 行.
NOTIC: [8] Array to string conversion D:\Dropbox-List\Net\Dropbox\WebDev\xampp\htdocs\php_demo\shizhan\10\10wish\APP\Lib\Action\Admin\LoginAction.class.php 第 62 行.

[ 2014-07-28T22:30:19+08:00 ] 127.0.0.1 /php_demo/shizhan/10/10wish/index.php/Admin/Login/login
INFO: [ route_check ] --START--
INFO: CheckRoute Behavior ::run [ RunTime:0.001000s ]
INFO: [ route_check ] --END-- [ RunTime:0.001000s ]
INFO: [ app_begin ] --START--
INFO: ReadHtmlCache Behavior ::run [ RunTime:0.002001s ]
INFO: [ app_begin ] --END-- [ RunTime:0.002001s ]
SQL: SHOW COLUMNS FROM `tp_user` [ RunTime:0.003000s ]
SQL: SELECT * FROM `tp_user` WHERE ( `username` = 'admin' ) LIMIT 1   [ RunTime:0.001000s ]
NOTIC: [8] Use of undefined constant user - assumed 'user' D:\Dropbox-List\Net\Dropbox\WebDev\xampp\htdocs\php_demo\shizhan\10\10wish\APP\Lib\Action\Admin\LoginAction.class.php 第 32 行.
SQL: UPDATE `tp_user` SET `loginip`='127.0.0.1' WHERE ( `id` = 1 ) [ RunTime:0.000000s ]

[ 2014-07-28T22:30:20+08:00 ] 127.0.0.1 /php_demo/shizhan/10/10wish/index.php/Admin/Index/index.html
INFO: [ route_check ] --START--
INFO: CheckRoute Behavior ::run [ RunTime:0.001000s ]
INFO: [ route_check ] --END-- [ RunTime:0.002000s ]
INFO: [ app_begin ] --START--
INFO: ReadHtmlCache Behavior ::run [ RunTime:0.002000s ]
INFO: [ app_begin ] --END-- [ RunTime:0.002000s ]
INFO: [ view_parse ] --START--
INFO: ParseTemplate Behavior ::run [ RunTime:0.018001s ]
INFO: [ view_parse ] --END-- [ RunTime:0.020001s ]
INFO: [ view_filter ] --START--
INFO: ContentReplace Behavior ::run [ RunTime:0.002000s ]
INFO: TokenBuild Behavior ::run [ RunTime:0.002001s ]
INFO: WriteHtmlCache Behavior ::run [ RunTime:0.002000s ]
INFO: ShowRuntime Behavior ::run [ RunTime:0.001000s ]
INFO: [ view_filter ] --END-- [ RunTime:0.007001s ]
INFO: [ view_end ] --START--
INFO: ShowPageTrace Behavior ::run [ RunTime:0.002000s ]
INFO: [ view_end ] --END-- [ RunTime:0.002000s ]

[ 2014-07-28T22:30:47+08:00 ] 127.0.0.1 /php_demo/shizhan/10/10wish/index.php/Admin/Login
INFO: [ route_check ] --START--
INFO: CheckRoute Behavior ::run [ RunTime:0.001000s ]
INFO: [ route_check ] --END-- [ RunTime:0.002000s ]
INFO: [ app_begin ] --START--
INFO: ReadHtmlCache Behavior ::run [ RunTime:0.001000s ]
INFO: [ app_begin ] --END-- [ RunTime:0.001000s ]
INFO: [ view_parse ] --START--
INFO: ParseTemplate Behavior ::run [ RunTime:0.021001s ]
INFO: [ view_parse ] --END-- [ RunTime:0.022001s ]
INFO: [ view_filter ] --START--
INFO: ContentReplace Behavior ::run [ RunTime:0.001000s ]
INFO: TokenBuild Behavior ::run [ RunTime:0.002001s ]
INFO: WriteHtmlCache Behavior ::run [ RunTime:0.000000s ]
INFO: ShowRuntime Behavior ::run [ RunTime:0.001000s ]
INFO: [ view_filter ] --END-- [ RunTime:0.005001s ]
INFO: [ view_end ] --START--
INFO: ShowPageTrace Behavior ::run [ RunTime:0.001000s ]
INFO: [ view_end ] --END-- [ RunTime:0.001000s ]

[ 2014-07-28T22:30:47+08:00 ] 127.0.0.1 /php_demo/shizhan/10/10wish/index.php/Admin/Login/vertify.html
INFO: [ route_check ] --START--
INFO: CheckRoute Behavior ::run [ RunTime:0.001000s ]
INFO: [ route_check ] --END-- [ RunTime:0.001000s ]
INFO: [ app_begin ] --START--
INFO: ReadHtmlCache Behavior ::run [ RunTime:0.001000s ]
INFO: [ app_begin ] --END-- [ RunTime:0.002000s ]

[ 2014-07-28T22:30:50+08:00 ] 127.0.0.1 /php_demo/shizhan/10/10wish/index.php/Admin/Login/checkcode
INFO: [ route_check ] --START--
INFO: CheckRoute Behavior ::run [ RunTime:0.001000s ]
INFO: [ route_check ] --END-- [ RunTime:0.001000s ]
INFO: [ app_begin ] --START--
INFO: ReadHtmlCache Behavior ::run [ RunTime:0.001001s ]
INFO: [ app_begin ] --END-- [ RunTime:0.001001s ]
NOTIC: [8] Use of undefined constant verify - assumed 'verify' D:\Dropbox-List\Net\Dropbox\WebDev\xampp\htdocs\php_demo\shizhan\10\10wish\APP\Lib\Action\Admin\LoginAction.class.php 第 61 行.
NOTIC: [8] Array to string conversion D:\Dropbox-List\Net\Dropbox\WebDev\xampp\htdocs\php_demo\shizhan\10\10wish\APP\Lib\Action\Admin\LoginAction.class.php 第 61 行.

[ 2014-07-28T22:30:50+08:00 ] 127.0.0.1 /php_demo/shizhan/10/10wish/index.php/Admin/Login/login
INFO: [ route_check ] --START--
INFO: CheckRoute Behavior ::run [ RunTime:0.001000s ]
INFO: [ route_check ] --END-- [ RunTime:0.001000s ]
INFO: [ app_begin ] --START--
INFO: ReadHtmlCache Behavior ::run [ RunTime:0.001000s ]
INFO: [ app_begin ] --END-- [ RunTime:0.001000s ]
SQL: SHOW COLUMNS FROM `tp_user` [ RunTime:0.003000s ]
SQL: SELECT * FROM `tp_user` WHERE ( `username` = 'admin' ) LIMIT 1   [ RunTime:0.001000s ]
NOTIC: [8] Use of undefined constant user - assumed 'user' D:\Dropbox-List\Net\Dropbox\WebDev\xampp\htdocs\php_demo\shizhan\10\10wish\APP\Lib\Action\Admin\LoginAction.class.php 第 31 行.
SQL: UPDATE `tp_user` SET `loginip`='127.0.0.1' WHERE ( `id` = 1 ) [ RunTime:0.000000s ]

[ 2014-07-28T22:30:50+08:00 ] 127.0.0.1 /php_demo/shizhan/10/10wish/index.php/Admin/Index/index.html
INFO: [ route_check ] --START--
INFO: CheckRoute Behavior ::run [ RunTime:0.001000s ]
INFO: [ route_check ] --END-- [ RunTime:0.001000s ]
INFO: [ app_begin ] --START--
INFO: ReadHtmlCache Behavior ::run [ RunTime:0.001000s ]
INFO: [ app_begin ] --END-- [ RunTime:0.001000s ]
INFO: [ view_parse ] --START--
INFO: ParseTemplate Behavior ::run [ RunTime:0.012000s ]
INFO: [ view_parse ] --END-- [ RunTime:0.013000s ]
INFO: [ view_filter ] --START--
INFO: ContentReplace Behavior ::run [ RunTime:0.002000s ]
INFO: TokenBuild Behavior ::run [ RunTime:0.001000s ]
INFO: WriteHtmlCache Behavior ::run [ RunTime:0.001001s ]
INFO: ShowRuntime Behavior ::run [ RunTime:0.001000s ]
INFO: [ view_filter ] --END-- [ RunTime:0.006001s ]
INFO: [ view_end ] --START--
INFO: ShowPageTrace Behavior ::run [ RunTime:0.001000s ]
INFO: [ view_end ] --END-- [ RunTime:0.001000s ]

